#
# There is insufficient memory for the Java Runtime Environment to continue.
# Native memory allocation (mmap) failed to map 58720256 bytes for Failed to commit area from 0x000000008de00000 to 0x0000000091600000 of length 58720256.
# Possible reasons:
#   The system is out of physical RAM or swap space
#   The process is running with CompressedOops enabled, and the Java Heap may be blocking the growth of the native heap
# Possible solutions:
#   Reduce memory load on the system
#   Increase physical memory or swap space
#   Check if swap backing store is full
#   Decrease Java heap size (-Xmx/-Xms)
#   Decrease number of Java threads
#   Decrease Java thread stack sizes (-Xss)
#   Set larger code cache with -XX:ReservedCodeCacheSize=
#   JVM is running with Unscaled Compressed Oops mode in which the Java heap is
#     placed in the first 4GB address space. The Java Heap base address is the
#     maximum limit for the native heap growth. Please use -XX:HeapBaseMinAddress
#     to set the Java Heap base and to place the Java Heap above 4GB virtual address.
# This output file may be truncated or incomplete.
#
#  Out of Memory Error (./src/hotspot/os/windows/os_windows.cpp:3303), pid=13680, tid=15152
#
# JRE version: OpenJDK Runtime Environment (11.0.8+10) (build 11.0.8+10-b944.6842174)
# Java VM: OpenJDK 64-Bit Server VM (11.0.8+10-b944.6842174, mixed mode, tiered, compressed oops, g1 gc, windows-amd64)
# No core dump will be written. Minidumps are not enabled by default on client versions of Windows
#

---------------  S U M M A R Y ------------

Command Line: --add-opens=java.base/java.util=ALL-UNNAMED --add-opens=java.base/java.lang=ALL-UNNAMED --add-opens=java.base/java.lang.invoke=ALL-UNNAMED --add-opens=java.prefs/java.util.prefs=ALL-UNNAMED -Xmx2048m -Dfile.encoding=UTF-8 -Duser.country=IN -Duser.language=en -Duser.variant org.gradle.launcher.daemon.bootstrap.GradleDaemon 6.7.1

Host: Intel(R) Core(TM) i5-6300U CPU @ 2.40GHz, 4 cores, 7G,  Windows 10 , 64 bit Build 19041 (10.0.19041.928)
Time: Thu Jun 10 02:39:30 2021 India Standard Time elapsed time: 24 seconds (0d 0h 0m 24s)

---------------  T H R E A D  ---------------

Current thread (0x00000249ca439000):  VMThread "VM Thread" [stack: 0x000000664ea00000,0x000000664eb00000] [id=15152]

Stack: [0x000000664ea00000,0x000000664eb00000]
[error occurred during error reporting (printing stack bounds), id 0xc0000005, EXCEPTION_ACCESS_VIOLATION (0xc0000005) at pc=0x00000249b3c10dad]

Native frames: (J=compiled Java code, j=interpreted, Vv=VM code, C=native code)
V  [jvm.dll+0x5de50a]
V  [jvm.dll+0x7122f5]
V  [jvm.dll+0x71384d]
V  [jvm.dll+0x713e65]
V  [jvm.dll+0x713e1b]
V  [jvm.dll+0x5dd958]
V  [jvm.dll+0x5de0f8]
C  [ntdll.dll+0xa217f]
C  [ntdll.dll+0x51454]
C  [ntdll.dll+0xa0cae]
C  0x00000249b3c10dad

VM_Operation (0x0000006657ffc910): G1CollectForAllocation, mode: safepoint, requested by thread 0x00000249cfb2b000


---------------  P R O C E S S  ---------------

Threads class SMR info:
_java_thread_list=0x00000249d450f3c0, length=151, elements={
0x00000249b028a000, 0x00000249ca43e000, 0x00000249ca449800, 0x00000249cadd2800,
0x00000249ca468800, 0x00000249ca46a000, 0x00000249ca472800, 0x00000249ca47d000,
0x00000249caf17800, 0x00000249caf40800, 0x00000249cc6a5800, 0x00000249cb7af800,
0x00000249cc254800, 0x00000249cc2f0800, 0x00000249cc049000, 0x00000249ccb5e800,
0x00000249cbf11800, 0x00000249cca98800, 0x00000249cca61800, 0x00000249cca64800,
0x00000249cca65800, 0x00000249cca62000, 0x00000249cca66800, 0x00000249cca63000,
0x00000249cca64000, 0x00000249cca60800, 0x00000249cca67000, 0x00000249cf2c2800,
0x00000249cd2af000, 0x00000249cd2b0000, 0x00000249cd2b1000, 0x00000249cd2b3800,
0x00000249cd2b1800, 0x00000249cd2b2800, 0x00000249cd2ad800, 0x00000249cd2b4000,
0x00000249cd21e800, 0x00000249cd21e000, 0x00000249cd221000, 0x00000249cd21c000,
0x00000249cd222800, 0x00000249cd222000, 0x00000249cd21d000, 0x00000249cd224800,
0x00000249cd225000, 0x00000249cd223800, 0x00000249cd220800, 0x00000249cd21f800,
0x00000249cd229800, 0x00000249cd22a000, 0x00000249cd226000, 0x00000249cd227000,
0x00000249cd227800, 0x00000249cd228800, 0x00000249cd22b000, 0x00000249cfdd7000,
0x00000249cfdd7800, 0x00000249cfdd3800, 0x00000249cfdd4800, 0x00000249cfdd5000,
0x00000249cfdd6000, 0x00000249cfdd2000, 0x00000249cfdd8800, 0x00000249cfdd3000,
0x00000249cfddd800, 0x00000249cfdd9800, 0x00000249cfddc800, 0x00000249cfdde000,
0x00000249cfddf000, 0x00000249cfddb000, 0x00000249cfddc000, 0x00000249cfde0000,
0x00000249cfdda000, 0x00000249cfde0800, 0x00000249cf4bf000, 0x00000249cf4bb800,
0x00000249cf4b9800, 0x00000249cf4c0000, 0x00000249cf4bb000, 0x00000249cf4bc800,
0x00000249cf4ba000, 0x00000249cf4be000, 0x00000249cf4c0800, 0x00000249cf4c3000,
0x00000249cf4c1800, 0x00000249cf4c2000, 0x00000249cf4bd800, 0x00000249cf4c4000,
0x00000249cf4c4800, 0x00000249cf4c8000, 0x00000249cf4c5800, 0x00000249cf4c6800,
0x00000249cf4c7000, 0x00000249cf690800, 0x00000249cf691800, 0x00000249cf68f800,
0x00000249cf68e000, 0x00000249cf692000, 0x00000249cf693000, 0x00000249cf68d800,
0x00000249cf694000, 0x00000249cf68f000, 0x00000249cf699800, 0x00000249cf69a800,
0x00000249cf695800, 0x00000249cf694800, 0x00000249cf69c000, 0x00000249cf69b000,
0x00000249cf697000, 0x00000249cf696800, 0x00000249cf698000, 0x00000249cf698800,
0x00000249cd58c800, 0x00000249cd590000, 0x00000249cd58d800, 0x00000249cd58e000,
0x00000249cd58f000, 0x00000249cd58b800, 0x00000249cd58a000, 0x00000249cd590800,
0x00000249cd58b000, 0x00000249cd597000, 0x00000249cd592000, 0x00000249cd594800,
0x00000249cd591800, 0x00000249cd598000, 0x00000249cd599000, 0x00000249cd593000,
0x00000249cd595800, 0x00000249cd594000, 0x00000249cd596800, 0x00000249cfb21000,
0x00000249cfb22000, 0x00000249cfb23800, 0x00000249cfb20800, 0x00000249cfb24800,
0x00000249cfb23000, 0x00000249cfb26000, 0x00000249cfb28800, 0x00000249cfb29800,
0x00000249cfb27000, 0x00000249cfb2b000, 0x00000249cfb27800, 0x00000249cfb2a000,
0x00000249cfb25800, 0x00000249cfb2f000, 0x00000249cfb2c800, 0x00000249cfb2c000,
0x00000249cfb2d800, 0x00000249cfbe8800, 0x00000249cfbeb800
}

Java Threads: ( => current thread )
  0x00000249b028a000 JavaThread "main" [_thread_blocked, id=14120, stack(0x000000664e400000,0x000000664e500000)]
  0x00000249ca43e000 JavaThread "Reference Handler" daemon [_thread_blocked, id=12040, stack(0x000000664eb00000,0x000000664ec00000)]
  0x00000249ca449800 JavaThread "Finalizer" daemon [_thread_blocked, id=11860, stack(0x000000664ec00000,0x000000664ed00000)]
  0x00000249cadd2800 JavaThread "Signal Dispatcher" daemon [_thread_blocked, id=14928, stack(0x000000664ed00000,0x000000664ee00000)]
  0x00000249ca468800 JavaThread "Attach Listener" daemon [_thread_blocked, id=10412, stack(0x000000664ee00000,0x000000664ef00000)]
  0x00000249ca46a000 JavaThread "C2 CompilerThread0" daemon [_thread_blocked, id=10940, stack(0x000000664ef00000,0x000000664f000000)]
  0x00000249ca472800 JavaThread "C1 CompilerThread0" daemon [_thread_blocked, id=11924, stack(0x000000664f000000,0x000000664f100000)]
  0x00000249ca47d000 JavaThread "Sweeper thread" daemon [_thread_blocked, id=6708, stack(0x000000664f100000,0x000000664f200000)]
  0x00000249caf17800 JavaThread "Common-Cleaner" daemon [_thread_blocked, id=8500, stack(0x000000664f200000,0x000000664f300000)]
  0x00000249caf40800 JavaThread "Service Thread" daemon [_thread_blocked, id=7508, stack(0x000000664f300000,0x000000664f400000)]
  0x00000249cc6a5800 JavaThread "Daemon health stats" [_thread_blocked, id=13656, stack(0x000000664f800000,0x000000664f900000)]
  0x00000249cb7af800 JavaThread "Incoming local TCP Connector on port 62071" [_thread_in_native, id=3800, stack(0x000000664fa00000,0x000000664fb00000)]
  0x00000249cc254800 JavaThread "Daemon periodic checks" [_thread_blocked, id=11804, stack(0x000000664fb00000,0x000000664fc00000)]
  0x00000249cc2f0800 JavaThread "Daemon" [_thread_blocked, id=9240, stack(0x000000664fc00000,0x000000664fd00000)]
  0x00000249cc049000 JavaThread "Handler for socket connection from /127.0.0.1:62071 to /127.0.0.1:62072" [_thread_in_native, id=996, stack(0x000000664fd00000,0x000000664fe00000)]
  0x00000249ccb5e800 JavaThread "Cancel handler" [_thread_blocked, id=2932, stack(0x000000664fe00000,0x000000664ff00000)]
  0x00000249cbf11800 JavaThread "Daemon worker" [_thread_blocked, id=6112, stack(0x000000664ff00000,0x0000006650000000)]
  0x00000249cca98800 JavaThread "Asynchronous log dispatcher for DefaultDaemonConnection: socket connection from /127.0.0.1:62071 to /127.0.0.1:62072" [_thread_blocked, id=10408, stack(0x0000006650000000,0x0000006650100000)]
  0x00000249cca61800 JavaThread "Stdin handler" [_thread_blocked, id=12408, stack(0x0000006650100000,0x0000006650200000)]
  0x00000249cca64800 JavaThread "Thread-8" [_thread_blocked, id=6528, stack(0x0000006650200000,0x0000006650300000)]
  0x00000249cca65800 JavaThread "Cache worker for file hash cache (C:\Users\Admin\.gradle\caches\6.7.1\fileHashes)" [_thread_blocked, id=1808, stack(0x0000006650400000,0x0000006650500000)]
  0x00000249cca62000 JavaThread "File lock request listener" [_thread_in_native, id=1800, stack(0x0000006650500000,0x0000006650600000)]
  0x00000249cca66800 JavaThread "Cache worker for journal cache (C:\Users\Admin\.gradle\caches\journal-1)" [_thread_blocked, id=5140, stack(0x0000006650600000,0x0000006650700000)]
  0x00000249cca63000 JavaThread "Cache worker for file hash cache (C:\Users\Admin\AndroidStudioProjects\CreamixShoppingApp\.gradle\6.7.1\fileHashes)" [_thread_blocked, id=1936, stack(0x0000006650800000,0x0000006650900000)]
  0x00000249cca64000 JavaThread "Cache worker for checksums cache (C:\Users\Admin\AndroidStudioProjects\CreamixShoppingApp\.gradle\checksums)" [_thread_blocked, id=10088, stack(0x0000006650700000,0x0000006650800000)]
  0x00000249cca60800 JavaThread "Cache worker for cache directory md-supplier (C:\Users\Admin\.gradle\caches\6.7.1\md-supplier)" [_thread_blocked, id=9420, stack(0x0000006650900000,0x0000006650a00000)]
  0x00000249cca67000 JavaThread "Cache worker for cache directory md-rule (C:\Users\Admin\.gradle\caches\6.7.1\md-rule)" [_thread_blocked, id=15100, stack(0x0000006650a00000,0x0000006650b00000)]
  0x00000249cf2c2800 JavaThread "C2 CompilerThread1" daemon [_thread_in_native, id=11932, stack(0x0000006650b00000,0x0000006650c00000)]
  0x00000249cd2af000 JavaThread "Cache worker for execution history cache (C:\Users\Admin\.gradle\caches\6.7.1\executionHistory)" [_thread_blocked, id=13436, stack(0x0000006650c00000,0x0000006650d00000)]
  0x00000249cd2b0000 JavaThread "jar transforms" [_thread_blocked, id=4820, stack(0x0000006650d00000,0x0000006650e00000)]
  0x00000249cd2b1000 JavaThread "Cache worker for file content cache (C:\Users\Admin\.gradle\caches\6.7.1\fileContent)" [_thread_blocked, id=7384, stack(0x0000006650e00000,0x0000006650f00000)]
  0x00000249cd2b3800 JavaThread "Cache worker for Build Output Cleanup Cache (C:\Users\Admin\AndroidStudioProjects\CreamixShoppingApp\.gradle\buildOutputCleanup)" [_thread_blocked, id=10848, stack(0x0000006650f00000,0x0000006651000000)]
  0x00000249cd2b1800 JavaThread "Build operations" [_thread_blocked, id=10360, stack(0x0000006651000000,0x0000006651100000)]
  0x00000249cd2b2800 JavaThread "Build operations Thread 2" [_thread_blocked, id=7448, stack(0x0000006651100000,0x0000006651200000)]
  0x00000249cd2ad800 JavaThread "Build operations Thread 3" [_thread_blocked, id=7444, stack(0x0000006651200000,0x0000006651300000)]
  0x00000249cd2b4000 JavaThread "Build operations Thread 4" [_thread_blocked, id=12008, stack(0x0000006651300000,0x0000006651400000)]
  0x00000249cd21e800 JavaThread "jar transforms Thread 2" [_thread_blocked, id=1584, stack(0x0000006651400000,0x0000006651500000)]
  0x00000249cd21e000 JavaThread "jar transforms Thread 3" [_thread_blocked, id=8564, stack(0x0000006651500000,0x0000006651600000)]
  0x00000249cd221000 JavaThread "jar transforms Thread 4" [_thread_blocked, id=12840, stack(0x0000006651600000,0x0000006651700000)]
  0x00000249cd21c000 JavaThread "jar transforms Thread 5" [_thread_blocked, id=14280, stack(0x0000006651700000,0x0000006651800000)]
  0x00000249cd222800 JavaThread "jar transforms Thread 6" [_thread_blocked, id=13664, stack(0x0000006651800000,0x0000006651900000)]
  0x00000249cd222000 JavaThread "jar transforms Thread 7" [_thread_blocked, id=8380, stack(0x0000006651900000,0x0000006651a00000)]
  0x00000249cd21d000 JavaThread "jar transforms Thread 8" [_thread_blocked, id=10464, stack(0x0000006651a00000,0x0000006651b00000)]
  0x00000249cd224800 JavaThread "jar transforms Thread 9" [_thread_blocked, id=2428, stack(0x0000006651b00000,0x0000006651c00000)]
  0x00000249cd225000 JavaThread "jar transforms Thread 10" [_thread_blocked, id=9980, stack(0x0000006651c00000,0x0000006651d00000)]
  0x00000249cd223800 JavaThread "jar transforms Thread 11" [_thread_blocked, id=7580, stack(0x0000006651d00000,0x0000006651e00000)]
  0x00000249cd220800 JavaThread "jar transforms Thread 12" [_thread_blocked, id=3932, stack(0x0000006651e00000,0x0000006651f00000)]
  0x00000249cd21f800 JavaThread "jar transforms Thread 13" [_thread_blocked, id=13524, stack(0x0000006651f00000,0x0000006652000000)]
  0x00000249cd229800 JavaThread "jar transforms Thread 14" [_thread_blocked, id=12576, stack(0x0000006652000000,0x0000006652100000)]
  0x00000249cd22a000 JavaThread "jar transforms Thread 15" [_thread_blocked, id=12168, stack(0x0000006652100000,0x0000006652200000)]
  0x00000249cd226000 JavaThread "jar transforms Thread 16" [_thread_blocked, id=10480, stack(0x0000006652200000,0x0000006652300000)]
  0x00000249cd227000 JavaThread "jar transforms Thread 17" [_thread_blocked, id=12872, stack(0x0000006652300000,0x0000006652400000)]
  0x00000249cd227800 JavaThread "jar transforms Thread 18" [_thread_blocked, id=11284, stack(0x0000006652400000,0x0000006652500000)]
  0x00000249cd228800 JavaThread "jar transforms Thread 19" [_thread_blocked, id=15164, stack(0x0000006652500000,0x0000006652600000)]
  0x00000249cd22b000 JavaThread "jar transforms Thread 20" [_thread_blocked, id=9780, stack(0x0000006652600000,0x0000006652700000)]
  0x00000249cfdd7000 JavaThread "jar transforms Thread 21" [_thread_blocked, id=9132, stack(0x0000006652700000,0x0000006652800000)]
  0x00000249cfdd7800 JavaThread "jar transforms Thread 22" [_thread_blocked, id=11280, stack(0x0000006652800000,0x0000006652900000)]
  0x00000249cfdd3800 JavaThread "jar transforms Thread 23" [_thread_blocked, id=11732, stack(0x0000006652900000,0x0000006652a00000)]
  0x00000249cfdd4800 JavaThread "jar transforms Thread 24" [_thread_blocked, id=9564, stack(0x0000006652a00000,0x0000006652b00000)]
  0x00000249cfdd5000 JavaThread "jar transforms Thread 25" [_thread_blocked, id=11712, stack(0x0000006652b00000,0x0000006652c00000)]
  0x00000249cfdd6000 JavaThread "jar transforms Thread 26" [_thread_blocked, id=7724, stack(0x0000006652c00000,0x0000006652d00000)]
  0x00000249cfdd2000 JavaThread "jar transforms Thread 27" [_thread_blocked, id=13944, stack(0x0000006652d00000,0x0000006652e00000)]
  0x00000249cfdd8800 JavaThread "jar transforms Thread 28" [_thread_blocked, id=15140, stack(0x0000006652e00000,0x0000006652f00000)]
  0x00000249cfdd3000 JavaThread "jar transforms Thread 29" [_thread_blocked, id=11968, stack(0x0000006652f00000,0x0000006653000000)]
  0x00000249cfddd800 JavaThread "jar transforms Thread 30" [_thread_blocked, id=12792, stack(0x0000006653000000,0x0000006653100000)]
  0x00000249cfdd9800 JavaThread "jar transforms Thread 31" [_thread_blocked, id=7920, stack(0x0000006653100000,0x0000006653200000)]
  0x00000249cfddc800 JavaThread "jar transforms Thread 32" [_thread_blocked, id=9388, stack(0x0000006653200000,0x0000006653300000)]
  0x00000249cfdde000 JavaThread "jar transforms Thread 33" [_thread_blocked, id=3248, stack(0x0000006653300000,0x0000006653400000)]
  0x00000249cfddf000 JavaThread "jar transforms Thread 34" [_thread_blocked, id=7948, stack(0x0000006653400000,0x0000006653500000)]
  0x00000249cfddb000 JavaThread "jar transforms Thread 35" [_thread_blocked, id=10256, stack(0x0000006653500000,0x0000006653600000)]
  0x00000249cfddc000 JavaThread "jar transforms Thread 36" [_thread_blocked, id=10384, stack(0x0000006653600000,0x0000006653700000)]
  0x00000249cfde0000 JavaThread "jar transforms Thread 37" [_thread_blocked, id=14692, stack(0x0000006653700000,0x0000006653800000)]
  0x00000249cfdda000 JavaThread "jar transforms Thread 38" [_thread_blocked, id=10356, stack(0x0000006653800000,0x0000006653900000)]
  0x00000249cfde0800 JavaThread "jar transforms Thread 39" [_thread_blocked, id=14492, stack(0x0000006653900000,0x0000006653a00000)]
  0x00000249cf4bf000 JavaThread "jar transforms Thread 40" [_thread_blocked, id=2184, stack(0x0000006653a00000,0x0000006653b00000)]
  0x00000249cf4bb800 JavaThread "jar transforms Thread 41" [_thread_blocked, id=10836, stack(0x0000006653b00000,0x0000006653c00000)]
  0x00000249cf4b9800 JavaThread "jar transforms Thread 42" [_thread_blocked, id=14436, stack(0x0000006653c00000,0x0000006653d00000)]
  0x00000249cf4c0000 JavaThread "jar transforms Thread 43" [_thread_blocked, id=11200, stack(0x0000006653d00000,0x0000006653e00000)]
  0x00000249cf4bb000 JavaThread "jar transforms Thread 44" [_thread_blocked, id=12692, stack(0x0000006653e00000,0x0000006653f00000)]
  0x00000249cf4bc800 JavaThread "jar transforms Thread 45" [_thread_blocked, id=4712, stack(0x0000006653f00000,0x0000006654000000)]
  0x00000249cf4ba000 JavaThread "jar transforms Thread 46" [_thread_blocked, id=11916, stack(0x0000006654000000,0x0000006654100000)]
  0x00000249cf4be000 JavaThread "jar transforms Thread 47" [_thread_blocked, id=13460, stack(0x0000006654100000,0x0000006654200000)]
  0x00000249cf4c0800 JavaThread "jar transforms Thread 48" [_thread_blocked, id=2560, stack(0x0000006654200000,0x0000006654300000)]
  0x00000249cf4c3000 JavaThread "jar transforms Thread 49" [_thread_blocked, id=14092, stack(0x0000006654300000,0x0000006654400000)]
  0x00000249cf4c1800 JavaThread "jar transforms Thread 50" [_thread_blocked, id=11404, stack(0x0000006654400000,0x0000006654500000)]
  0x00000249cf4c2000 JavaThread "jar transforms Thread 51" [_thread_blocked, id=14904, stack(0x0000006654500000,0x0000006654600000)]
  0x00000249cf4bd800 JavaThread "jar transforms Thread 52" [_thread_blocked, id=3164, stack(0x0000006654600000,0x0000006654700000)]
  0x00000249cf4c4000 JavaThread "jar transforms Thread 53" [_thread_blocked, id=14608, stack(0x0000006654700000,0x0000006654800000)]
  0x00000249cf4c4800 JavaThread "jar transforms Thread 54" [_thread_blocked, id=14868, stack(0x0000006654800000,0x0000006654900000)]
  0x00000249cf4c8000 JavaThread "jar transforms Thread 55" [_thread_blocked, id=14416, stack(0x0000006654900000,0x0000006654a00000)]
  0x00000249cf4c5800 JavaThread "jar transforms Thread 56" [_thread_blocked, id=13104, stack(0x0000006654a00000,0x0000006654b00000)]
  0x00000249cf4c6800 JavaThread "jar transforms Thread 57" [_thread_blocked, id=11372, stack(0x0000006654b00000,0x0000006654c00000)]
  0x00000249cf4c7000 JavaThread "jar transforms Thread 58" [_thread_blocked, id=15196, stack(0x0000006654c00000,0x0000006654d00000)]
  0x00000249cf690800 JavaThread "jar transforms Thread 59" [_thread_blocked, id=15260, stack(0x0000006654d00000,0x0000006654e00000)]
  0x00000249cf691800 JavaThread "jar transforms Thread 60" [_thread_blocked, id=4164, stack(0x0000006654e00000,0x0000006654f00000)]
  0x00000249cf68f800 JavaThread "jar transforms Thread 61" [_thread_blocked, id=1452, stack(0x0000006654f00000,0x0000006655000000)]
  0x00000249cf68e000 JavaThread "jar transforms Thread 62" [_thread_blocked, id=13064, stack(0x0000006655000000,0x0000006655100000)]
  0x00000249cf692000 JavaThread "jar transforms Thread 63" [_thread_blocked, id=14728, stack(0x0000006655100000,0x0000006655200000)]
  0x00000249cf693000 JavaThread "jar transforms Thread 64" [_thread_blocked, id=8464, stack(0x0000006655200000,0x0000006655300000)]
  0x00000249cf68d800 JavaThread "jar transforms Thread 65" [_thread_blocked, id=13872, stack(0x0000006655300000,0x0000006655400000)]
  0x00000249cf694000 JavaThread "jar transforms Thread 66" [_thread_blocked, id=7244, stack(0x0000006655400000,0x0000006655500000)]
  0x00000249cf68f000 JavaThread "jar transforms Thread 67" [_thread_blocked, id=9628, stack(0x0000006655500000,0x0000006655600000)]
  0x00000249cf699800 JavaThread "jar transforms Thread 68" [_thread_blocked, id=9304, stack(0x0000006655600000,0x0000006655700000)]
  0x00000249cf69a800 JavaThread "jar transforms Thread 69" [_thread_blocked, id=11832, stack(0x0000006655700000,0x0000006655800000)]
  0x00000249cf695800 JavaThread "jar transforms Thread 70" [_thread_blocked, id=13828, stack(0x0000006655800000,0x0000006655900000)]
  0x00000249cf694800 JavaThread "jar transforms Thread 71" [_thread_blocked, id=15256, stack(0x0000006655900000,0x0000006655a00000)]
  0x00000249cf69c000 JavaThread "jar transforms Thread 72" [_thread_blocked, id=11608, stack(0x0000006655a00000,0x0000006655b00000)]
  0x00000249cf69b000 JavaThread "jar transforms Thread 73" [_thread_blocked, id=9496, stack(0x0000006655b00000,0x0000006655c00000)]
  0x00000249cf697000 JavaThread "jar transforms Thread 74" [_thread_blocked, id=5776, stack(0x0000006655c00000,0x0000006655d00000)]
  0x00000249cf696800 JavaThread "jar transforms Thread 75" [_thread_blocked, id=2296, stack(0x0000006655d00000,0x0000006655e00000)]
  0x00000249cf698000 JavaThread "jar transforms Thread 76" [_thread_blocked, id=14000, stack(0x0000006655e00000,0x0000006655f00000)]
  0x00000249cf698800 JavaThread "jar transforms Thread 77" [_thread_blocked, id=7820, stack(0x0000006655f00000,0x0000006656000000)]
  0x00000249cd58c800 JavaThread "jar transforms Thread 78" [_thread_blocked, id=6412, stack(0x0000006656000000,0x0000006656100000)]
  0x00000249cd590000 JavaThread "jar transforms Thread 79" [_thread_blocked, id=14404, stack(0x0000006656100000,0x0000006656200000)]
  0x00000249cd58d800 JavaThread "jar transforms Thread 80" [_thread_blocked, id=10572, stack(0x0000006656200000,0x0000006656300000)]
  0x00000249cd58e000 JavaThread "jar transforms Thread 81" [_thread_blocked, id=10388, stack(0x0000006656300000,0x0000006656400000)]
  0x00000249cd58f000 JavaThread "jar transforms Thread 82" [_thread_blocked, id=6328, stack(0x0000006656400000,0x0000006656500000)]
  0x00000249cd58b800 JavaThread "jar transforms Thread 83" [_thread_blocked, id=8640, stack(0x0000006656500000,0x0000006656600000)]
  0x00000249cd58a000 JavaThread "jar transforms Thread 84" [_thread_blocked, id=13060, stack(0x0000006656600000,0x0000006656700000)]
  0x00000249cd590800 JavaThread "jar transforms Thread 85" [_thread_blocked, id=9444, stack(0x0000006656700000,0x0000006656800000)]
  0x00000249cd58b000 JavaThread "jar transforms Thread 86" [_thread_blocked, id=14540, stack(0x0000006656800000,0x0000006656900000)]
  0x00000249cd597000 JavaThread "jar transforms Thread 87" [_thread_blocked, id=2396, stack(0x0000006656900000,0x0000006656a00000)]
  0x00000249cd592000 JavaThread "jar transforms Thread 88" [_thread_blocked, id=4596, stack(0x0000006656a00000,0x0000006656b00000)]
  0x00000249cd594800 JavaThread "jar transforms Thread 89" [_thread_blocked, id=12388, stack(0x0000006656b00000,0x0000006656c00000)]
  0x00000249cd591800 JavaThread "jar transforms Thread 90" [_thread_blocked, id=12292, stack(0x0000006656c00000,0x0000006656d00000)]
  0x00000249cd598000 JavaThread "jar transforms Thread 91" [_thread_blocked, id=13264, stack(0x0000006656d00000,0x0000006656e00000)]
  0x00000249cd599000 JavaThread "jar transforms Thread 92" [_thread_blocked, id=13628, stack(0x0000006656e00000,0x0000006656f00000)]
  0x00000249cd593000 JavaThread "jar transforms Thread 93" [_thread_blocked, id=2800, stack(0x0000006656f00000,0x0000006657000000)]
  0x00000249cd595800 JavaThread "jar transforms Thread 94" [_thread_blocked, id=14128, stack(0x0000006657000000,0x0000006657100000)]
  0x00000249cd594000 JavaThread "jar transforms Thread 95" [_thread_blocked, id=4992, stack(0x0000006657100000,0x0000006657200000)]
  0x00000249cd596800 JavaThread "jar transforms Thread 96" [_thread_blocked, id=14644, stack(0x0000006657200000,0x0000006657300000)]
  0x00000249cfb21000 JavaThread "jar transforms Thread 97" [_thread_blocked, id=5508, stack(0x0000006657300000,0x0000006657400000)]
  0x00000249cfb22000 JavaThread "Memory manager" [_thread_blocked, id=14248, stack(0x0000006657400000,0x0000006657500000)]
  0x00000249cfb23800 JavaThread "build event listener" [_thread_blocked, id=10656, stack(0x0000006657500000,0x0000006657600000)]
  0x00000249cfb20800 JavaThread "pool-3-thread-1" [_thread_blocked, id=5488, stack(0x0000006657600000,0x0000006657700000)]
  0x00000249cfb24800 JavaThread "build event listener" [_thread_blocked, id=4152, stack(0x0000006657700000,0x0000006657800000)]
  0x00000249cfb23000 JavaThread "Execution worker for ':'" [_thread_blocked, id=2000, stack(0x0000006657800000,0x0000006657900000)]
  0x00000249cfb26000 JavaThread "Execution worker for ':' Thread 2" [_thread_blocked, id=2824, stack(0x0000006657900000,0x0000006657a00000)]
  0x00000249cfb28800 JavaThread "Execution worker for ':' Thread 3" [_thread_blocked, id=9984, stack(0x0000006657a00000,0x0000006657b00000)]
  0x00000249cfb29800 JavaThread "Cache worker for execution history cache (C:\Users\Admin\AndroidStudioProjects\CreamixShoppingApp\.gradle\6.7.1\executionHistory)" [_thread_blocked, id=6952, stack(0x0000006657b00000,0x0000006657c00000)]
  0x00000249cfb27000 JavaThread "WorkerExecutor Queue" [_thread_blocked, id=10560, stack(0x0000006657e00000,0x0000006657f00000)]
  0x00000249cfb2b000 JavaThread "WorkerExecutor Queue Thread 2" [_thread_blocked, id=4708, stack(0x0000006657f00000,0x0000006658000000)]
  0x00000249cfb27800 JavaThread "WorkerExecutor Queue Thread 3" [_thread_blocked, id=14444, stack(0x0000006658000000,0x0000006658100000)]
  0x00000249cfb2a000 JavaThread "pool-4-thread-1" [_thread_blocked, id=14356, stack(0x0000006658100000,0x0000006658200000)]
  0x00000249cfb25800 JavaThread "stderr" [_thread_in_native, id=11240, stack(0x0000006658200000,0x0000006658300000)]
  0x00000249cfb2f000 JavaThread "stdout" [_thread_in_native, id=1004, stack(0x0000006658300000,0x0000006658400000)]
  0x00000249cfb2c800 JavaThread "WorkerExecutor Queue Thread 4" [_thread_blocked, id=15224, stack(0x0000006658400000,0x0000006658500000)]
  0x00000249cfb2c000 JavaThread "ForkJoinPool-1-worker-3" daemon [_thread_blocked, id=4580, stack(0x0000006658600000,0x0000006658700000)]
  0x00000249cfb2d800 JavaThread "ForkJoinPool-1-worker-5" daemon [_thread_blocked, id=14236, stack(0x0000006658700000,0x0000006658800000)]
  0x00000249cfbe8800 JavaThread "ForkJoinPool-1-worker-7" daemon [_thread_blocked, id=2460, stack(0x0000006658800000,0x0000006658900000)]
  0x00000249cfbeb800 JavaThread "ForkJoinPool-1-worker-1" daemon [_thread_blocked, id=12620, stack(0x0000006658900000,0x0000006658a00000)]

Other Threads:
=>0x00000249ca439000 VMThread "VM Thread" [stack: 0x000000664ea00000,0x000000664eb00000] [id=15152]
  0x00000249caf41800 WatcherThread [stack: 0x000000664f400000,0x000000664f500000] [id=3160]
  0x00000249b02a4800 GCTaskThread "GC Thread#0" [stack: 0x000000664e500000,0x000000664e600000] [id=12852]
  0x00000249cb429800 GCTaskThread "GC Thread#1" [stack: 0x000000664f500000,0x000000664f600000] [id=12528]
  0x00000249cb222800 GCTaskThread "GC Thread#2" [stack: 0x000000664f600000,0x000000664f700000] [id=7952]
  0x00000249cb14d800 GCTaskThread "GC Thread#3" [stack: 0x0000006650300000,0x0000006650400000] [id=14792]
  0x00000249b02d4000 ConcurrentGCThread "G1 Main Marker" [stack: 0x000000664e600000,0x000000664e700000] [id=8420]
  0x00000249b02d7000 ConcurrentGCThread "G1 Conc#0" [stack: 0x000000664e700000,0x000000664e800000] [id=8512]
  0x00000249b0368000 ConcurrentGCThread "G1 Refine#0" [stack: 0x000000664e800000,0x000000664e900000] [id=10136]
  0x00000249d2683800 ConcurrentGCThread "G1 Refine#1" [stack: 0x0000006657c00000,0x0000006657d00000] [id=368]
  0x00000249d43b5800 ConcurrentGCThread "G1 Refine#2" [stack: 0x0000006657d00000,0x0000006657e00000] [id=3824]
  0x00000249cd655800 ConcurrentGCThread "G1 Refine#3" [stack: 0x0000006658a00000,0x0000006658b00000] [id=5168]
  0x00000249b0369000 ConcurrentGCThread "G1 Young RemSet Sampling" [stack: 0x000000664e900000,0x000000664ea00000] [id=15344]

Threads with active compile tasks:
C2 CompilerThread0  24040 10680       4       com.android.tools.r8.dex.n$d::a (102 bytes)
C2 CompilerThread1  24040 10582 %     4       com.android.tools.r8.dex.n::a @ 315 (913 bytes)

VM state:at safepoint (normal execution)

VM Mutex/Monitor currently owned by a thread:  ([mutex/lock_event])
[0x00000249b0287600] Threads_lock - owner thread: 0x00000249ca439000
[0x00000249b0287840] Heap_lock - owner thread: 0x00000249cfb2b000

Heap address: 0x0000000080000000, size: 2048 MB, Compressed Oops mode: 32-bit
Narrow klass base: 0x0000000000000000, Narrow klass shift: 3
Compressed class space size: 1073741824 Address: 0x0000000100000000

Heap:
 garbage-first heap   total 284672K, used 118202K [0x0000000080000000, 0x0000000100000000)
  region size 1024K, 2 young (2048K), 2 survivors (2048K)
 Metaspace       used 91528K, capacity 93770K, committed 93900K, reserved 1130496K
  class space    used 11927K, capacity 12713K, committed 12800K, reserved 1048576K
Heap Regions: E=young(eden), S=young(survivor), O=old, HS=humongous(starts), HC=humongous(continues), CS=collection set, F=free, A=archive, TAMS=top-at-mark-start (previous, next)
|   0|0x0000000080000000, 0x0000000080100000, 0x0000000080100000|100%| O|  |TAMS 0x0000000080100000, 0x0000000080000000| Untracked 
|   1|0x0000000080100000, 0x0000000080200000, 0x0000000080200000|100%| O|  |TAMS 0x0000000080200000, 0x0000000080100000| Complete 
|   2|0x0000000080200000, 0x0000000080300000, 0x0000000080300000|100%| O|  |TAMS 0x0000000080300000, 0x0000000080200000| Complete 
|   3|0x0000000080300000, 0x0000000080400000, 0x0000000080400000|100%|HS|  |TAMS 0x0000000080400000, 0x0000000080300000| Complete 
|   4|0x0000000080400000, 0x0000000080500000, 0x0000000080500000|100%|HC|  |TAMS 0x0000000080500000, 0x0000000080400000| Complete 
|   5|0x0000000080500000, 0x0000000080600000, 0x0000000080600000|100%|HC|  |TAMS 0x0000000080600000, 0x0000000080500000| Complete 
|   6|0x0000000080600000, 0x0000000080700000, 0x0000000080700000|100%| O|  |TAMS 0x0000000080700000, 0x0000000080600000| Untracked 
|   7|0x0000000080700000, 0x0000000080800000, 0x0000000080800000|100%| O|  |TAMS 0x0000000080800000, 0x0000000080700000| Untracked 
|   8|0x0000000080800000, 0x0000000080900000, 0x0000000080900000|100%| O|  |TAMS 0x0000000080900000, 0x0000000080800000| Untracked 
|   9|0x0000000080900000, 0x0000000080a00000, 0x0000000080a00000|100%| O|  |TAMS 0x0000000080a00000, 0x0000000080900000| Untracked 
|  10|0x0000000080a00000, 0x0000000080b00000, 0x0000000080b00000|100%| O|  |TAMS 0x0000000080b00000, 0x0000000080a00000| Untracked 
|  11|0x0000000080b00000, 0x0000000080c00000, 0x0000000080c00000|100%| O|  |TAMS 0x0000000080c00000, 0x0000000080b00000| Untracked 
|  12|0x0000000080c00000, 0x0000000080d00000, 0x0000000080d00000|100%| O|  |TAMS 0x0000000080d00000, 0x0000000080c00000| Complete 
|  13|0x0000000080d00000, 0x0000000080e00000, 0x0000000080e00000|100%| O|  |TAMS 0x0000000080e00000, 0x0000000080d00000| Untracked 
|  14|0x0000000080e00000, 0x0000000080f00000, 0x0000000080f00000|100%| O|  |TAMS 0x0000000080f00000, 0x0000000080e00000| Untracked 
|  15|0x0000000080f00000, 0x0000000081000000, 0x0000000081000000|100%| O|  |TAMS 0x0000000081000000, 0x0000000080f00000| Untracked 
|  16|0x0000000081000000, 0x0000000081100000, 0x0000000081100000|100%|HS|  |TAMS 0x0000000081100000, 0x0000000081000000| Complete 
|  17|0x0000000081100000, 0x0000000081200000, 0x0000000081200000|100%|HS|  |TAMS 0x0000000081200000, 0x0000000081100000| Complete 
|  18|0x0000000081200000, 0x0000000081300000, 0x0000000081300000|100%|HC|  |TAMS 0x0000000081300000, 0x0000000081200000| Complete 
|  19|0x0000000081300000, 0x0000000081400000, 0x0000000081400000|100%| O|  |TAMS 0x0000000081400000, 0x0000000081300000| Untracked 
|  20|0x0000000081400000, 0x0000000081500000, 0x0000000081500000|100%| O|  |TAMS 0x0000000081500000, 0x0000000081400000| Untracked 
|  21|0x0000000081500000, 0x0000000081600000, 0x0000000081600000|100%| O|  |TAMS 0x0000000081600000, 0x0000000081500000| Complete 
|  22|0x0000000081600000, 0x0000000081700000, 0x0000000081700000|100%| O|  |TAMS 0x0000000081700000, 0x0000000081600000| Untracked 
|  23|0x0000000081700000, 0x0000000081800000, 0x0000000081800000|100%| O|  |TAMS 0x0000000081800000, 0x0000000081700000| Untracked 
|  24|0x0000000081800000, 0x0000000081900000, 0x0000000081900000|100%| O|  |TAMS 0x0000000081900000, 0x0000000081800000| Complete 
|  25|0x0000000081900000, 0x0000000081a00000, 0x0000000081a00000|100%| O|  |TAMS 0x0000000081a00000, 0x0000000081900000| Untracked 
|  26|0x0000000081a00000, 0x0000000081b00000, 0x0000000081b00000|100%| O|  |TAMS 0x0000000081b00000, 0x0000000081a00000| Untracked 
|  27|0x0000000081b00000, 0x0000000081c00000, 0x0000000081c00000|100%| O|  |TAMS 0x0000000081c00000, 0x0000000081b00000| Complete 
|  28|0x0000000081c00000, 0x0000000081d00000, 0x0000000081d00000|100%| O|  |TAMS 0x0000000081d00000, 0x0000000081c00000| Untracked 
|  29|0x0000000081d00000, 0x0000000081e00000, 0x0000000081e00000|100%| O|  |TAMS 0x0000000081e00000, 0x0000000081d00000| Untracked 
|  30|0x0000000081e00000, 0x0000000081f00000, 0x0000000081f00000|100%| O|  |TAMS 0x0000000081f00000, 0x0000000081e00000| Untracked 
|  31|0x0000000081f00000, 0x0000000082000000, 0x0000000082000000|100%| O|  |TAMS 0x0000000082000000, 0x0000000081f00000| Untracked 
|  32|0x0000000082000000, 0x0000000082100000, 0x0000000082100000|100%| O|  |TAMS 0x0000000082100000, 0x0000000082000000| Untracked 
|  33|0x0000000082100000, 0x0000000082200000, 0x0000000082200000|100%| O|  |TAMS 0x0000000082200000, 0x0000000082100000| Untracked 
|  34|0x0000000082200000, 0x0000000082300000, 0x0000000082300000|100%| O|  |TAMS 0x0000000082300000, 0x0000000082200000| Untracked 
|  35|0x0000000082300000, 0x0000000082400000, 0x0000000082400000|100%| O|  |TAMS 0x0000000082400000, 0x0000000082300000| Untracked 
|  36|0x0000000082400000, 0x0000000082500000, 0x0000000082500000|100%| O|  |TAMS 0x0000000082500000, 0x0000000082400000| Untracked 
|  37|0x0000000082500000, 0x0000000082600000, 0x0000000082600000|100%| O|  |TAMS 0x0000000082600000, 0x0000000082500000| Untracked 
|  38|0x0000000082600000, 0x0000000082700000, 0x0000000082700000|100%| O|  |TAMS 0x0000000082700000, 0x0000000082600000| Untracked 
|  39|0x0000000082700000, 0x0000000082800000, 0x0000000082800000|100%| O|  |TAMS 0x0000000082800000, 0x0000000082700000| Untracked 
|  40|0x0000000082800000, 0x0000000082900000, 0x0000000082900000|100%| O|  |TAMS 0x0000000082900000, 0x0000000082800000| Untracked 
|  41|0x0000000082900000, 0x0000000082a00000, 0x0000000082a00000|100%| O|  |TAMS 0x0000000082a00000, 0x0000000082900000| Complete 
|  42|0x0000000082a00000, 0x0000000082b00000, 0x0000000082b00000|100%| O|  |TAMS 0x0000000082b00000, 0x0000000082a00000| Complete 
|  43|0x0000000082b00000, 0x0000000082c00000, 0x0000000082c00000|100%| O|  |TAMS 0x0000000082c00000, 0x0000000082b00000| Untracked 
|  44|0x0000000082c00000, 0x0000000082d00000, 0x0000000082d00000|100%| O|  |TAMS 0x0000000082d00000, 0x0000000082c00000| Untracked 
|  45|0x0000000082d00000, 0x0000000082e00000, 0x0000000082e00000|100%| O|  |TAMS 0x0000000082e00000, 0x0000000082d00000| Untracked 
|  46|0x0000000082e00000, 0x0000000082f00000, 0x0000000082f00000|100%| O|  |TAMS 0x0000000082f00000, 0x0000000082e00000| Untracked 
|  47|0x0000000082f00000, 0x0000000083000000, 0x0000000083000000|100%| O|  |TAMS 0x0000000083000000, 0x0000000082f00000| Untracked 
|  48|0x0000000083000000, 0x0000000083100000, 0x0000000083100000|100%| O|  |TAMS 0x0000000083100000, 0x0000000083000000| Complete 
|  49|0x0000000083100000, 0x0000000083200000, 0x0000000083200000|100%| O|  |TAMS 0x0000000083200000, 0x0000000083100000| Complete 
|  50|0x0000000083200000, 0x0000000083200000, 0x0000000083300000|  0%| F|  |TAMS 0x0000000083200000, 0x0000000083200000| Untracked 
|  51|0x0000000083300000, 0x0000000083300000, 0x0000000083400000|  0%| F|  |TAMS 0x0000000083300000, 0x0000000083300000| Untracked 
|  52|0x0000000083400000, 0x0000000083500000, 0x0000000083500000|100%| O|  |TAMS 0x0000000083400000, 0x0000000083400000| Untracked 
|  53|0x0000000083500000, 0x0000000083600000, 0x0000000083600000|100%| O|  |TAMS 0x0000000083500000, 0x0000000083500000| Untracked 
|  54|0x0000000083600000, 0x0000000083700000, 0x0000000083700000|100%| O|  |TAMS 0x0000000083600000, 0x0000000083600000| Untracked 
|  55|0x0000000083700000, 0x0000000083800000, 0x0000000083800000|100%| O|  |TAMS 0x0000000083700000, 0x0000000083700000| Untracked 
|  56|0x0000000083800000, 0x0000000083800000, 0x0000000083900000|  0%| F|  |TAMS 0x0000000083800000, 0x0000000083800000| Untracked 
|  57|0x0000000083900000, 0x0000000083900000, 0x0000000083a00000|  0%| F|  |TAMS 0x0000000083900000, 0x0000000083900000| Untracked 
|  58|0x0000000083a00000, 0x0000000083b00000, 0x0000000083b00000|100%| O|  |TAMS 0x0000000083b00000, 0x0000000083a00000| Complete 
|  59|0x0000000083b00000, 0x0000000083c00000, 0x0000000083c00000|100%| O|  |TAMS 0x0000000083c00000, 0x0000000083b00000| Complete 
|  60|0x0000000083c00000, 0x0000000083d00000, 0x0000000083d00000|100%| O|  |TAMS 0x0000000083d00000, 0x0000000083c00000| Complete 
|  61|0x0000000083d00000, 0x0000000083d00000, 0x0000000083e00000|  0%| F|  |TAMS 0x0000000083d00000, 0x0000000083d00000| Untracked 
|  62|0x0000000083e00000, 0x0000000083f00000, 0x0000000083f00000|100%| O|  |TAMS 0x0000000083f00000, 0x0000000083e00000| Complete 
|  63|0x0000000083f00000, 0x0000000084000000, 0x0000000084000000|100%|HS|  |TAMS 0x0000000084000000, 0x0000000083f00000| Complete 
|  64|0x0000000084000000, 0x0000000084100000, 0x0000000084100000|100%|HC|  |TAMS 0x0000000084100000, 0x0000000084000000| Complete 
|  65|0x0000000084100000, 0x0000000084200000, 0x0000000084200000|100%|HS|  |TAMS 0x0000000084200000, 0x0000000084100000| Complete 
|  66|0x0000000084200000, 0x0000000084300000, 0x0000000084300000|100%|HS|  |TAMS 0x0000000084300000, 0x0000000084200000| Complete 
|  67|0x0000000084300000, 0x0000000084400000, 0x0000000084400000|100%| O|  |TAMS 0x0000000084400000, 0x0000000084300000| Untracked 
|  68|0x0000000084400000, 0x0000000084500000, 0x0000000084500000|100%| O|  |TAMS 0x0000000084500000, 0x0000000084400000| Complete 
|  69|0x0000000084500000, 0x0000000084600000, 0x0000000084600000|100%| O|  |TAMS 0x0000000084500000, 0x0000000084500000| Untracked 
|  70|0x0000000084600000, 0x0000000084700000, 0x0000000084700000|100%| O|  |TAMS 0x0000000084600000, 0x0000000084600000| Untracked 
|  71|0x0000000084700000, 0x0000000084800000, 0x0000000084800000|100%| O|  |TAMS 0x0000000084800000, 0x0000000084700000| Untracked 
|  72|0x0000000084800000, 0x0000000084900000, 0x0000000084900000|100%| O|  |TAMS 0x0000000084900000, 0x0000000084800000| Complete 
|  73|0x0000000084900000, 0x0000000084a00000, 0x0000000084a00000|100%| O|  |TAMS 0x0000000084a00000, 0x0000000084900000| Complete 
|  74|0x0000000084a00000, 0x0000000084a00000, 0x0000000084b00000|  0%| F|  |TAMS 0x0000000084a00000, 0x0000000084a00000| Untracked 
|  75|0x0000000084b00000, 0x0000000084c00000, 0x0000000084c00000|100%| O|  |TAMS 0x0000000084b00000, 0x0000000084b00000| Untracked 
|  76|0x0000000084c00000, 0x0000000084c00000, 0x0000000084d00000|  0%| F|  |TAMS 0x0000000084c00000, 0x0000000084c00000| Untracked 
|  77|0x0000000084d00000, 0x0000000084e00000, 0x0000000084e00000|100%| O|  |TAMS 0x0000000084e00000, 0x0000000084d00000| Untracked 
|  78|0x0000000084e00000, 0x0000000084f00000, 0x0000000084f00000|100%| O|  |TAMS 0x0000000084f00000, 0x0000000084e00000| Untracked 
|  79|0x0000000084f00000, 0x0000000085000000, 0x0000000085000000|100%| O|  |TAMS 0x0000000085000000, 0x0000000084f00000| Complete 
|  80|0x0000000085000000, 0x0000000085000000, 0x0000000085100000|  0%| F|  |TAMS 0x0000000085000000, 0x0000000085000000| Untracked 
|  81|0x0000000085100000, 0x0000000085200000, 0x0000000085200000|100%| O|  |TAMS 0x0000000085200000, 0x0000000085100000| Untracked 
|  82|0x0000000085200000, 0x0000000085300000, 0x0000000085300000|100%| O|  |TAMS 0x0000000085200000, 0x0000000085200000| Untracked 
|  83|0x0000000085300000, 0x0000000085400000, 0x0000000085400000|100%| O|  |TAMS 0x0000000085400000, 0x0000000085300000| Complete 
|  84|0x0000000085400000, 0x0000000085500000, 0x0000000085500000|100%| O|  |TAMS 0x0000000085400000, 0x0000000085400000| Untracked 
|  85|0x0000000085500000, 0x0000000085500000, 0x0000000085600000|  0%| F|  |TAMS 0x0000000085500000, 0x0000000085500000| Untracked 
|  86|0x0000000085600000, 0x0000000085700000, 0x0000000085700000|100%| O|  |TAMS 0x0000000085700000, 0x0000000085600000| Complete 
|  87|0x0000000085700000, 0x0000000085800000, 0x0000000085800000|100%| O|  |TAMS 0x0000000085800000, 0x0000000085700000| Complete 
|  88|0x0000000085800000, 0x0000000085800000, 0x0000000085900000|  0%| F|  |TAMS 0x0000000085800000, 0x0000000085800000| Untracked 
|  89|0x0000000085900000, 0x0000000085a00000, 0x0000000085a00000|100%| O|  |TAMS 0x0000000085a00000, 0x0000000085900000| Untracked 
|  90|0x0000000085a00000, 0x0000000085b00000, 0x0000000085b00000|100%| O|  |TAMS 0x0000000085b00000, 0x0000000085a00000| Untracked 
|  91|0x0000000085b00000, 0x0000000085c00000, 0x0000000085c00000|100%| O|  |TAMS 0x0000000085c00000, 0x0000000085b00000| Complete 
|  92|0x0000000085c00000, 0x0000000085d00000, 0x0000000085d00000|100%| O|  |TAMS 0x0000000085d00000, 0x0000000085c00000| Untracked 
|  93|0x0000000085d00000, 0x0000000085e00000, 0x0000000085e00000|100%| O|  |TAMS 0x0000000085e00000, 0x0000000085d00000| Untracked 
|  94|0x0000000085e00000, 0x0000000085f00000, 0x0000000085f00000|100%| O|  |TAMS 0x0000000085f00000, 0x0000000085e00000| Untracked 
|  95|0x0000000085f00000, 0x0000000086000000, 0x0000000086000000|100%| O|  |TAMS 0x0000000086000000, 0x0000000085f00000| Untracked 
|  96|0x0000000086000000, 0x0000000086100000, 0x0000000086100000|100%| O|  |TAMS 0x0000000086100000, 0x0000000086000000| Untracked 
|  97|0x0000000086100000, 0x0000000086200000, 0x0000000086200000|100%| O|  |TAMS 0x0000000086200000, 0x0000000086100000| Untracked 
|  98|0x0000000086200000, 0x0000000086200000, 0x0000000086300000|  0%| F|  |TAMS 0x0000000086200000, 0x0000000086200000| Untracked 
|  99|0x0000000086300000, 0x0000000086400000, 0x0000000086400000|100%| O|  |TAMS 0x0000000086400000, 0x0000000086300000| Complete 
| 100|0x0000000086400000, 0x0000000086400000, 0x0000000086500000|  0%| F|  |TAMS 0x0000000086400000, 0x0000000086400000| Untracked 
| 101|0x0000000086500000, 0x0000000086500000, 0x0000000086600000|  0%| F|  |TAMS 0x0000000086500000, 0x0000000086500000| Untracked 
| 102|0x0000000086600000, 0x0000000086700000, 0x0000000086700000|100%| O|  |TAMS 0x0000000086700000, 0x0000000086600000| Complete 
| 103|0x0000000086700000, 0x0000000086800000, 0x0000000086800000|100%| O|  |TAMS 0x0000000086800000, 0x0000000086700000| Complete 
| 104|0x0000000086800000, 0x0000000086900000, 0x0000000086900000|100%| O|  |TAMS 0x0000000086900000, 0x0000000086800000| Complete 
| 105|0x0000000086900000, 0x0000000086900000, 0x0000000086a00000|  0%| F|  |TAMS 0x0000000086900000, 0x0000000086900000| Untracked 
| 106|0x0000000086a00000, 0x0000000086b00000, 0x0000000086b00000|100%| O|  |TAMS 0x0000000086b00000, 0x0000000086a00000| Untracked 
| 107|0x0000000086b00000, 0x0000000086c00000, 0x0000000086c00000|100%| O|  |TAMS 0x0000000086c00000, 0x0000000086b00000| Complete 
| 108|0x0000000086c00000, 0x0000000086d00000, 0x0000000086d00000|100%| O|  |TAMS 0x0000000086d00000, 0x0000000086c00000| Complete 
| 109|0x0000000086d00000, 0x0000000086e00000, 0x0000000086e00000|100%| O|  |TAMS 0x0000000086e00000, 0x0000000086d00000| Untracked 
| 110|0x0000000086e00000, 0x0000000086f00000, 0x0000000086f00000|100%| O|  |TAMS 0x0000000086f00000, 0x0000000086e00000| Untracked 
| 111|0x0000000086f00000, 0x0000000087000000, 0x0000000087000000|100%| O|  |TAMS 0x0000000087000000, 0x0000000086f00000| Complete 
| 112|0x0000000087000000, 0x0000000087100000, 0x0000000087100000|100%| O|  |TAMS 0x0000000087100000, 0x0000000087000000| Untracked 
| 113|0x0000000087100000, 0x0000000087200000, 0x0000000087200000|100%| O|  |TAMS 0x0000000087200000, 0x0000000087100000| Untracked 
| 114|0x0000000087200000, 0x0000000087300000, 0x0000000087300000|100%| O|  |TAMS 0x0000000087300000, 0x0000000087200000| Complete 
| 115|0x0000000087300000, 0x0000000087400000, 0x0000000087400000|100%| O|  |TAMS 0x0000000087400000, 0x0000000087300000| Untracked 
| 116|0x0000000087400000, 0x0000000087500000, 0x0000000087500000|100%| O|  |TAMS 0x0000000087500000, 0x0000000087400000| Untracked 
| 117|0x0000000087500000, 0x0000000087600000, 0x0000000087600000|100%| O|  |TAMS 0x0000000087600000, 0x0000000087500000| Untracked 
| 118|0x0000000087600000, 0x0000000087700000, 0x0000000087700000|100%| O|  |TAMS 0x0000000087700000, 0x0000000087600000| Untracked 
| 119|0x0000000087700000, 0x0000000087800000, 0x0000000087800000|100%| O|  |TAMS 0x0000000087800000, 0x0000000087700000| Untracked 
| 120|0x0000000087800000, 0x0000000087900000, 0x0000000087900000|100%| O|  |TAMS 0x0000000087900000, 0x0000000087800000| Complete 
| 121|0x0000000087900000, 0x0000000087a00000, 0x0000000087a00000|100%| O|  |TAMS 0x0000000087a00000, 0x0000000087900000| Complete 
| 122|0x0000000087a00000, 0x0000000087a00000, 0x0000000087b00000|  0%| F|  |TAMS 0x0000000087a00000, 0x0000000087a00000| Untracked 
| 123|0x0000000087b00000, 0x0000000087c00000, 0x0000000087c00000|100%| O|  |TAMS 0x0000000087c00000, 0x0000000087b00000| Untracked 
| 124|0x0000000087c00000, 0x0000000087d00000, 0x0000000087d00000|100%| O|  |TAMS 0x0000000087c00000, 0x0000000087c00000| Untracked 
| 125|0x0000000087d00000, 0x0000000087e00000, 0x0000000087e00000|100%| O|  |TAMS 0x0000000087d00000, 0x0000000087d00000| Untracked 
| 126|0x0000000087e00000, 0x0000000087f00000, 0x0000000087f00000|100%| O|  |TAMS 0x0000000087e00000, 0x0000000087e00000| Untracked 
| 127|0x0000000087f00000, 0x0000000088000000, 0x0000000088000000|100%| O|  |TAMS 0x0000000087f00000, 0x0000000087f00000| Untracked 
| 128|0x0000000088000000, 0x0000000088100000, 0x0000000088100000|100%| O|  |TAMS 0x0000000088000000, 0x0000000088000000| Untracked 
| 129|0x0000000088100000, 0x0000000088100000, 0x0000000088200000|  0%| F|  |TAMS 0x0000000088100000, 0x0000000088100000| Untracked 
| 130|0x0000000088200000, 0x0000000088200000, 0x0000000088300000|  0%| F|  |TAMS 0x0000000088200000, 0x0000000088200000| Untracked 
| 131|0x0000000088300000, 0x0000000088300000, 0x0000000088400000|  0%| F|  |TAMS 0x0000000088300000, 0x0000000088300000| Untracked 
| 132|0x0000000088400000, 0x0000000088400000, 0x0000000088500000|  0%| F|  |TAMS 0x0000000088400000, 0x0000000088400000| Untracked 
| 133|0x0000000088500000, 0x0000000088500000, 0x0000000088600000|  0%| F|  |TAMS 0x0000000088500000, 0x0000000088500000| Untracked 
| 134|0x0000000088600000, 0x0000000088600000, 0x0000000088700000|  0%| F|  |TAMS 0x0000000088600000, 0x0000000088600000| Untracked 
| 135|0x0000000088700000, 0x0000000088700000, 0x0000000088800000|  0%| F|  |TAMS 0x0000000088700000, 0x0000000088700000| Untracked 
| 136|0x0000000088800000, 0x0000000088800000, 0x0000000088900000|  0%| F|  |TAMS 0x0000000088800000, 0x0000000088800000| Untracked 
| 137|0x0000000088900000, 0x0000000088900000, 0x0000000088a00000|  0%| F|  |TAMS 0x0000000088900000, 0x0000000088900000| Untracked 
| 138|0x0000000088a00000, 0x0000000088a00000, 0x0000000088b00000|  0%| F|  |TAMS 0x0000000088a00000, 0x0000000088a00000| Untracked 
| 139|0x0000000088b00000, 0x0000000088b00000, 0x0000000088c00000|  0%| F|  |TAMS 0x0000000088b00000, 0x0000000088b00000| Untracked 
| 140|0x0000000088c00000, 0x0000000088c00000, 0x0000000088d00000|  0%| F|  |TAMS 0x0000000088c00000, 0x0000000088c00000| Untracked 
| 141|0x0000000088d00000, 0x0000000088d00000, 0x0000000088e00000|  0%| F|  |TAMS 0x0000000088d00000, 0x0000000088d00000| Untracked 
| 142|0x0000000088e00000, 0x0000000088e00000, 0x0000000088f00000|  0%| F|  |TAMS 0x0000000088e00000, 0x0000000088e00000| Untracked 
| 143|0x0000000088f00000, 0x0000000088f00000, 0x0000000089000000|  0%| F|  |TAMS 0x0000000088f00000, 0x0000000088f00000| Untracked 
| 144|0x0000000089000000, 0x0000000089000000, 0x0000000089100000|  0%| F|  |TAMS 0x0000000089000000, 0x0000000089000000| Untracked 
| 145|0x0000000089100000, 0x0000000089100000, 0x0000000089200000|  0%| F|  |TAMS 0x0000000089100000, 0x0000000089100000| Untracked 
| 146|0x0000000089200000, 0x0000000089200000, 0x0000000089300000|  0%| F|  |TAMS 0x0000000089200000, 0x0000000089200000| Untracked 
| 147|0x0000000089300000, 0x0000000089300000, 0x0000000089400000|  0%| F|  |TAMS 0x0000000089300000, 0x0000000089300000| Untracked 
| 148|0x0000000089400000, 0x0000000089400000, 0x0000000089500000|  0%| F|  |TAMS 0x0000000089400000, 0x0000000089400000| Untracked 
| 149|0x0000000089500000, 0x0000000089500000, 0x0000000089600000|  0%| F|  |TAMS 0x0000000089500000, 0x0000000089500000| Untracked 
| 150|0x0000000089600000, 0x0000000089600000, 0x0000000089700000|  0%| F|  |TAMS 0x0000000089600000, 0x0000000089600000| Untracked 
| 151|0x0000000089700000, 0x0000000089700000, 0x0000000089800000|  0%| F|  |TAMS 0x0000000089700000, 0x0000000089700000| Untracked 
| 152|0x0000000089800000, 0x0000000089800000, 0x0000000089900000|  0%| F|  |TAMS 0x0000000089800000, 0x0000000089800000| Untracked 
| 153|0x0000000089900000, 0x0000000089900000, 0x0000000089a00000|  0%| F|  |TAMS 0x0000000089900000, 0x0000000089900000| Untracked 
| 154|0x0000000089a00000, 0x0000000089a00000, 0x0000000089b00000|  0%| F|  |TAMS 0x0000000089a00000, 0x0000000089a00000| Untracked 
| 155|0x0000000089b00000, 0x0000000089b00000, 0x0000000089c00000|  0%| F|  |TAMS 0x0000000089b00000, 0x0000000089b00000| Untracked 
| 156|0x0000000089c00000, 0x0000000089c00000, 0x0000000089d00000|  0%| F|  |TAMS 0x0000000089c00000, 0x0000000089c00000| Untracked 
| 157|0x0000000089d00000, 0x0000000089d00000, 0x0000000089e00000|  0%| F|  |TAMS 0x0000000089d00000, 0x0000000089d00000| Untracked 
| 158|0x0000000089e00000, 0x0000000089e00000, 0x0000000089f00000|  0%| F|  |TAMS 0x0000000089e00000, 0x0000000089e00000| Untracked 
| 159|0x0000000089f00000, 0x0000000089f00000, 0x000000008a000000|  0%| F|  |TAMS 0x0000000089f00000, 0x0000000089f00000| Untracked 
| 160|0x000000008a000000, 0x000000008a000000, 0x000000008a100000|  0%| F|  |TAMS 0x000000008a000000, 0x000000008a000000| Untracked 
| 161|0x000000008a100000, 0x000000008a100000, 0x000000008a200000|  0%| F|  |TAMS 0x000000008a100000, 0x000000008a100000| Untracked 
| 162|0x000000008a200000, 0x000000008a200000, 0x000000008a300000|  0%| F|  |TAMS 0x000000008a200000, 0x000000008a200000| Untracked 
| 163|0x000000008a300000, 0x000000008a300000, 0x000000008a400000|  0%| F|  |TAMS 0x000000008a300000, 0x000000008a300000| Untracked 
| 164|0x000000008a400000, 0x000000008a400000, 0x000000008a500000|  0%| F|  |TAMS 0x000000008a400000, 0x000000008a400000| Untracked 
| 165|0x000000008a500000, 0x000000008a500000, 0x000000008a600000|  0%| F|  |TAMS 0x000000008a500000, 0x000000008a500000| Untracked 
| 166|0x000000008a600000, 0x000000008a600000, 0x000000008a700000|  0%| F|  |TAMS 0x000000008a600000, 0x000000008a600000| Untracked 
| 167|0x000000008a700000, 0x000000008a700000, 0x000000008a800000|  0%| F|  |TAMS 0x000000008a700000, 0x000000008a700000| Untracked 
| 168|0x000000008a800000, 0x000000008a800000, 0x000000008a900000|  0%| F|  |TAMS 0x000000008a800000, 0x000000008a800000| Untracked 
| 169|0x000000008a900000, 0x000000008a900000, 0x000000008aa00000|  0%| F|  |TAMS 0x000000008a900000, 0x000000008a900000| Untracked 
| 170|0x000000008aa00000, 0x000000008aa00000, 0x000000008ab00000|  0%| F|  |TAMS 0x000000008aa00000, 0x000000008aa00000| Untracked 
| 171|0x000000008ab00000, 0x000000008ab00000, 0x000000008ac00000|  0%| F|  |TAMS 0x000000008ab00000, 0x000000008ab00000| Untracked 
| 172|0x000000008ac00000, 0x000000008ac00000, 0x000000008ad00000|  0%| F|  |TAMS 0x000000008ac00000, 0x000000008ac00000| Untracked 
| 173|0x000000008ad00000, 0x000000008ad00000, 0x000000008ae00000|  0%| F|  |TAMS 0x000000008ad00000, 0x000000008ad00000| Untracked 
| 174|0x000000008ae00000, 0x000000008ae00000, 0x000000008af00000|  0%| F|  |TAMS 0x000000008ae00000, 0x000000008ae00000| Untracked 
| 175|0x000000008af00000, 0x000000008af00000, 0x000000008b000000|  0%| F|  |TAMS 0x000000008af00000, 0x000000008af00000| Untracked 
| 176|0x000000008b000000, 0x000000008b000000, 0x000000008b100000|  0%| F|  |TAMS 0x000000008b000000, 0x000000008b000000| Untracked 
| 177|0x000000008b100000, 0x000000008b100000, 0x000000008b200000|  0%| F|  |TAMS 0x000000008b100000, 0x000000008b100000| Untracked 
| 178|0x000000008b200000, 0x000000008b200000, 0x000000008b300000|  0%| F|  |TAMS 0x000000008b200000, 0x000000008b200000| Untracked 
| 179|0x000000008b300000, 0x000000008b300000, 0x000000008b400000|  0%| F|  |TAMS 0x000000008b300000, 0x000000008b300000| Untracked 
| 180|0x000000008b400000, 0x000000008b400000, 0x000000008b500000|  0%| F|  |TAMS 0x000000008b400000, 0x000000008b400000| Untracked 
| 181|0x000000008b500000, 0x000000008b500000, 0x000000008b600000|  0%| F|  |TAMS 0x000000008b500000, 0x000000008b500000| Untracked 
| 182|0x000000008b600000, 0x000000008b600000, 0x000000008b700000|  0%| F|  |TAMS 0x000000008b600000, 0x000000008b600000| Untracked 
| 183|0x000000008b700000, 0x000000008b700000, 0x000000008b800000|  0%| F|  |TAMS 0x000000008b700000, 0x000000008b700000| Untracked 
| 184|0x000000008b800000, 0x000000008b800000, 0x000000008b900000|  0%| F|  |TAMS 0x000000008b800000, 0x000000008b800000| Untracked 
| 185|0x000000008b900000, 0x000000008b900000, 0x000000008ba00000|  0%| F|  |TAMS 0x000000008b900000, 0x000000008b900000| Untracked 
| 186|0x000000008ba00000, 0x000000008ba00000, 0x000000008bb00000|  0%| F|  |TAMS 0x000000008ba00000, 0x000000008ba00000| Untracked 
| 187|0x000000008bb00000, 0x000000008bb00000, 0x000000008bc00000|  0%| F|  |TAMS 0x000000008bb00000, 0x000000008bb00000| Untracked 
| 188|0x000000008bc00000, 0x000000008bc00000, 0x000000008bd00000|  0%| F|  |TAMS 0x000000008bc00000, 0x000000008bc00000| Untracked 
| 189|0x000000008bd00000, 0x000000008bd00000, 0x000000008be00000|  0%| F|  |TAMS 0x000000008bd00000, 0x000000008bd00000| Untracked 
| 190|0x000000008be00000, 0x000000008be00000, 0x000000008bf00000|  0%| F|  |TAMS 0x000000008be00000, 0x000000008be00000| Untracked 
| 191|0x000000008bf00000, 0x000000008bf00000, 0x000000008c000000|  0%| F|  |TAMS 0x000000008bf00000, 0x000000008bf00000| Untracked 
| 192|0x000000008c000000, 0x000000008c000000, 0x000000008c100000|  0%| F|  |TAMS 0x000000008c000000, 0x000000008c000000| Untracked 
| 193|0x000000008c100000, 0x000000008c100000, 0x000000008c200000|  0%| F|  |TAMS 0x000000008c100000, 0x000000008c100000| Untracked 
| 194|0x000000008c200000, 0x000000008c200000, 0x000000008c300000|  0%| F|  |TAMS 0x000000008c200000, 0x000000008c200000| Untracked 
| 195|0x000000008c300000, 0x000000008c300000, 0x000000008c400000|  0%| F|  |TAMS 0x000000008c300000, 0x000000008c300000| Untracked 
| 196|0x000000008c400000, 0x000000008c400000, 0x000000008c500000|  0%| F|  |TAMS 0x000000008c400000, 0x000000008c400000| Untracked 
| 197|0x000000008c500000, 0x000000008c500000, 0x000000008c600000|  0%| F|  |TAMS 0x000000008c500000, 0x000000008c500000| Untracked 
| 198|0x000000008c600000, 0x000000008c600000, 0x000000008c700000|  0%| F|  |TAMS 0x000000008c600000, 0x000000008c600000| Untracked 
| 199|0x000000008c700000, 0x000000008c700000, 0x000000008c800000|  0%| F|  |TAMS 0x000000008c700000, 0x000000008c700000| Untracked 
| 200|0x000000008c800000, 0x000000008c800000, 0x000000008c900000|  0%| F|  |TAMS 0x000000008c800000, 0x000000008c800000| Untracked 
| 201|0x000000008c900000, 0x000000008c900000, 0x000000008ca00000|  0%| F|  |TAMS 0x000000008c900000, 0x000000008c900000| Untracked 
| 202|0x000000008ca00000, 0x000000008ca00000, 0x000000008cb00000|  0%| F|  |TAMS 0x000000008ca00000, 0x000000008ca00000| Untracked 
| 203|0x000000008cb00000, 0x000000008cb00000, 0x000000008cc00000|  0%| F|  |TAMS 0x000000008cb00000, 0x000000008cb00000| Untracked 
| 204|0x000000008cc00000, 0x000000008cc00000, 0x000000008cd00000|  0%| F|  |TAMS 0x000000008cc00000, 0x000000008cc00000| Untracked 
| 205|0x000000008cd00000, 0x000000008cd00000, 0x000000008ce00000|  0%| F|  |TAMS 0x000000008cd00000, 0x000000008cd00000| Untracked 
| 206|0x000000008ce00000, 0x000000008ce00000, 0x000000008cf00000|  0%| F|  |TAMS 0x000000008ce00000, 0x000000008ce00000| Untracked 
| 207|0x000000008cf00000, 0x000000008cf00000, 0x000000008d000000|  0%| F|  |TAMS 0x000000008cf00000, 0x000000008cf00000| Untracked 
| 208|0x000000008d000000, 0x000000008d000000, 0x000000008d100000|  0%| F|  |TAMS 0x000000008d000000, 0x000000008d000000| Untracked 
| 209|0x000000008d100000, 0x000000008d100000, 0x000000008d200000|  0%| F|  |TAMS 0x000000008d100000, 0x000000008d100000| Untracked 
| 210|0x000000008d200000, 0x000000008d200000, 0x000000008d300000|  0%| F|  |TAMS 0x000000008d200000, 0x000000008d200000| Untracked 
| 211|0x000000008d300000, 0x000000008d300000, 0x000000008d400000|  0%| F|  |TAMS 0x000000008d300000, 0x000000008d300000| Untracked 
| 212|0x000000008d400000, 0x000000008d400000, 0x000000008d500000|  0%| F|  |TAMS 0x000000008d400000, 0x000000008d400000| Untracked 
| 213|0x000000008d500000, 0x000000008d500000, 0x000000008d600000|  0%| F|  |TAMS 0x000000008d500000, 0x000000008d500000| Untracked 
| 214|0x000000008d600000, 0x000000008d66eb00, 0x000000008d700000| 43%| S|CS|TAMS 0x000000008d600000, 0x000000008d600000| Complete 
| 215|0x000000008d700000, 0x000000008d800000, 0x000000008d800000|100%| S|CS|TAMS 0x000000008d700000, 0x000000008d700000| Complete 
| 216|0x000000008d800000, 0x000000008d800000, 0x000000008d900000|  0%| F|  |TAMS 0x000000008d800000, 0x000000008d800000| Untracked 
| 217|0x000000008d900000, 0x000000008d900000, 0x000000008da00000|  0%| F|  |TAMS 0x000000008d900000, 0x000000008d900000| Untracked 
| 218|0x000000008da00000, 0x000000008da00000, 0x000000008db00000|  0%| F|  |TAMS 0x000000008da00000, 0x000000008da00000| Untracked 
| 219|0x000000008db00000, 0x000000008db00000, 0x000000008dc00000|  0%| F|  |TAMS 0x000000008db00000, 0x000000008db00000| Untracked 
| 220|0x000000008dc00000, 0x000000008dc00000, 0x000000008dd00000|  0%| F|  |TAMS 0x000000008dc00000, 0x000000008dc00000| Untracked 
| 221|0x000000008dd00000, 0x000000008dd00000, 0x000000008de00000|  0%| F|  |TAMS 0x000000008dd00000, 0x000000008dd00000| Untracked 

Card table byte_map: [0x00000249c3640000,0x00000249c3a40000] _byte_map_base: 0x00000249c3240000

Marking Bits (Prev, Next): (CMBitMap*) 0x00000249b02cb298, (CMBitMap*) 0x00000249b02cb2d0
 Prev Bits: [0x00000249c3e40000, 0x00000249c5e40000)
 Next Bits: [0x00000249c5e40000, 0x00000249c7e40000)

Polling page: 0x00000249ae8d0000

Metaspace:

Usage:
  Non-class:     79.16 MB capacity,    77.74 MB ( 98%) used,     1.18 MB (  1%) free+waste,   249.19 KB ( <1%) overhead. 
      Class:     12.42 MB capacity,    11.65 MB ( 94%) used,   670.33 KB (  5%) free+waste,   114.81 KB ( <1%) overhead. 
       Both:     91.57 MB capacity,    89.38 MB ( 98%) used,     1.83 MB (  2%) free+waste,   364.00 KB ( <1%) overhead. 

Virtual space:
  Non-class space:       80.00 MB reserved,      79.20 MB ( 99%) committed 
      Class space:        1.00 GB reserved,      12.50 MB (  1%) committed 
             Both:        1.08 GB reserved,      91.70 MB (  8%) committed 

Chunk freelists:
   Non-Class:  43.00 KB
       Class:  0 bytes
        Both:  43.00 KB

MaxMetaspaceSize: 17179869184.00 GB
CompressedClassSpaceSize: 1.00 GB

CodeHeap 'non-profiled nmethods': size=120064Kb used=5636Kb max_used=5636Kb free=114427Kb
 bounds [0x00000249bb6d0000, 0x00000249bbc60000, 0x00000249c2c10000]
CodeHeap 'profiled nmethods': size=120000Kb used=23044Kb max_used=23044Kb free=96955Kb
 bounds [0x00000249b41a0000, 0x00000249b5830000, 0x00000249bb6d0000]
CodeHeap 'non-nmethods': size=5696Kb used=2279Kb max_used=2319Kb free=3417Kb
 bounds [0x00000249b3c10000, 0x00000249b3e80000, 0x00000249b41a0000]
 total_blobs=11754 nmethods=10875 adapters=790
 compilation: enabled
              stopped_count=0, restarted_count=0
 full_count=0

Compilation events (20 events):
Event: 23.947 Thread 0x00000249ca472800 11282       2       com.android.tools.r8.code.L1::a (36 bytes)
Event: 23.947 Thread 0x00000249ca472800 nmethod 11282 0x00000249b5820410 code [0x00000249b5820600, 0x00000249b5820878]
Event: 23.947 Thread 0x00000249ca472800 11283       2       com.android.tools.r8.code.L1::n (8 bytes)
Event: 23.947 Thread 0x00000249ca472800 nmethod 11283 0x00000249b5820a90 code [0x00000249b5820c40, 0x00000249b5820d78]
Event: 23.948 Thread 0x00000249ca472800 11284       2       com.google.common.collect.AbstractIndexedListIterator::<init> (21 bytes)
Event: 23.948 Thread 0x00000249ca472800 nmethod 11284 0x00000249b5820e10 code [0x00000249b5820fe0, 0x00000249b58211f8]
Event: 23.949 Thread 0x00000249ca472800 11285       2       com.google.common.collect.UnmodifiableListIterator::<init> (5 bytes)
Event: 23.949 Thread 0x00000249ca472800 nmethod 11285 0x00000249b5821390 code [0x00000249b5821540, 0x00000249b5821638]
Event: 23.951 Thread 0x00000249ca472800 11286       2       com.android.tools.r8.graph.J::m0 (49 bytes)
Event: 23.952 Thread 0x00000249ca472800 nmethod 11286 0x00000249b5821710 code [0x00000249b58218e0, 0x00000249b5821b48]
Event: 23.952 Thread 0x00000249ca472800 11287       2       com.android.tools.r8.graph.J::W (49 bytes)
Event: 23.952 Thread 0x00000249ca472800 nmethod 11287 0x00000249b5821c90 code [0x00000249b5821e60, 0x00000249b58220c8]
Event: 23.954 Thread 0x00000249ca472800 11290       2       com.android.tools.r8.code.J2::a (1 bytes)
Event: 23.954 Thread 0x00000249ca472800 nmethod 11290 0x00000249b5822210 code [0x00000249b58223c0, 0x00000249b58224b8]
Event: 23.958 Thread 0x00000249ca472800 11292       2       com.android.tools.r8.code.e::a (1 bytes)
Event: 23.959 Thread 0x00000249ca472800 nmethod 11292 0x00000249b5822590 code [0x00000249b5822740, 0x00000249b5822838]
Event: 23.960 Thread 0x00000249ca472800 11293       3       java.util.Spliterators$ArraySpliterator::forEachRemaining (68 bytes)
Event: 23.961 Thread 0x00000249ca472800 nmethod 11293 0x00000249b5822910 code [0x00000249b5822b00, 0x00000249b5822f78]
Event: 23.976 Thread 0x00000249ca472800 11296       2       com.google.common.collect.Interners$InternerImpl::intern (50 bytes)
Event: 23.977 Thread 0x00000249ca472800 nmethod 11296 0x00000249b5823110 code [0x00000249b5823340, 0x00000249b5823818]

GC Heap History (20 events):
Event: 11.615 GC heap after
{Heap after GC invocations=13 (full 0):
 garbage-first heap   total 189440K, used 43719K [0x0000000080000000, 0x0000000100000000)
  region size 1024K, 7 young (7168K), 7 survivors (7168K)
 Metaspace       used 58694K, capacity 60122K, committed 60160K, reserved 1101824K
  class space    used 7427K, capacity 7908K, committed 7936K, reserved 1048576K
}
Event: 13.232 GC heap before
{Heap before GC invocations=14 (full 0):
 garbage-first heap   total 189440K, used 118471K [0x0000000080000000, 0x0000000100000000)
  region size 1024K, 80 young (81920K), 7 survivors (7168K)
 Metaspace       used 65228K, capacity 66702K, committed 66892K, reserved 1107968K
  class space    used 8490K, capacity 9043K, committed 9088K, reserved 1048576K
}
Event: 13.253 GC heap after
{Heap after GC invocations=15 (full 0):
 garbage-first heap   total 189440K, used 48140K [0x0000000080000000, 0x0000000100000000)
  region size 1024K, 7 young (7168K), 7 survivors (7168K)
 Metaspace       used 65228K, capacity 66702K, committed 66892K, reserved 1107968K
  class space    used 8490K, capacity 9043K, committed 9088K, reserved 1048576K
}
Event: 14.944 GC heap before
{Heap before GC invocations=15 (full 0):
 garbage-first heap   total 189440K, used 124940K [0x0000000080000000, 0x0000000100000000)
  region size 1024K, 83 young (84992K), 7 survivors (7168K)
 Metaspace       used 74166K, capacity 75914K, committed 76108K, reserved 1116160K
  class space    used 9711K, capacity 10329K, committed 10368K, reserved 1048576K
}
Event: 14.971 GC heap after
{Heap after GC invocations=16 (full 0):
 garbage-first heap   total 189440K, used 53079K [0x0000000080000000, 0x0000000100000000)
  region size 1024K, 11 young (11264K), 11 survivors (11264K)
 Metaspace       used 74166K, capacity 75914K, committed 76108K, reserved 1116160K
  class space    used 9711K, capacity 10329K, committed 10368K, reserved 1048576K
}
Event: 16.879 GC heap before
{Heap before GC invocations=16 (full 0):
 garbage-first heap   total 189440K, used 132951K [0x0000000080000000, 0x0000000100000000)
  region size 1024K, 88 young (90112K), 11 survivors (11264K)
 Metaspace       used 76572K, capacity 78447K, committed 78668K, reserved 1118208K
  class space    used 9953K, capacity 10608K, committed 10624K, reserved 1048576K
}
Event: 16.918 GC heap after
{Heap after GC invocations=17 (full 0):
 garbage-first heap   total 189440K, used 67377K [0x0000000080000000, 0x0000000100000000)
  region size 1024K, 11 young (11264K), 11 survivors (11264K)
 Metaspace       used 76572K, capacity 78447K, committed 78668K, reserved 1118208K
  class space    used 9953K, capacity 10608K, committed 10624K, reserved 1048576K
}
Event: 18.853 GC heap before
{Heap before GC invocations=17 (full 0):
 garbage-first heap   total 189440K, used 149297K [0x0000000080000000, 0x0000000100000000)
  region size 1024K, 77 young (78848K), 11 survivors (11264K)
 Metaspace       used 79684K, capacity 81626K, committed 81868K, reserved 1120256K
  class space    used 10255K, capacity 10918K, committed 11008K, reserved 1048576K
}
Event: 18.884 GC heap after
{Heap after GC invocations=18 (full 0):
 garbage-first heap   total 189440K, used 73728K [0x0000000080000000, 0x0000000100000000)
  region size 1024K, 6 young (6144K), 6 survivors (6144K)
 Metaspace       used 79684K, capacity 81626K, committed 81868K, reserved 1120256K
  class space    used 10255K, capacity 10918K, committed 11008K, reserved 1048576K
}
Event: 20.089 GC heap before
{Heap before GC invocations=18 (full 0):
 garbage-first heap   total 189440K, used 139263K [0x0000000080000000, 0x0000000100000000)
  region size 1024K, 71 young (72704K), 6 survivors (6144K)
 Metaspace       used 83013K, capacity 85043K, committed 85068K, reserved 1122304K
  class space    used 10688K, capacity 11371K, committed 11392K, reserved 1048576K
}
Event: 20.116 GC heap after
{Heap after GC invocations=19 (full 0):
 garbage-first heap   total 227328K, used 77656K [0x0000000080000000, 0x0000000100000000)
  region size 1024K, 4 young (4096K), 4 survivors (4096K)
 Metaspace       used 83013K, capacity 85043K, committed 85068K, reserved 1122304K
  class space    used 10688K, capacity 11371K, committed 11392K, reserved 1048576K
}
Event: 21.436 GC heap before
{Heap before GC invocations=19 (full 0):
 garbage-first heap   total 227328K, used 168792K [0x0000000080000000, 0x0000000100000000)
  region size 1024K, 82 young (83968K), 4 survivors (4096K)
 Metaspace       used 86645K, capacity 88689K, committed 88908K, reserved 1126400K
  class space    used 11164K, capacity 11860K, committed 11904K, reserved 1048576K
}
Event: 21.457 GC heap after
{Heap after GC invocations=20 (full 0):
 garbage-first heap   total 227328K, used 98295K [0x0000000080000000, 0x0000000100000000)
  region size 1024K, 11 young (11264K), 11 survivors (11264K)
 Metaspace       used 86645K, capacity 88689K, committed 88908K, reserved 1126400K
  class space    used 11164K, capacity 11860K, committed 11904K, reserved 1048576K
}
Event: 22.538 GC heap before
{Heap before GC invocations=20 (full 0):
 garbage-first heap   total 227328K, used 170999K [0x0000000080000000, 0x0000000100000000)
  region size 1024K, 81 young (82944K), 11 survivors (11264K)
 Metaspace       used 89058K, capacity 91209K, committed 91468K, reserved 1128448K
  class space    used 11581K, capacity 12305K, committed 12416K, reserved 1048576K
}
Event: 22.615 GC heap after
{Heap after GC invocations=21 (full 0):
 garbage-first heap   total 227328K, used 123773K [0x0000000080000000, 0x0000000100000000)
  region size 1024K, 11 young (11264K), 11 survivors (11264K)
 Metaspace       used 89058K, capacity 91209K, committed 91468K, reserved 1128448K
  class space    used 11581K, capacity 12305K, committed 12416K, reserved 1048576K
}
Event: 22.944 GC heap before
{Heap before GC invocations=21 (full 0):
 garbage-first heap   total 227328K, used 138109K [0x0000000080000000, 0x0000000100000000)
  region size 1024K, 25 young (25600K), 11 survivors (11264K)
 Metaspace       used 90144K, capacity 92285K, committed 92620K, reserved 1130496K
  class space    used 11728K, capacity 12448K, committed 12544K, reserved 1048576K
}
Event: 23.011 GC heap after
{Heap after GC invocations=22 (full 0):
 garbage-first heap   total 227328K, used 131072K [0x0000000080000000, 0x0000000100000000)
  region size 1024K, 4 young (4096K), 4 survivors (4096K)
 Metaspace       used 90144K, capacity 92285K, committed 92620K, reserved 1130496K
  class space    used 11728K, capacity 12448K, committed 12544K, reserved 1048576K
}
Event: 23.852 GC heap before
{Heap before GC invocations=23 (full 0):
 garbage-first heap   total 227328K, used 153600K [0x0000000080000000, 0x0000000100000000)
  region size 1024K, 36 young (36864K), 4 survivors (4096K)
 Metaspace       used 91501K, capacity 93765K, committed 93900K, reserved 1130496K
  class space    used 11927K, capacity 12713K, committed 12800K, reserved 1048576K
}
Event: 23.878 GC heap after
{Heap after GC invocations=24 (full 0):
 garbage-first heap   total 227328K, used 127488K [0x0000000080000000, 0x0000000100000000)
  region size 1024K, 5 young (5120K), 5 survivors (5120K)
 Metaspace       used 91501K, capacity 93765K, committed 93900K, reserved 1130496K
  class space    used 11927K, capacity 12713K, committed 12800K, reserved 1048576K
}
Event: 23.986 GC heap before
{Heap before GC invocations=24 (full 0):
 garbage-first heap   total 227328K, used 132608K [0x0000000080000000, 0x0000000100000000)
  region size 1024K, 11 young (11264K), 5 survivors (5120K)
 Metaspace       used 91528K, capacity 93770K, committed 93900K, reserved 1130496K
  class space    used 11927K, capacity 12713K, committed 12800K, reserved 1048576K
}

Deoptimization events (20 events):
Event: 23.618 Thread 0x00000249cfb2c800 Uncommon trap: trap_request=0xffffffde fr.pc=0x00000249bbc10a8c relative=0x00000000000002ac
Event: 23.618 Thread 0x00000249cfb2c800 Uncommon trap: reason=class_check action=maybe_recompile pc=0x00000249bbc10a8c method=java.util.Map.computeIfAbsent(Ljava/lang/Object;Ljava/util/function/Function;)Ljava/lang/Object; @ 7 c2
Event: 23.618 Thread 0x00000249cfb2c800 DEOPT PACKING pc=0x00000249bbc10a8c sp=0x00000066584fd880
Event: 23.618 Thread 0x00000249cfb2c800 DEOPT UNPACKING pc=0x00000249b3c374af sp=0x00000066584fd838 mode 2
Event: 23.618 Thread 0x00000249cfb2c800 Uncommon trap: trap_request=0xffffffde fr.pc=0x00000249bbc10a8c relative=0x00000000000002ac
Event: 23.618 Thread 0x00000249cfb2c800 Uncommon trap: reason=class_check action=maybe_recompile pc=0x00000249bbc10a8c method=java.util.Map.computeIfAbsent(Ljava/lang/Object;Ljava/util/function/Function;)Ljava/lang/Object; @ 7 c2
Event: 23.618 Thread 0x00000249cfb2c800 DEOPT PACKING pc=0x00000249bbc10a8c sp=0x00000066584fd880
Event: 23.618 Thread 0x00000249cfb2c800 DEOPT UNPACKING pc=0x00000249b3c374af sp=0x00000066584fd838 mode 2
Event: 23.646 Thread 0x00000249cfb26000 Uncommon trap: trap_request=0xffffff4d fr.pc=0x00000249bba9f610 relative=0x0000000000000cf0
Event: 23.646 Thread 0x00000249cfb26000 Uncommon trap: reason=unstable_if action=reinterpret pc=0x00000249bba9f610 method=com.google.common.collect.MapMakerInternalMap$Segment.drainKeyReferenceQueue(Ljava/lang/ref/ReferenceQueue;)V @ 8 c2
Event: 23.646 Thread 0x00000249cfb26000 DEOPT PACKING pc=0x00000249bba9f610 sp=0x00000066579fb620
Event: 23.646 Thread 0x00000249cfb26000 DEOPT UNPACKING pc=0x00000249b3c374af sp=0x00000066579fb528 mode 2
Event: 23.706 Thread 0x00000249cfb2d800 DEOPT PACKING pc=0x00000249b57d5cfd sp=0x00000066587fea90
Event: 23.706 Thread 0x00000249cfb2d800 DEOPT UNPACKING pc=0x00000249b3c372ce sp=0x00000066587fdf40 mode 0
Event: 23.841 Thread 0x00000249cfb2c800 Uncommon trap: trap_request=0xffffffe4 fr.pc=0x00000249bbc0b868 relative=0x0000000000000228
Event: 23.841 Thread 0x00000249cfb2c800 Uncommon trap: reason=range_check action=make_not_entrant pc=0x00000249bbc0b868 method=com.android.tools.r8.graph.q0.b(Lcom/android/tools/r8/graph/q0;)I @ 9 c2
Event: 23.841 Thread 0x00000249cfb2c800 DEOPT PACKING pc=0x00000249bbc0b868 sp=0x00000066584fd1f0
Event: 23.841 Thread 0x00000249cfb2c800 DEOPT UNPACKING pc=0x00000249b3c374af sp=0x00000066584fd178 mode 2
Event: 23.919 Thread 0x00000249cfb2c800 DEOPT PACKING pc=0x00000249b57a65ef sp=0x00000066584fd700
Event: 23.919 Thread 0x00000249cfb2c800 DEOPT UNPACKING pc=0x00000249b3c372ce sp=0x00000066584fcbb8 mode 0

Classes redefined (0 events):
No events

Internal exceptions (20 events):
Event: 20.671 Thread 0x00000249cfb27000 Exception <a 'java/lang/NoSuchMethodError'{0x000000008c2a9d40}: 'java.lang.Object java.lang.invoke.DirectMethodHandle$Holder.invokeStatic(java.lang.Object, java.lang.Object, long)'> (0x000000008c2a9d40) thrown at [./src/hotspot/share/interpreter/linkResolver.cpp, line 773]
Event: 20.672 Thread 0x00000249cfb27000 Exception <a 'java/lang/NoSuchMethodError'{0x000000008c2b02b8}: 'java.lang.Object java.lang.invoke.Invokers$Holder.linkToTargetMethod(java.lang.Object, long, java.lang.Object)'> (0x000000008c2b02b8) thrown at [./src/hotspot/share/interpreter/linkResolver.cpp, line 773]
Event: 21.112 Thread 0x00000249cfb28800 Exception <a 'java/lang/NoSuchMethodError'{0x000000008a845f88}: 'int java.lang.invoke.DirectMethodHandle$Holder.invokeSpecial(java.lang.Object, java.lang.Object, java.lang.Object, java.lang.Object, java.lang.Object)'> (0x000000008a845f88) thrown at [./src/hotspot/share/interpreter/linkResolver.cpp, line 773]
Event: 21.129 Thread 0x00000249cfb2c800 Exception <a 'sun/nio/fs/WindowsException'{0x000000008a894618}> (0x000000008a894618) thrown at [./src/hotspot/share/prims/jni.cpp, line 615]
Event: 21.227 Thread 0x00000249cfb2c800 Exception <a 'java/lang/NoSuchMethodError'{0x000000008a5a7300}: 'int java.lang.invoke.DirectMethodHandle$Holder.invokeVirtual(java.lang.Object, java.lang.Object, java.lang.Object)'> (0x000000008a5a7300) thrown at [./src/hotspot/share/interpreter/linkResolver.cpp, line 773]
Event: 21.286 Thread 0x00000249cfb2b000 Exception <a 'java/lang/NoSuchMethodError'{0x000000008a240c88}: 'java.lang.Object java.lang.invoke.DirectMethodHandle$Holder.invokeVirtual(java.lang.Object, java.lang.Object, int)'> (0x000000008a240c88) thrown at [./src/hotspot/share/interpreter/linkResolver.cpp, line 773]
Event: 21.289 Thread 0x00000249cfb2b000 Exception <a 'java/lang/NoSuchMethodError'{0x000000008a27b478}: 'void java.lang.invoke.DirectMethodHandle$Holder.invokeStatic(java.lang.Object, java.lang.Object, java.lang.Object, int)'> (0x000000008a27b478) thrown at [./src/hotspot/share/interpreter/linkResolver.cpp, line 773]
Event: 21.305 Thread 0x00000249cfb2c800 Exception <a 'java/lang/NoSuchMethodError'{0x000000008a199920}: 'int java.lang.invoke.DirectMethodHandle$Holder.invokeVirtual(java.lang.Object, java.lang.Object)'> (0x000000008a199920) thrown at [./src/hotspot/share/interpreter/linkResolver.cpp, line 773]
Event: 21.305 Thread 0x00000249cfb2c800 Exception <a 'java/lang/NoSuchMethodError'{0x000000008a19f050}: 'java.lang.Object java.lang.invoke.DirectMethodHandle$Holder.invokeStatic(java.lang.Object, java.lang.Object, java.lang.Object, java.lang.Object, java.lang.Object, java.lang.Object, java.lang.Object, java.lang.Object, java.lang.Object, java.lang.Object, java.lang.Object, java.lang.Object, java.lang.Object, java.lang.Object, java.lang.Object, java.lang.Object, java.lang.Object, int, java.lang.Object)'> (0x000000008a19f050) thrown at [./src/hots
Event: 21.306 Thread 0x00000249cfb2c800 Exception <a 'java/lang/NoSuchMethodError'{0x000000008a1a46a0}: 'java.lang.Object java.lang.invoke.DirectMethodHandle$Holder.invokeStaticInit(java.lang.Object, java.lang.Object, java.lang.Object, java.lang.Object, java.lang.Object, java.lang.Object, java.lang.Object, java.lang.Object, java.lang.Object, java.lang.Object, java.lang.Object, java.lang.Object, java.lang.Object, java.lang.Object, java.lang.Object, java.lang.Object, java.lang.Object, int, java.lang.Object)'> (0x000000008a1a46a0) thrown at [./src/
Event: 21.615 Thread 0x00000249cfb27000 Exception <a 'java/lang/NoSuchMethodError'{0x000000008d834ce0}: 'int java.lang.invoke.DirectMethodHandle$Holder.invokeSpecialIFC(java.lang.Object, java.lang.Object, java.lang.Object)'> (0x000000008d834ce0) thrown at [./src/hotspot/share/interpreter/linkResolver.cpp, line 773]
Event: 21.957 Thread 0x00000249cfbeb800 Exception <a 'java/lang/NoSuchMethodError'{0x000000008ba31558}: 'java.lang.Object java.lang.invoke.DirectMethodHandle$Holder.newInvokeSpecial(java.lang.Object, int)'> (0x000000008ba31558) thrown at [./src/hotspot/share/interpreter/linkResolver.cpp, line 773]
Event: 22.834 Thread 0x00000249cfb2c800 Exception <a 'java/lang/IncompatibleClassChangeError'{0x000000008d206950}: Found class java.lang.Object, but interface was expected> (0x000000008d206950) thrown at [./src/hotspot/share/interpreter/linkResolver.cpp, line 839]
Event: 22.928 Thread 0x00000249cfb2b000 Exception <a 'sun/nio/fs/WindowsException'{0x000000008d2bb070}> (0x000000008d2bb070) thrown at [./src/hotspot/share/prims/jni.cpp, line 615]
Event: 23.070 Thread 0x00000249cfb2c800 Exception <a 'java/lang/NoSuchMethodError'{0x000000008dc98cd8}: 'void java.lang.invoke.DirectMethodHandle$Holder.invokeStaticInit(java.lang.Object, java.lang.Object, java.lang.Object, java.lang.Object, java.lang.Object)'> (0x000000008dc98cd8) thrown at [./src/hotspot/share/interpreter/linkResolver.cpp, line 773]
Event: 23.315 Thread 0x00000249cfb2c800 Exception <a 'java/lang/NoSuchMethodError'{0x000000008d791758}: 'java.lang.Object java.lang.invoke.DirectMethodHandle$Holder.invokeStatic(java.lang.Object, int, java.lang.Object, java.lang.Object)'> (0x000000008d791758) thrown at [./src/hotspot/share/interpreter/linkResolver.cpp, line 773]
Event: 23.329 Thread 0x00000249cfb2c800 Exception <a 'java/lang/NoSuchMethodError'{0x000000008d7f5a68}: 'long java.lang.invoke.DirectMethodHandle$Holder.invokeStatic(java.lang.Object, java.lang.Object)'> (0x000000008d7f5a68) thrown at [./src/hotspot/share/interpreter/linkResolver.cpp, line 773]
Event: 23.340 Thread 0x00000249cfb2d800 Exception <a 'java/lang/NoSuchMethodError'{0x000000008d694078}: 'void java.lang.invoke.DirectMethodHandle$Holder.invokeSpecial(java.lang.Object, java.lang.Object, int, java.lang.Object)'> (0x000000008d694078) thrown at [./src/hotspot/share/interpreter/linkResolver.cpp, line 773]
Event: 23.633 Thread 0x00000249cfb2c800 Exception <a 'java/lang/NoSuchMethodError'{0x000000008c8b86f0}: 'java.lang.Object java.lang.invoke.DirectMethodHandle$Holder.invokeSpecial(java.lang.Object, java.lang.Object, java.lang.Object, java.lang.Object, java.lang.Object, java.lang.Object, java.lang.Object, java.lang.Object, java.lang.Object, java.lang.Object)'> (0x000000008c8b86f0) thrown at [./src/hotspot/share/interpreter/linkResolver.cpp, line 773]
Event: 23.633 Thread 0x00000249cfb2c800 Exception <a 'java/lang/NoSuchMethodError'{0x000000008c8bc7e0}: 'java.lang.Object java.lang.invoke.Invokers$Holder.linkToTargetMethod(java.lang.Object, java.lang.Object, java.lang.Object, java.lang.Object, java.lang.Object, java.lang.Object, java.lang.Object, java.lang.Object, java.lang.Object)'> (0x000000008c8bc7e0) thrown at [./src/hotspot/share/interpreter/linkResolver.cpp, line 773]

Events (20 events):
Event: 23.773 loading class com/android/tools/r8/graph/S done
Event: 23.774 loading class com/android/tools/r8/graph/S$h
Event: 23.774 loading class com/android/tools/r8/graph/S$h done
Event: 23.775 loading class com/android/tools/r8/graph/R0$d
Event: 23.775 loading class com/android/tools/r8/graph/R0$d done
Event: 23.775 loading class com/android/tools/r8/graph/j0
Event: 23.775 loading class com/android/tools/r8/graph/j0 done
Event: 23.775 loading class com/android/tools/r8/graph/R0$f
Event: 23.775 loading class com/android/tools/r8/graph/R0$f done
Event: 23.775 loading class com/android/tools/r8/graph/R0$f
Event: 23.775 loading class com/android/tools/r8/graph/R0$f done
Event: 23.776 loading class com/android/tools/r8/graph/R0$d
Event: 23.776 loading class com/android/tools/r8/graph/R0$d done
Event: 23.776 loading class com/android/tools/r8/graph/R0$f
Event: 23.776 loading class com/android/tools/r8/graph/R0$f done
Event: 23.776 loading class com/android/tools/r8/graph/R0$k
Event: 23.776 loading class com/android/tools/r8/graph/R0$k done
Event: 23.849 Executing VM operation: G1CollectForAllocation
Event: 23.878 Executing VM operation: G1CollectForAllocation done
Event: 23.985 Executing VM operation: G1CollectForAllocation


Dynamic libraries:
0x00007ff605020000 - 0x00007ff60502a000 	C:\Program Files\Android\Android Studio\jre\bin\java.exe
0x00007fff7f670000 - 0x00007fff7f865000 	C:\Windows\SYSTEM32\ntdll.dll
0x00007fff7ec90000 - 0x00007fff7ed4d000 	C:\Windows\System32\KERNEL32.DLL
0x00007fff7d090000 - 0x00007fff7d358000 	C:\Windows\System32\KERNELBASE.dll
0x00007fff7cf40000 - 0x00007fff7d040000 	C:\Windows\System32\ucrtbase.dll
0x00007fff69fa0000 - 0x00007fff69fb9000 	C:\Program Files\Android\Android Studio\jre\bin\jli.dll
0x00007fff69640000 - 0x00007fff69657000 	C:\Program Files\Android\Android Studio\jre\bin\VCRUNTIME140.dll
0x00007fff7ef10000 - 0x00007fff7f0b0000 	C:\Windows\System32\USER32.dll
0x00007fff7d4c0000 - 0x00007fff7d4e2000 	C:\Windows\System32\win32u.dll
0x00007fff7d750000 - 0x00007fff7d77a000 	C:\Windows\System32\GDI32.dll
0x00007fff7d520000 - 0x00007fff7d62b000 	C:\Windows\System32\gdi32full.dll
0x00007fff7d630000 - 0x00007fff7d6cd000 	C:\Windows\System32\msvcp_win.dll
0x00007fff6a9b0000 - 0x00007fff6ac4a000 	C:\Windows\WinSxS\amd64_microsoft.windows.common-controls_6595b64144ccf1df_6.0.19041.844_none_ca00b6081b84eb1d\COMCTL32.dll
0x00007fff7f590000 - 0x00007fff7f62e000 	C:\Windows\System32\msvcrt.dll
0x00007fff7f500000 - 0x00007fff7f530000 	C:\Windows\System32\IMM32.DLL
0x00007fff3b640000 - 0x00007fff3b6dd000 	C:\Program Files\Android\Android Studio\jre\bin\msvcp140.dll
0x00007fff39000000 - 0x00007fff39abc000 	C:\Program Files\Android\Android Studio\jre\bin\server\jvm.dll
0x00007fff7d830000 - 0x00007fff7d8dc000 	C:\Windows\System32\ADVAPI32.dll
0x00007fff7d790000 - 0x00007fff7d82b000 	C:\Windows\System32\sechost.dll
0x00007fff7f110000 - 0x00007fff7f23b000 	C:\Windows\System32\RPCRT4.dll
0x00007fff7ef00000 - 0x00007fff7ef08000 	C:\Windows\System32\PSAPI.DLL
0x00007fff79f30000 - 0x00007fff79f39000 	C:\Windows\SYSTEM32\WSOCK32.dll
0x00007fff7ee90000 - 0x00007fff7eefb000 	C:\Windows\System32\WS2_32.dll
0x00007fff58ed0000 - 0x00007fff58ef7000 	C:\Windows\SYSTEM32\WINMM.dll
0x00007fff6dc40000 - 0x00007fff6dc4a000 	C:\Windows\SYSTEM32\VERSION.dll
0x00007fff7b660000 - 0x00007fff7b672000 	C:\Windows\SYSTEM32\kernel.appcore.dll
0x00007fff77ee0000 - 0x00007fff77ef1000 	C:\Program Files\Android\Android Studio\jre\bin\verify.dll
0x00007fff78290000 - 0x00007fff78474000 	C:\Windows\SYSTEM32\DBGHELP.DLL
0x00007fff5da30000 - 0x00007fff5da5c000 	C:\Windows\SYSTEM32\dbgcore.DLL
0x00007fff7ce10000 - 0x00007fff7ce90000 	C:\Windows\System32\bcryptPrimitives.dll
0x00007fff764c0000 - 0x00007fff764e9000 	C:\Program Files\Android\Android Studio\jre\bin\java.dll
0x00007fff784d0000 - 0x00007fff784db000 	C:\Program Files\Android\Android Studio\jre\bin\jimage.dll
0x00007fff6e160000 - 0x00007fff6e178000 	C:\Program Files\Android\Android Studio\jre\bin\zip.dll
0x00007fff7e040000 - 0x00007fff7e782000 	C:\Windows\System32\SHELL32.dll
0x00007fff7a930000 - 0x00007fff7b0c0000 	C:\Windows\SYSTEM32\windows.storage.dll
0x00007fff7dbc0000 - 0x00007fff7df15000 	C:\Windows\System32\combase.dll
0x00007fff7c7b0000 - 0x00007fff7c7dc000 	C:\Windows\SYSTEM32\Wldp.dll
0x00007fff7ede0000 - 0x00007fff7ee8e000 	C:\Windows\System32\SHCORE.dll
0x00007fff7f310000 - 0x00007fff7f365000 	C:\Windows\System32\shlwapi.dll
0x00007fff7ccf0000 - 0x00007fff7cd0f000 	C:\Windows\SYSTEM32\profapi.dll
0x00007fff6e140000 - 0x00007fff6e15a000 	C:\Program Files\Android\Android Studio\jre\bin\net.dll
0x00007fff6af40000 - 0x00007fff6b04b000 	C:\Windows\SYSTEM32\WINHTTP.dll
0x00007fff7c520000 - 0x00007fff7c58a000 	C:\Windows\system32\mswsock.dll
0x00007fff6e120000 - 0x00007fff6e134000 	C:\Program Files\Android\Android Studio\jre\bin\nio.dll
0x00007fff76910000 - 0x00007fff76937000 	C:\Users\Admin\.gradle\native\fdc75f09e3144964f2cf3f50f0aa648679c211496f362492102eb8c894070792\windows-amd64\native-platform.dll
0x00007fff3b6e0000 - 0x00007fff3b876000 	C:\Users\Admin\.gradle\native\12488b8bf47d2d4c9fbf2f6322a914ad602e24e48041cd04a747c6da556b65c4\windows-amd64\native-platform-file-events.dll
0x00007fff77d80000 - 0x00007fff77d8a000 	C:\Program Files\Android\Android Studio\jre\bin\management.dll
0x00007fff769a0000 - 0x00007fff769ac000 	C:\Program Files\Android\Android Studio\jre\bin\management_ext.dll
0x00007fff7c700000 - 0x00007fff7c718000 	C:\Windows\SYSTEM32\CRYPTSP.dll
0x00007fff7be60000 - 0x00007fff7be94000 	C:\Windows\system32\rsaenh.dll
0x00007fff7d4f0000 - 0x00007fff7d517000 	C:\Windows\System32\bcrypt.dll
0x00007fff7ccb0000 - 0x00007fff7ccde000 	C:\Windows\SYSTEM32\USERENV.dll
0x00007fff7c6f0000 - 0x00007fff7c6fc000 	C:\Windows\SYSTEM32\CRYPTBASE.dll
0x00007fff7c210000 - 0x00007fff7c24b000 	C:\Windows\SYSTEM32\IPHLPAPI.DLL
0x00007fff7d780000 - 0x00007fff7d788000 	C:\Windows\System32\NSI.dll
0x00007fff713d0000 - 0x00007fff713e7000 	C:\Windows\SYSTEM32\dhcpcsvc6.DLL
0x00007fff713b0000 - 0x00007fff713cd000 	C:\Windows\SYSTEM32\dhcpcsvc.DLL
0x00007fff7c250000 - 0x00007fff7c31c000 	C:\Windows\SYSTEM32\DNSAPI.dll
0x00007fff732d0000 - 0x00007fff732db000 	C:\Windows\SYSTEM32\WINNSI.DLL

dbghelp: loaded successfully - version: 4.0.5 - missing functions: none
symbol engine: initialized successfully - sym options: 0x614 - pdb path: .;C:\Program Files\Android\Android Studio\jre\bin;C:\Windows\SYSTEM32;C:\Windows\WinSxS\amd64_microsoft.windows.common-controls_6595b64144ccf1df_6.0.19041.844_none_ca00b6081b84eb1d;C:\Program Files\Android\Android Studio\jre\bin\server;C:\Users\Admin\.gradle\native\fdc75f09e3144964f2cf3f50f0aa648679c211496f362492102eb8c894070792\windows-amd64;C:\Users\Admin\.gradle\native\12488b8bf47d2d4c9fbf2f6322a914ad602e24e48041cd04a747c6da556b65c4\windows-amd64

VM Arguments:
jvm_args: --add-opens=java.base/java.util=ALL-UNNAMED --add-opens=java.base/java.lang=ALL-UNNAMED --add-opens=java.base/java.lang.invoke=ALL-UNNAMED --add-opens=java.prefs/java.util.prefs=ALL-UNNAMED -Xmx2048m -Dfile.encoding=UTF-8 -Duser.country=IN -Duser.language=en -Duser.variant 
java_command: org.gradle.launcher.daemon.bootstrap.GradleDaemon 6.7.1
java_class_path (initial): C:\Users\Admin\.gradle\wrapper\dists\gradle-6.7.1-bin\bwlcbys1h7rz3272sye1xwiv6\gradle-6.7.1\lib\gradle-launcher-6.7.1.jar
Launcher Type: SUN_STANDARD

[Global flags]
     intx CICompilerCount                          = 3                                         {product} {ergonomic}
     uint ConcGCThreads                            = 1                                         {product} {ergonomic}
     uint G1ConcRefinementThreads                  = 4                                         {product} {ergonomic}
   size_t G1HeapRegionSize                         = 1048576                                   {product} {ergonomic}
    uintx GCDrainStackTargetSize                   = 64                                        {product} {ergonomic}
   size_t InitialHeapSize                          = 134217728                                 {product} {ergonomic}
   size_t MarkStackSize                            = 4194304                                   {product} {ergonomic}
   size_t MaxHeapSize                              = 2147483648                                {product} {command line}
   size_t MaxNewSize                               = 1287651328                                {product} {ergonomic}
   size_t MinHeapDeltaBytes                        = 1048576                                   {product} {ergonomic}
    uintx NonNMethodCodeHeapSize                   = 5830732                                {pd product} {ergonomic}
    uintx NonProfiledCodeHeapSize                  = 122913754                              {pd product} {ergonomic}
    uintx ProfiledCodeHeapSize                     = 122913754                              {pd product} {ergonomic}
    uintx ReservedCodeCacheSize                    = 251658240                              {pd product} {ergonomic}
     bool SegmentedCodeCache                       = true                                      {product} {ergonomic}
     bool UseCompressedClassPointers               = true                                 {lp64_product} {ergonomic}
     bool UseCompressedOops                        = true                                 {lp64_product} {ergonomic}
     bool UseG1GC                                  = true                                      {product} {ergonomic}
     bool UseLargePagesIndividualAllocation        = false                                  {pd product} {ergonomic}

Logging:
Log output configuration:
 #0: stdout all=warning uptime,level,tags
 #1: stderr all=off uptime,level,tags

Environment Variables:
PATH=C:\Program Files\Common Files\Oracle\Java\javapath;C:\Windows\system32;C:\Windows;C:\Windows\System32\Wbem;C:\Windows\System32\WindowsPowerShell\v1.0\;C:\Windows\System32\OpenSSH\;C:\Program Files (x86)\Google\Google Apps Migration\;C:\Program Files (x86)\Google\Google Apps Sync\;C:\MinGW\bin;C:\Program Files\Java\jdk-11.0.9\bin;C:\Program Files (x86)\GtkSharp\2.12\bin;C:\Program Files (x86)\Intel\Intel(R) Management Engine Components\DAL;C:\Program Files\Intel\Intel(R) Management Engine Components\DAL;C:\Program Files (x86)\Windows Live\Shared;C:\Program Files\dotnet\;C:\Program Files (x86)\Common Files\Acronis\SnapAPI\;C:\Program Files\Git\cmd;C:\MinGW\bin;C:\Users\Admin\AppData\Local\Programs\Microsoft VS Code\bin;C:\Users\Admin\.dotnet\tools
USERNAME=Admin
OS=Windows_NT
PROCESSOR_IDENTIFIER=Intel64 Family 6 Model 78 Stepping 3, GenuineIntel



---------------  S Y S T E M  ---------------

OS: Windows 10 , 64 bit Build 19041 (10.0.19041.928)
OS uptime: 0 days 10:32 hours

CPU:total 4 (initial active 4) (2 cores per cpu, 2 threads per core) family 6 model 78 stepping 3, cmov, cx8, fxsr, mmx, sse, sse2, sse3, ssse3, sse4.1, sse4.2, popcnt, avx, avx2, aes, clmul, erms, rtm, 3dnowpref, lzcnt, ht, tsc, tscinvbit, bmi1, bmi2, adx, fma

Memory: 4k page, system-wide physical 8071M (815M free)
TotalPageFile size 8071M (AvailPageFile size 5M)
current process WorkingSet (physical memory assigned to process): 495M, peak: 495M
current process commit charge ("private bytes"): 527M, peak: 583M

vm_info: OpenJDK 64-Bit Server VM (11.0.8+10-b944.6842174) for windows-amd64 JRE (11.0.8+10-b944.6842174), built on Sep 19 2020 01:11:42 by "builder" with MS VC++ 14.0 (VS2015)

END.
