#
# There is insufficient memory for the Java Runtime Environment to continue.
# Native memory allocation (mmap) failed to map 84934656 bytes for Failed to commit area from 0x000000008e200000 to 0x0000000093300000 of length 84934656.
# Possible reasons:
#   The system is out of physical RAM or swap space
#   The process is running with CompressedOops enabled, and the Java Heap may be blocking the growth of the native heap
# Possible solutions:
#   Reduce memory load on the system
#   Increase physical memory or swap space
#   Check if swap backing store is full
#   Decrease Java heap size (-Xmx/-Xms)
#   Decrease number of Java threads
#   Decrease Java thread stack sizes (-Xss)
#   Set larger code cache with -XX:ReservedCodeCacheSize=
#   JVM is running with Unscaled Compressed Oops mode in which the Java heap is
#     placed in the first 4GB address space. The Java Heap base address is the
#     maximum limit for the native heap growth. Please use -XX:HeapBaseMinAddress
#     to set the Java Heap base and to place the Java Heap above 4GB virtual address.
# This output file may be truncated or incomplete.
#
#  Out of Memory Error (./src/hotspot/os/windows/os_windows.cpp:3303), pid=3096, tid=15264
#
# JRE version: OpenJDK Runtime Environment (11.0.8+10) (build 11.0.8+10-b944.6842174)
# Java VM: OpenJDK 64-Bit Server VM (11.0.8+10-b944.6842174, mixed mode, tiered, compressed oops, g1 gc, windows-amd64)
# No core dump will be written. Minidumps are not enabled by default on client versions of Windows
#

---------------  S U M M A R Y ------------

Command Line: --add-opens=java.base/java.util=ALL-UNNAMED --add-opens=java.base/java.lang=ALL-UNNAMED --add-opens=java.base/java.lang.invoke=ALL-UNNAMED --add-opens=java.prefs/java.util.prefs=ALL-UNNAMED -Xmx2048m -Dfile.encoding=UTF-8 -Duser.country=IN -Duser.language=en -Duser.variant org.gradle.launcher.daemon.bootstrap.GradleDaemon 6.7.1

Host: Intel(R) Core(TM) i5-6300U CPU @ 2.40GHz, 4 cores, 7G,  Windows 10 , 64 bit Build 19041 (10.0.19041.928)
Time: Thu Jun 10 02:40:02 2021 India Standard Time elapsed time: 20 seconds (0d 0h 0m 20s)

---------------  T H R E A D  ---------------

Current thread (0x00000288c7be8800):  VMThread "VM Thread" [stack: 0x0000009ec1000000,0x0000009ec1100000] [id=15264]

Stack: [0x0000009ec1000000,0x0000009ec1100000]
[error occurred during error reporting (printing stack bounds), id 0xc0000005, EXCEPTION_ACCESS_VIOLATION (0xc0000005) at pc=0x00000288b1b10dad]

Native frames: (J=compiled Java code, j=interpreted, Vv=VM code, C=native code)
V  [jvm.dll+0x5de50a]
V  [jvm.dll+0x7122f5]
V  [jvm.dll+0x71384d]
V  [jvm.dll+0x713e65]
V  [jvm.dll+0x713e1b]
V  [jvm.dll+0x5dd958]
V  [jvm.dll+0x5de0f8]
C  [ntdll.dll+0xa217f]
C  [ntdll.dll+0x51454]
C  [ntdll.dll+0xa0cae]
C  0x00000288b1b10dad

VM_Operation (0x0000009eca8fc540): G1CollectForAllocation, mode: safepoint, requested by thread 0x00000288ce7a9000


---------------  P R O C E S S  ---------------

Threads class SMR info:
_java_thread_list=0x00000288cfe8c8e0, length=151, elements={
0x00000288ae18e000, 0x00000288c7bf0000, 0x00000288c7bf3800, 0x00000288c8582800,
0x00000288c8583000, 0x00000288c7c0a800, 0x00000288c7c15800, 0x00000288c7c1f000,
0x00000288c86b3000, 0x00000288c86cd800, 0x00000288c9f5d000, 0x00000288c93de000,
0x00000288ca2c6800, 0x00000288c88d3800, 0x00000288ca23b800, 0x00000288c9cb7800,
0x00000288ca1fc800, 0x00000288c9da9000, 0x00000288c9dbf800, 0x00000288c9abf000,
0x00000288c9baa800, 0x00000288ca271800, 0x00000288ca270000, 0x00000288ca272800,
0x00000288ca273800, 0x00000288ca274000, 0x00000288ca26f000, 0x00000288ca271000,
0x00000288ca26e800, 0x00000288ca275000, 0x00000288cc9a6800, 0x00000288cc9a7800,
0x00000288cc9a8000, 0x00000288cc9a9000, 0x00000288cc9a3000, 0x00000288cc9a9800,
0x00000288cc9a4000, 0x00000288cc9aa800, 0x00000288cc9a5000, 0x00000288cc9ab800,
0x00000288cc9a5800, 0x00000288cc9ad000, 0x00000288cc9ac000, 0x00000288cc9ae000,
0x00000288cc9ae800, 0x00000288cc9af800, 0x00000288cc9b0800, 0x00000288cc9b1000,
0x00000288ccb63000, 0x00000288ccb60800, 0x00000288ccb63800, 0x00000288ccb64800,
0x00000288ccb61000, 0x00000288ccb5f000, 0x00000288ccb65800, 0x00000288ccb5f800,
0x00000288ccb67000, 0x00000288ccb67800, 0x00000288ccb62000, 0x00000288ccb68800,
0x00000288ccb69800, 0x00000288ccb66000, 0x00000288ccb6c800, 0x00000288ccb6a000,
0x00000288ccb6c000, 0x00000288ccb6b000, 0x00000288ccb6d800, 0x00000288cf21f800,
0x00000288cf220000, 0x00000288cf221000, 0x00000288cf21b800, 0x00000288cf222000,
0x00000288cf21e800, 0x00000288cf21c000, 0x00000288cf21d000, 0x00000288cf222800,
0x00000288cf223800, 0x00000288cf21d800, 0x00000288cf224800, 0x00000288cf22a000,
0x00000288cf229000, 0x00000288cf225000, 0x00000288cf228800, 0x00000288cf226000,
0x00000288cf226800, 0x00000288cf227800, 0x00000288ce168800, 0x00000288ce168000,
0x00000288ce166000, 0x00000288ce167000, 0x00000288ce169800, 0x00000288ce16a800,
0x00000288ce16b000, 0x00000288ce165800, 0x00000288ce16d800, 0x00000288ce16c000,
0x00000288ce16f000, 0x00000288ce170000, 0x00000288ce16d000, 0x00000288ce171000,
0x00000288ce174000, 0x00000288ce16e800, 0x00000288ce171800, 0x00000288ce172800,
0x00000288ce173800, 0x00000288cc7b5000, 0x00000288cc7b8000, 0x00000288cc7b2800,
0x00000288cc7b5800, 0x00000288cc7b9000, 0x00000288cc7b3000, 0x00000288cc7b7000,
0x00000288cc7b6800, 0x00000288cc7b9800, 0x00000288cc7b4000, 0x00000288cc7bf800,
0x00000288cc7be000, 0x00000288cc7be800, 0x00000288cc7bb800, 0x00000288cc7c0000,
0x00000288cc7ba800, 0x00000288cc7bc000, 0x00000288cc7c1000, 0x00000288cc7bd000,
0x00000288cce99000, 0x00000288cce9a000, 0x00000288cce9b800, 0x00000288cce9a800,
0x00000288cce97800, 0x00000288cce98000, 0x00000288cce95800, 0x00000288cce9c000,
0x00000288cce96800, 0x00000288cce9f800, 0x00000288ccea2000, 0x00000288ccea3000,
0x00000288ccea1000, 0x00000288cce9d000, 0x00000288ccea0800, 0x00000288ccea3800,
0x00000288cce9e000, 0x00000288ccea4800, 0x00000288cce9e800, 0x00000288ce7ac800,
0x00000288ce7ae000, 0x00000288ce7a8800, 0x00000288ce7a9000, 0x00000288ce7ad000,
0x00000288ce7aa000, 0x00000288ce7af000, 0x00000288ce7b0800
}

Java Threads: ( => current thread )
  0x00000288ae18e000 JavaThread "main" [_thread_blocked, id=14852, stack(0x0000009ec0a00000,0x0000009ec0b00000)]
  0x00000288c7bf0000 JavaThread "Reference Handler" daemon [_thread_blocked, id=2456, stack(0x0000009ec1100000,0x0000009ec1200000)]
  0x00000288c7bf3800 JavaThread "Finalizer" daemon [_thread_blocked, id=7220, stack(0x0000009ec1200000,0x0000009ec1300000)]
  0x00000288c8582800 JavaThread "Signal Dispatcher" daemon [_thread_blocked, id=13228, stack(0x0000009ec1300000,0x0000009ec1400000)]
  0x00000288c8583000 JavaThread "Attach Listener" daemon [_thread_blocked, id=14428, stack(0x0000009ec1400000,0x0000009ec1500000)]
  0x00000288c7c0a800 JavaThread "C2 CompilerThread0" daemon [_thread_blocked, id=12848, stack(0x0000009ec1500000,0x0000009ec1600000)]
  0x00000288c7c15800 JavaThread "C1 CompilerThread0" daemon [_thread_blocked, id=6524, stack(0x0000009ec1600000,0x0000009ec1700000)]
  0x00000288c7c1f000 JavaThread "Sweeper thread" daemon [_thread_blocked, id=12504, stack(0x0000009ec1700000,0x0000009ec1800000)]
  0x00000288c86b3000 JavaThread "Common-Cleaner" daemon [_thread_blocked, id=7480, stack(0x0000009ec1800000,0x0000009ec1900000)]
  0x00000288c86cd800 JavaThread "Service Thread" daemon [_thread_blocked, id=12616, stack(0x0000009ec1900000,0x0000009ec1a00000)]
  0x00000288c9f5d000 JavaThread "Daemon health stats" [_thread_blocked, id=3508, stack(0x0000009ec1e00000,0x0000009ec1f00000)]
  0x00000288c93de000 JavaThread "Incoming local TCP Connector on port 55840" [_thread_in_native, id=11204, stack(0x0000009ec2000000,0x0000009ec2100000)]
  0x00000288ca2c6800 JavaThread "Daemon periodic checks" [_thread_blocked, id=15192, stack(0x0000009ec2100000,0x0000009ec2200000)]
  0x00000288c88d3800 JavaThread "Daemon" [_thread_blocked, id=9896, stack(0x0000009ec2200000,0x0000009ec2300000)]
  0x00000288ca23b800 JavaThread "Handler for socket connection from /127.0.0.1:55840 to /127.0.0.1:55841" [_thread_in_native, id=13280, stack(0x0000009ec2300000,0x0000009ec2400000)]
  0x00000288c9cb7800 JavaThread "Cancel handler" [_thread_blocked, id=14560, stack(0x0000009ec2400000,0x0000009ec2500000)]
  0x00000288ca1fc800 JavaThread "Daemon worker" [_thread_blocked, id=11352, stack(0x0000009ec2500000,0x0000009ec2600000)]
  0x00000288c9da9000 JavaThread "Asynchronous log dispatcher for DefaultDaemonConnection: socket connection from /127.0.0.1:55840 to /127.0.0.1:55841" [_thread_blocked, id=1580, stack(0x0000009ec2600000,0x0000009ec2700000)]
  0x00000288c9dbf800 JavaThread "Stdin handler" [_thread_blocked, id=10488, stack(0x0000009ec2700000,0x0000009ec2800000)]
  0x00000288c9abf000 JavaThread "Thread-8" [_thread_blocked, id=10244, stack(0x0000009ec2800000,0x0000009ec2900000)]
  0x00000288c9baa800 JavaThread "C2 CompilerThread1" daemon [_thread_in_native, id=1372, stack(0x0000009ec2900000,0x0000009ec2a00000)]
  0x00000288ca271800 JavaThread "Cache worker for file hash cache (C:\Users\Admin\.gradle\caches\6.7.1\fileHashes)" [_thread_blocked, id=8944, stack(0x0000009ec2a00000,0x0000009ec2b00000)]
  0x00000288ca270000 JavaThread "File lock request listener" [_thread_in_native, id=12996, stack(0x0000009ec2b00000,0x0000009ec2c00000)]
  0x00000288ca272800 JavaThread "Cache worker for journal cache (C:\Users\Admin\.gradle\caches\journal-1)" [_thread_blocked, id=6700, stack(0x0000009ec2d00000,0x0000009ec2e00000)]
  0x00000288ca273800 JavaThread "Cache worker for file hash cache (C:\Users\Admin\AndroidStudioProjects\CreamixShoppingApp\.gradle\6.7.1\fileHashes)" [_thread_blocked, id=9492, stack(0x0000009ec2e00000,0x0000009ec2f00000)]
  0x00000288ca274000 JavaThread "Cache worker for checksums cache (C:\Users\Admin\AndroidStudioProjects\CreamixShoppingApp\.gradle\checksums)" [_thread_blocked, id=6384, stack(0x0000009ec2f00000,0x0000009ec3000000)]
  0x00000288ca26f000 JavaThread "Cache worker for cache directory md-supplier (C:\Users\Admin\.gradle\caches\6.7.1\md-supplier)" [_thread_blocked, id=7280, stack(0x0000009ec3000000,0x0000009ec3100000)]
  0x00000288ca271000 JavaThread "Cache worker for cache directory md-rule (C:\Users\Admin\.gradle\caches\6.7.1\md-rule)" [_thread_blocked, id=11840, stack(0x0000009ec3100000,0x0000009ec3200000)]
  0x00000288ca26e800 JavaThread "Cache worker for execution history cache (C:\Users\Admin\.gradle\caches\6.7.1\executionHistory)" [_thread_blocked, id=13720, stack(0x0000009ec3200000,0x0000009ec3300000)]
  0x00000288ca275000 JavaThread "jar transforms" [_thread_blocked, id=13556, stack(0x0000009ec3300000,0x0000009ec3400000)]
  0x00000288cc9a6800 JavaThread "Cache worker for file content cache (C:\Users\Admin\.gradle\caches\6.7.1\fileContent)" [_thread_blocked, id=3556, stack(0x0000009ec3400000,0x0000009ec3500000)]
  0x00000288cc9a7800 JavaThread "Cache worker for Build Output Cleanup Cache (C:\Users\Admin\AndroidStudioProjects\CreamixShoppingApp\.gradle\buildOutputCleanup)" [_thread_blocked, id=14516, stack(0x0000009ec3500000,0x0000009ec3600000)]
  0x00000288cc9a8000 JavaThread "Build operations" [_thread_blocked, id=1916, stack(0x0000009ec3600000,0x0000009ec3700000)]
  0x00000288cc9a9000 JavaThread "Build operations Thread 2" [_thread_blocked, id=6808, stack(0x0000009ec3700000,0x0000009ec3800000)]
  0x00000288cc9a3000 JavaThread "Build operations Thread 3" [_thread_blocked, id=13612, stack(0x0000009ec3800000,0x0000009ec3900000)]
  0x00000288cc9a9800 JavaThread "Build operations Thread 4" [_thread_blocked, id=6892, stack(0x0000009ec3900000,0x0000009ec3a00000)]
  0x00000288cc9a4000 JavaThread "jar transforms Thread 2" [_thread_blocked, id=14464, stack(0x0000009ec3a00000,0x0000009ec3b00000)]
  0x00000288cc9aa800 JavaThread "jar transforms Thread 3" [_thread_blocked, id=3600, stack(0x0000009ec3b00000,0x0000009ec3c00000)]
  0x00000288cc9a5000 JavaThread "jar transforms Thread 4" [_thread_blocked, id=8624, stack(0x0000009ec3c00000,0x0000009ec3d00000)]
  0x00000288cc9ab800 JavaThread "jar transforms Thread 5" [_thread_blocked, id=524, stack(0x0000009ec3d00000,0x0000009ec3e00000)]
  0x00000288cc9a5800 JavaThread "jar transforms Thread 6" [_thread_blocked, id=15172, stack(0x0000009ec3e00000,0x0000009ec3f00000)]
  0x00000288cc9ad000 JavaThread "jar transforms Thread 7" [_thread_blocked, id=2760, stack(0x0000009ec3f00000,0x0000009ec4000000)]
  0x00000288cc9ac000 JavaThread "jar transforms Thread 8" [_thread_blocked, id=3572, stack(0x0000009ec4000000,0x0000009ec4100000)]
  0x00000288cc9ae000 JavaThread "jar transforms Thread 9" [_thread_blocked, id=10604, stack(0x0000009ec4100000,0x0000009ec4200000)]
  0x00000288cc9ae800 JavaThread "jar transforms Thread 10" [_thread_blocked, id=8620, stack(0x0000009ec4200000,0x0000009ec4300000)]
  0x00000288cc9af800 JavaThread "jar transforms Thread 11" [_thread_blocked, id=14548, stack(0x0000009ec4300000,0x0000009ec4400000)]
  0x00000288cc9b0800 JavaThread "jar transforms Thread 12" [_thread_blocked, id=8604, stack(0x0000009ec4400000,0x0000009ec4500000)]
  0x00000288cc9b1000 JavaThread "jar transforms Thread 13" [_thread_blocked, id=13324, stack(0x0000009ec4500000,0x0000009ec4600000)]
  0x00000288ccb63000 JavaThread "jar transforms Thread 14" [_thread_blocked, id=9408, stack(0x0000009ec4600000,0x0000009ec4700000)]
  0x00000288ccb60800 JavaThread "jar transforms Thread 15" [_thread_blocked, id=14604, stack(0x0000009ec4700000,0x0000009ec4800000)]
  0x00000288ccb63800 JavaThread "jar transforms Thread 16" [_thread_blocked, id=12336, stack(0x0000009ec4800000,0x0000009ec4900000)]
  0x00000288ccb64800 JavaThread "jar transforms Thread 17" [_thread_blocked, id=8308, stack(0x0000009ec4900000,0x0000009ec4a00000)]
  0x00000288ccb61000 JavaThread "jar transforms Thread 18" [_thread_blocked, id=9584, stack(0x0000009ec4a00000,0x0000009ec4b00000)]
  0x00000288ccb5f000 JavaThread "jar transforms Thread 19" [_thread_blocked, id=14848, stack(0x0000009ec4b00000,0x0000009ec4c00000)]
  0x00000288ccb65800 JavaThread "jar transforms Thread 20" [_thread_blocked, id=3688, stack(0x0000009ec4c00000,0x0000009ec4d00000)]
  0x00000288ccb5f800 JavaThread "jar transforms Thread 21" [_thread_blocked, id=9856, stack(0x0000009ec4d00000,0x0000009ec4e00000)]
  0x00000288ccb67000 JavaThread "jar transforms Thread 22" [_thread_blocked, id=12028, stack(0x0000009ec4e00000,0x0000009ec4f00000)]
  0x00000288ccb67800 JavaThread "jar transforms Thread 23" [_thread_blocked, id=1380, stack(0x0000009ec4f00000,0x0000009ec5000000)]
  0x00000288ccb62000 JavaThread "jar transforms Thread 24" [_thread_blocked, id=5700, stack(0x0000009ec5000000,0x0000009ec5100000)]
  0x00000288ccb68800 JavaThread "jar transforms Thread 25" [_thread_blocked, id=5380, stack(0x0000009ec5100000,0x0000009ec5200000)]
  0x00000288ccb69800 JavaThread "jar transforms Thread 26" [_thread_blocked, id=12224, stack(0x0000009ec5200000,0x0000009ec5300000)]
  0x00000288ccb66000 JavaThread "jar transforms Thread 27" [_thread_blocked, id=1640, stack(0x0000009ec5300000,0x0000009ec5400000)]
  0x00000288ccb6c800 JavaThread "jar transforms Thread 28" [_thread_blocked, id=7452, stack(0x0000009ec5400000,0x0000009ec5500000)]
  0x00000288ccb6a000 JavaThread "jar transforms Thread 29" [_thread_blocked, id=13256, stack(0x0000009ec5500000,0x0000009ec5600000)]
  0x00000288ccb6c000 JavaThread "jar transforms Thread 30" [_thread_blocked, id=14108, stack(0x0000009ec5600000,0x0000009ec5700000)]
  0x00000288ccb6b000 JavaThread "jar transforms Thread 31" [_thread_blocked, id=9588, stack(0x0000009ec5700000,0x0000009ec5800000)]
  0x00000288ccb6d800 JavaThread "jar transforms Thread 32" [_thread_blocked, id=1568, stack(0x0000009ec5800000,0x0000009ec5900000)]
  0x00000288cf21f800 JavaThread "jar transforms Thread 33" [_thread_blocked, id=7880, stack(0x0000009ec5900000,0x0000009ec5a00000)]
  0x00000288cf220000 JavaThread "jar transforms Thread 34" [_thread_blocked, id=13380, stack(0x0000009ec5a00000,0x0000009ec5b00000)]
  0x00000288cf221000 JavaThread "jar transforms Thread 35" [_thread_blocked, id=9964, stack(0x0000009ec5b00000,0x0000009ec5c00000)]
  0x00000288cf21b800 JavaThread "jar transforms Thread 36" [_thread_blocked, id=836, stack(0x0000009ec5c00000,0x0000009ec5d00000)]
  0x00000288cf222000 JavaThread "jar transforms Thread 37" [_thread_blocked, id=15212, stack(0x0000009ec5d00000,0x0000009ec5e00000)]
  0x00000288cf21e800 JavaThread "jar transforms Thread 38" [_thread_blocked, id=13152, stack(0x0000009ec5e00000,0x0000009ec5f00000)]
  0x00000288cf21c000 JavaThread "jar transforms Thread 39" [_thread_blocked, id=7856, stack(0x0000009ec5f00000,0x0000009ec6000000)]
  0x00000288cf21d000 JavaThread "jar transforms Thread 40" [_thread_blocked, id=15176, stack(0x0000009ec6000000,0x0000009ec6100000)]
  0x00000288cf222800 JavaThread "jar transforms Thread 41" [_thread_blocked, id=11504, stack(0x0000009ec6100000,0x0000009ec6200000)]
  0x00000288cf223800 JavaThread "jar transforms Thread 42" [_thread_blocked, id=5992, stack(0x0000009ec6200000,0x0000009ec6300000)]
  0x00000288cf21d800 JavaThread "jar transforms Thread 43" [_thread_blocked, id=12440, stack(0x0000009ec6300000,0x0000009ec6400000)]
  0x00000288cf224800 JavaThread "jar transforms Thread 44" [_thread_blocked, id=7184, stack(0x0000009ec6400000,0x0000009ec6500000)]
  0x00000288cf22a000 JavaThread "jar transforms Thread 45" [_thread_blocked, id=14680, stack(0x0000009ec6500000,0x0000009ec6600000)]
  0x00000288cf229000 JavaThread "jar transforms Thread 46" [_thread_blocked, id=13728, stack(0x0000009ec6600000,0x0000009ec6700000)]
  0x00000288cf225000 JavaThread "jar transforms Thread 47" [_thread_blocked, id=8016, stack(0x0000009ec6700000,0x0000009ec6800000)]
  0x00000288cf228800 JavaThread "jar transforms Thread 48" [_thread_blocked, id=11000, stack(0x0000009ec6800000,0x0000009ec6900000)]
  0x00000288cf226000 JavaThread "jar transforms Thread 49" [_thread_blocked, id=6972, stack(0x0000009ec6900000,0x0000009ec6a00000)]
  0x00000288cf226800 JavaThread "jar transforms Thread 50" [_thread_blocked, id=14696, stack(0x0000009ec6a00000,0x0000009ec6b00000)]
  0x00000288cf227800 JavaThread "jar transforms Thread 51" [_thread_blocked, id=11324, stack(0x0000009ec6b00000,0x0000009ec6c00000)]
  0x00000288ce168800 JavaThread "jar transforms Thread 52" [_thread_blocked, id=15348, stack(0x0000009ec6c00000,0x0000009ec6d00000)]
  0x00000288ce168000 JavaThread "jar transforms Thread 53" [_thread_blocked, id=12208, stack(0x0000009ec6d00000,0x0000009ec6e00000)]
  0x00000288ce166000 JavaThread "jar transforms Thread 54" [_thread_blocked, id=6568, stack(0x0000009ec6e00000,0x0000009ec6f00000)]
  0x00000288ce167000 JavaThread "jar transforms Thread 55" [_thread_blocked, id=11844, stack(0x0000009ec6f00000,0x0000009ec7000000)]
  0x00000288ce169800 JavaThread "jar transforms Thread 56" [_thread_blocked, id=12928, stack(0x0000009ec7000000,0x0000009ec7100000)]
  0x00000288ce16a800 JavaThread "jar transforms Thread 57" [_thread_blocked, id=11044, stack(0x0000009ec7100000,0x0000009ec7200000)]
  0x00000288ce16b000 JavaThread "jar transforms Thread 58" [_thread_blocked, id=12920, stack(0x0000009ec7200000,0x0000009ec7300000)]
  0x00000288ce165800 JavaThread "jar transforms Thread 59" [_thread_blocked, id=6452, stack(0x0000009ec7300000,0x0000009ec7400000)]
  0x00000288ce16d800 JavaThread "jar transforms Thread 60" [_thread_blocked, id=1588, stack(0x0000009ec7400000,0x0000009ec7500000)]
  0x00000288ce16c000 JavaThread "jar transforms Thread 61" [_thread_blocked, id=1364, stack(0x0000009ec7500000,0x0000009ec7600000)]
  0x00000288ce16f000 JavaThread "jar transforms Thread 62" [_thread_blocked, id=14784, stack(0x0000009ec7600000,0x0000009ec7700000)]
  0x00000288ce170000 JavaThread "jar transforms Thread 63" [_thread_blocked, id=13136, stack(0x0000009ec7700000,0x0000009ec7800000)]
  0x00000288ce16d000 JavaThread "jar transforms Thread 64" [_thread_blocked, id=5768, stack(0x0000009ec7800000,0x0000009ec7900000)]
  0x00000288ce171000 JavaThread "jar transforms Thread 65" [_thread_blocked, id=12476, stack(0x0000009ec7900000,0x0000009ec7a00000)]
  0x00000288ce174000 JavaThread "jar transforms Thread 66" [_thread_blocked, id=9476, stack(0x0000009ec7a00000,0x0000009ec7b00000)]
  0x00000288ce16e800 JavaThread "jar transforms Thread 67" [_thread_blocked, id=8172, stack(0x0000009ec7b00000,0x0000009ec7c00000)]
  0x00000288ce171800 JavaThread "jar transforms Thread 68" [_thread_blocked, id=9648, stack(0x0000009ec7c00000,0x0000009ec7d00000)]
  0x00000288ce172800 JavaThread "jar transforms Thread 69" [_thread_blocked, id=1832, stack(0x0000009ec7d00000,0x0000009ec7e00000)]
  0x00000288ce173800 JavaThread "jar transforms Thread 70" [_thread_blocked, id=15156, stack(0x0000009ec7e00000,0x0000009ec7f00000)]
  0x00000288cc7b5000 JavaThread "jar transforms Thread 71" [_thread_blocked, id=1396, stack(0x0000009ec7f00000,0x0000009ec8000000)]
  0x00000288cc7b8000 JavaThread "jar transforms Thread 72" [_thread_blocked, id=10284, stack(0x0000009ec8000000,0x0000009ec8100000)]
  0x00000288cc7b2800 JavaThread "jar transforms Thread 73" [_thread_blocked, id=12584, stack(0x0000009ec8100000,0x0000009ec8200000)]
  0x00000288cc7b5800 JavaThread "jar transforms Thread 74" [_thread_blocked, id=14900, stack(0x0000009ec8200000,0x0000009ec8300000)]
  0x00000288cc7b9000 JavaThread "jar transforms Thread 75" [_thread_blocked, id=13304, stack(0x0000009ec8300000,0x0000009ec8400000)]
  0x00000288cc7b3000 JavaThread "jar transforms Thread 76" [_thread_blocked, id=14996, stack(0x0000009ec8400000,0x0000009ec8500000)]
  0x00000288cc7b7000 JavaThread "jar transforms Thread 77" [_thread_blocked, id=12648, stack(0x0000009ec8500000,0x0000009ec8600000)]
  0x00000288cc7b6800 JavaThread "jar transforms Thread 78" [_thread_blocked, id=11584, stack(0x0000009ec8600000,0x0000009ec8700000)]
  0x00000288cc7b9800 JavaThread "jar transforms Thread 79" [_thread_blocked, id=212, stack(0x0000009ec8700000,0x0000009ec8800000)]
  0x00000288cc7b4000 JavaThread "jar transforms Thread 80" [_thread_blocked, id=13972, stack(0x0000009ec8800000,0x0000009ec8900000)]
  0x00000288cc7bf800 JavaThread "jar transforms Thread 81" [_thread_blocked, id=10616, stack(0x0000009ec8900000,0x0000009ec8a00000)]
  0x00000288cc7be000 JavaThread "jar transforms Thread 82" [_thread_blocked, id=4952, stack(0x0000009ec8a00000,0x0000009ec8b00000)]
  0x00000288cc7be800 JavaThread "jar transforms Thread 83" [_thread_blocked, id=10792, stack(0x0000009ec8b00000,0x0000009ec8c00000)]
  0x00000288cc7bb800 JavaThread "jar transforms Thread 84" [_thread_blocked, id=12796, stack(0x0000009ec8c00000,0x0000009ec8d00000)]
  0x00000288cc7c0000 JavaThread "jar transforms Thread 85" [_thread_blocked, id=15204, stack(0x0000009ec8d00000,0x0000009ec8e00000)]
  0x00000288cc7ba800 JavaThread "jar transforms Thread 86" [_thread_blocked, id=10696, stack(0x0000009ec8e00000,0x0000009ec8f00000)]
  0x00000288cc7bc000 JavaThread "jar transforms Thread 87" [_thread_blocked, id=9592, stack(0x0000009ec8f00000,0x0000009ec9000000)]
  0x00000288cc7c1000 JavaThread "jar transforms Thread 88" [_thread_blocked, id=13604, stack(0x0000009ec9000000,0x0000009ec9100000)]
  0x00000288cc7bd000 JavaThread "jar transforms Thread 89" [_thread_blocked, id=12212, stack(0x0000009ec9100000,0x0000009ec9200000)]
  0x00000288cce99000 JavaThread "jar transforms Thread 90" [_thread_blocked, id=5256, stack(0x0000009ec9200000,0x0000009ec9300000)]
  0x00000288cce9a000 JavaThread "jar transforms Thread 91" [_thread_blocked, id=7988, stack(0x0000009ec9300000,0x0000009ec9400000)]
  0x00000288cce9b800 JavaThread "jar transforms Thread 92" [_thread_blocked, id=14020, stack(0x0000009ec9400000,0x0000009ec9500000)]
  0x00000288cce9a800 JavaThread "jar transforms Thread 93" [_thread_blocked, id=2088, stack(0x0000009ec9500000,0x0000009ec9600000)]
  0x00000288cce97800 JavaThread "jar transforms Thread 94" [_thread_blocked, id=7828, stack(0x0000009ec9600000,0x0000009ec9700000)]
  0x00000288cce98000 JavaThread "jar transforms Thread 95" [_thread_blocked, id=5496, stack(0x0000009ec9700000,0x0000009ec9800000)]
  0x00000288cce95800 JavaThread "jar transforms Thread 96" [_thread_blocked, id=11808, stack(0x0000009ec9800000,0x0000009ec9900000)]
  0x00000288cce9c000 JavaThread "jar transforms Thread 97" [_thread_blocked, id=14536, stack(0x0000009ec9900000,0x0000009ec9a00000)]
  0x00000288cce96800 JavaThread "Memory manager" [_thread_blocked, id=11436, stack(0x0000009ec9a00000,0x0000009ec9b00000)]
  0x00000288cce9f800 JavaThread "build event listener" [_thread_blocked, id=8796, stack(0x0000009ec9b00000,0x0000009ec9c00000)]
  0x00000288ccea2000 JavaThread "pool-3-thread-1" [_thread_blocked, id=11836, stack(0x0000009ec9c00000,0x0000009ec9d00000)]
  0x00000288ccea3000 JavaThread "build event listener" [_thread_blocked, id=7112, stack(0x0000009ec9d00000,0x0000009ec9e00000)]
  0x00000288ccea1000 JavaThread "Execution worker for ':'" [_thread_blocked, id=15280, stack(0x0000009ec9e00000,0x0000009ec9f00000)]
  0x00000288cce9d000 JavaThread "Execution worker for ':' Thread 2" [_thread_blocked, id=13056, stack(0x0000009ec9f00000,0x0000009eca000000)]
  0x00000288ccea0800 JavaThread "Execution worker for ':' Thread 3" [_thread_blocked, id=5016, stack(0x0000009eca000000,0x0000009eca100000)]
  0x00000288ccea3800 JavaThread "Cache worker for execution history cache (C:\Users\Admin\AndroidStudioProjects\CreamixShoppingApp\.gradle\6.7.1\executionHistory)" [_thread_blocked, id=15288, stack(0x0000009eca100000,0x0000009eca200000)]
  0x00000288cce9e000 JavaThread "WorkerExecutor Queue" [_thread_blocked, id=15316, stack(0x0000009eca200000,0x0000009eca300000)]
  0x00000288ccea4800 JavaThread "WorkerExecutor Queue Thread 2" [_thread_blocked, id=12144, stack(0x0000009eca300000,0x0000009eca400000)]
  0x00000288cce9e800 JavaThread "pool-4-thread-1" [_thread_blocked, id=10288, stack(0x0000009eca400000,0x0000009eca500000)]
  0x00000288ce7ac800 JavaThread "stderr" [_thread_in_native, id=11568, stack(0x0000009eca500000,0x0000009eca600000)]
  0x00000288ce7ae000 JavaThread "stdout" [_thread_in_native, id=13144, stack(0x0000009eca600000,0x0000009eca700000)]
  0x00000288ce7a8800 JavaThread "WorkerExecutor Queue Thread 3" [_thread_blocked, id=13876, stack(0x0000009eca700000,0x0000009eca800000)]
  0x00000288ce7a9000 JavaThread "WorkerExecutor Queue Thread 4" [_thread_blocked, id=7924, stack(0x0000009eca800000,0x0000009eca900000)]
  0x00000288ce7ad000 JavaThread "ForkJoinPool-1-worker-3" daemon [_thread_blocked, id=6404, stack(0x0000009ecaa00000,0x0000009ecab00000)]
  0x00000288ce7aa000 JavaThread "ForkJoinPool-1-worker-5" daemon [_thread_blocked, id=10852, stack(0x0000009ecab00000,0x0000009ecac00000)]
  0x00000288ce7af000 JavaThread "ForkJoinPool-1-worker-7" daemon [_thread_blocked, id=1360, stack(0x0000009ecac00000,0x0000009ecad00000)]
  0x00000288ce7b0800 JavaThread "ForkJoinPool-1-worker-1" daemon [_thread_blocked, id=3204, stack(0x0000009ecad00000,0x0000009ecae00000)]

Other Threads:
=>0x00000288c7be8800 VMThread "VM Thread" [stack: 0x0000009ec1000000,0x0000009ec1100000] [id=15264]
  0x00000288c86ce800 WatcherThread [stack: 0x0000009ec1a00000,0x0000009ec1b00000] [id=6136]
  0x00000288ae1a2800 GCTaskThread "GC Thread#0" [stack: 0x0000009ec0b00000,0x0000009ec0c00000] [id=14592]
  0x00000288c8f2c800 GCTaskThread "GC Thread#1" [stack: 0x0000009ec1c00000,0x0000009ec1d00000] [id=11080]
  0x00000288c8920000 GCTaskThread "GC Thread#2" [stack: 0x0000009ec1d00000,0x0000009ec1e00000] [id=13240]
  0x00000288c9ea2800 GCTaskThread "GC Thread#3" [stack: 0x0000009ec2c00000,0x0000009ec2d00000] [id=7176]
  0x00000288ae1d4800 ConcurrentGCThread "G1 Main Marker" [stack: 0x0000009ec0c00000,0x0000009ec0d00000] [id=13600]
  0x00000288ae1d6000 ConcurrentGCThread "G1 Conc#0" [stack: 0x0000009ec0d00000,0x0000009ec0e00000] [id=10992]
  0x00000288ae265800 ConcurrentGCThread "G1 Refine#0" [stack: 0x0000009ec0e00000,0x0000009ec0f00000] [id=5092]
  0x00000288cc9c6000 ConcurrentGCThread "G1 Refine#1" [stack: 0x0000009ecae00000,0x0000009ecaf00000] [id=8588]
  0x00000288cc9c3800 ConcurrentGCThread "G1 Refine#2" [stack: 0x0000009ecaf00000,0x0000009ecb000000] [id=4988]
  0x00000288cc9c8800 ConcurrentGCThread "G1 Refine#3" [stack: 0x0000009ecb000000,0x0000009ecb100000] [id=1592]
  0x00000288ae266800 ConcurrentGCThread "G1 Young RemSet Sampling" [stack: 0x0000009ec0f00000,0x0000009ec1000000] [id=14768]

Threads with active compile tasks:
C2 CompilerThread0  20957 9977 %     4       com.android.tools.r8.dex.n::a @ 315 (913 bytes)
C2 CompilerThread1  20957 10359       4       com.android.tools.r8.s.a.a.b.M0::hasNext (217 bytes)

VM state:at safepoint (normal execution)

VM Mutex/Monitor currently owned by a thread:  ([mutex/lock_event])
[0x00000288ae189ed0] Threads_lock - owner thread: 0x00000288c7be8800
[0x00000288ae18b820] Heap_lock - owner thread: 0x00000288ce7a9000

Heap address: 0x0000000080000000, size: 2048 MB, Compressed Oops mode: 32-bit
Narrow klass base: 0x0000000000000000, Narrow klass shift: 3
Compressed class space size: 1073741824 Address: 0x0000000100000000

Heap:
 garbage-first heap   total 314368K, used 116224K [0x0000000080000000, 0x0000000100000000)
  region size 1024K, 6 young (6144K), 6 survivors (6144K)
 Metaspace       used 88957K, capacity 91209K, committed 91340K, reserved 1128448K
  class space    used 11674K, capacity 12480K, committed 12492K, reserved 1048576K
Heap Regions: E=young(eden), S=young(survivor), O=old, HS=humongous(starts), HC=humongous(continues), CS=collection set, F=free, A=archive, TAMS=top-at-mark-start (previous, next)
|   0|0x0000000080000000, 0x0000000080100000, 0x0000000080100000|100%| O|  |TAMS 0x0000000080100000, 0x0000000080100000| Untracked 
|   1|0x0000000080100000, 0x0000000080200000, 0x0000000080200000|100%| O|  |TAMS 0x0000000080200000, 0x0000000080200000| Untracked 
|   2|0x0000000080200000, 0x0000000080300000, 0x0000000080300000|100%| O|  |TAMS 0x0000000080300000, 0x0000000080300000| Untracked 
|   3|0x0000000080300000, 0x0000000080400000, 0x0000000080400000|100%|HS|  |TAMS 0x0000000080400000, 0x0000000080400000| Complete 
|   4|0x0000000080400000, 0x0000000080500000, 0x0000000080500000|100%|HC|  |TAMS 0x0000000080500000, 0x0000000080500000| Complete 
|   5|0x0000000080500000, 0x0000000080600000, 0x0000000080600000|100%|HC|  |TAMS 0x0000000080600000, 0x0000000080600000| Complete 
|   6|0x0000000080600000, 0x0000000080700000, 0x0000000080700000|100%| O|  |TAMS 0x0000000080700000, 0x0000000080700000| Untracked 
|   7|0x0000000080700000, 0x0000000080800000, 0x0000000080800000|100%| O|  |TAMS 0x0000000080800000, 0x0000000080800000| Untracked 
|   8|0x0000000080800000, 0x0000000080900000, 0x0000000080900000|100%| O|  |TAMS 0x0000000080900000, 0x0000000080900000| Untracked 
|   9|0x0000000080900000, 0x0000000080a00000, 0x0000000080a00000|100%| O|  |TAMS 0x0000000080a00000, 0x0000000080a00000| Untracked 
|  10|0x0000000080a00000, 0x0000000080b00000, 0x0000000080b00000|100%| O|  |TAMS 0x0000000080b00000, 0x0000000080b00000| Untracked 
|  11|0x0000000080b00000, 0x0000000080c00000, 0x0000000080c00000|100%| O|  |TAMS 0x0000000080c00000, 0x0000000080c00000| Untracked 
|  12|0x0000000080c00000, 0x0000000080d00000, 0x0000000080d00000|100%| O|  |TAMS 0x0000000080d00000, 0x0000000080d00000| Untracked 
|  13|0x0000000080d00000, 0x0000000080e00000, 0x0000000080e00000|100%|HS|  |TAMS 0x0000000080e00000, 0x0000000080e00000| Complete 
|  14|0x0000000080e00000, 0x0000000080f00000, 0x0000000080f00000|100%|HS|  |TAMS 0x0000000080f00000, 0x0000000080f00000| Complete 
|  15|0x0000000080f00000, 0x0000000081000000, 0x0000000081000000|100%|HC|  |TAMS 0x0000000081000000, 0x0000000081000000| Complete 
|  16|0x0000000081000000, 0x0000000081100000, 0x0000000081100000|100%| O|  |TAMS 0x0000000081100000, 0x0000000081100000| Untracked 
|  17|0x0000000081100000, 0x0000000081200000, 0x0000000081200000|100%| O|  |TAMS 0x0000000081200000, 0x0000000081200000| Untracked 
|  18|0x0000000081200000, 0x0000000081300000, 0x0000000081300000|100%| O|  |TAMS 0x0000000081300000, 0x0000000081300000| Untracked 
|  19|0x0000000081300000, 0x0000000081400000, 0x0000000081400000|100%| O|  |TAMS 0x0000000081400000, 0x0000000081400000| Untracked 
|  20|0x0000000081400000, 0x0000000081500000, 0x0000000081500000|100%| O|  |TAMS 0x0000000081500000, 0x0000000081500000| Untracked 
|  21|0x0000000081500000, 0x0000000081600000, 0x0000000081600000|100%| O|  |TAMS 0x0000000081600000, 0x0000000081600000| Untracked 
|  22|0x0000000081600000, 0x0000000081700000, 0x0000000081700000|100%| O|  |TAMS 0x0000000081700000, 0x0000000081700000| Untracked 
|  23|0x0000000081700000, 0x0000000081800000, 0x0000000081800000|100%| O|  |TAMS 0x0000000081800000, 0x0000000081800000| Untracked 
|  24|0x0000000081800000, 0x0000000081900000, 0x0000000081900000|100%| O|  |TAMS 0x0000000081900000, 0x0000000081900000| Untracked 
|  25|0x0000000081900000, 0x0000000081a00000, 0x0000000081a00000|100%| O|  |TAMS 0x0000000081a00000, 0x0000000081a00000| Untracked 
|  26|0x0000000081a00000, 0x0000000081b00000, 0x0000000081b00000|100%| O|  |TAMS 0x0000000081b00000, 0x0000000081b00000| Untracked 
|  27|0x0000000081b00000, 0x0000000081c00000, 0x0000000081c00000|100%| O|  |TAMS 0x0000000081c00000, 0x0000000081c00000| Untracked 
|  28|0x0000000081c00000, 0x0000000081d00000, 0x0000000081d00000|100%| O|  |TAMS 0x0000000081d00000, 0x0000000081d00000| Untracked 
|  29|0x0000000081d00000, 0x0000000081e00000, 0x0000000081e00000|100%| O|  |TAMS 0x0000000081e00000, 0x0000000081e00000| Untracked 
|  30|0x0000000081e00000, 0x0000000081f00000, 0x0000000081f00000|100%| O|  |TAMS 0x0000000081f00000, 0x0000000081f00000| Untracked 
|  31|0x0000000081f00000, 0x0000000082000000, 0x0000000082000000|100%| O|  |TAMS 0x0000000082000000, 0x0000000082000000| Untracked 
|  32|0x0000000082000000, 0x0000000082100000, 0x0000000082100000|100%| O|  |TAMS 0x0000000082100000, 0x0000000082100000| Untracked 
|  33|0x0000000082100000, 0x0000000082200000, 0x0000000082200000|100%| O|  |TAMS 0x0000000082200000, 0x0000000082200000| Untracked 
|  34|0x0000000082200000, 0x0000000082300000, 0x0000000082300000|100%| O|  |TAMS 0x0000000082300000, 0x0000000082300000| Untracked 
|  35|0x0000000082300000, 0x0000000082400000, 0x0000000082400000|100%| O|  |TAMS 0x0000000082400000, 0x0000000082400000| Untracked 
|  36|0x0000000082400000, 0x0000000082500000, 0x0000000082500000|100%| O|  |TAMS 0x0000000082500000, 0x0000000082500000| Untracked 
|  37|0x0000000082500000, 0x0000000082600000, 0x0000000082600000|100%| O|  |TAMS 0x00000000825f0a00, 0x0000000082600000| Untracked 
|  38|0x0000000082600000, 0x0000000082700000, 0x0000000082700000|100%| O|  |TAMS 0x0000000082600000, 0x0000000082700000| Untracked 
|  39|0x0000000082700000, 0x0000000082800000, 0x0000000082800000|100%| O|  |TAMS 0x0000000082700000, 0x0000000082800000| Untracked 
|  40|0x0000000082800000, 0x0000000082900000, 0x0000000082900000|100%| O|  |TAMS 0x0000000082800000, 0x0000000082900000| Untracked 
|  41|0x0000000082900000, 0x0000000082a00000, 0x0000000082a00000|100%| O|  |TAMS 0x0000000082900000, 0x0000000082a00000| Untracked 
|  42|0x0000000082a00000, 0x0000000082b00000, 0x0000000082b00000|100%| O|  |TAMS 0x0000000082a00000, 0x0000000082b00000| Untracked 
|  43|0x0000000082b00000, 0x0000000082c00000, 0x0000000082c00000|100%| O|  |TAMS 0x0000000082b00000, 0x0000000082c00000| Untracked 
|  44|0x0000000082c00000, 0x0000000082d00000, 0x0000000082d00000|100%| O|  |TAMS 0x0000000082c00000, 0x0000000082d00000| Untracked 
|  45|0x0000000082d00000, 0x0000000082e00000, 0x0000000082e00000|100%| O|  |TAMS 0x0000000082d00000, 0x0000000082e00000| Untracked 
|  46|0x0000000082e00000, 0x0000000082f00000, 0x0000000082f00000|100%| O|  |TAMS 0x0000000082e00000, 0x0000000082f00000| Untracked 
|  47|0x0000000082f00000, 0x0000000083000000, 0x0000000083000000|100%|HS|  |TAMS 0x0000000082f00000, 0x0000000083000000| Complete 
|  48|0x0000000083000000, 0x0000000083100000, 0x0000000083100000|100%|HC|  |TAMS 0x0000000083000000, 0x0000000083100000| Complete 
|  49|0x0000000083100000, 0x0000000083200000, 0x0000000083200000|100%|HS|  |TAMS 0x0000000083100000, 0x0000000083200000| Complete 
|  50|0x0000000083200000, 0x0000000083300000, 0x0000000083300000|100%| O|  |TAMS 0x0000000083200000, 0x0000000083300000| Untracked 
|  51|0x0000000083300000, 0x0000000083400000, 0x0000000083400000|100%| O|  |TAMS 0x0000000083300000, 0x0000000083400000| Untracked 
|  52|0x0000000083400000, 0x0000000083500000, 0x0000000083500000|100%| O|  |TAMS 0x0000000083400000, 0x0000000083500000| Untracked 
|  53|0x0000000083500000, 0x0000000083600000, 0x0000000083600000|100%| O|  |TAMS 0x0000000083500000, 0x0000000083600000| Untracked 
|  54|0x0000000083600000, 0x0000000083700000, 0x0000000083700000|100%| O|  |TAMS 0x0000000083600000, 0x0000000083700000| Untracked 
|  55|0x0000000083700000, 0x0000000083800000, 0x0000000083800000|100%| O|  |TAMS 0x0000000083700000, 0x0000000083800000| Untracked 
|  56|0x0000000083800000, 0x0000000083900000, 0x0000000083900000|100%|HS|  |TAMS 0x0000000083800000, 0x0000000083900000| Complete 
|  57|0x0000000083900000, 0x0000000083a00000, 0x0000000083a00000|100%| O|  |TAMS 0x0000000083900000, 0x0000000083a00000| Untracked 
|  58|0x0000000083a00000, 0x0000000083b00000, 0x0000000083b00000|100%| O|  |TAMS 0x0000000083a00000, 0x0000000083b00000| Untracked 
|  59|0x0000000083b00000, 0x0000000083c00000, 0x0000000083c00000|100%|HS|  |TAMS 0x0000000083b00000, 0x0000000083c00000| Complete 
|  60|0x0000000083c00000, 0x0000000083d00000, 0x0000000083d00000|100%|HC|  |TAMS 0x0000000083c00000, 0x0000000083d00000| Complete 
|  61|0x0000000083d00000, 0x0000000083e00000, 0x0000000083e00000|100%| O|  |TAMS 0x0000000083d00000, 0x0000000083e00000| Untracked 
|  62|0x0000000083e00000, 0x0000000083f00000, 0x0000000083f00000|100%|HS|  |TAMS 0x0000000083e00000, 0x0000000083f00000| Complete 
|  63|0x0000000083f00000, 0x0000000084000000, 0x0000000084000000|100%| O|  |TAMS 0x0000000083f00000, 0x0000000084000000| Untracked 
|  64|0x0000000084000000, 0x0000000084100000, 0x0000000084100000|100%|HS|  |TAMS 0x0000000084000000, 0x0000000084100000| Complete 
|  65|0x0000000084100000, 0x0000000084200000, 0x0000000084200000|100%| O|  |TAMS 0x0000000084100000, 0x0000000084200000| Untracked 
|  66|0x0000000084200000, 0x0000000084300000, 0x0000000084300000|100%| O|  |TAMS 0x0000000084200000, 0x0000000084300000| Untracked 
|  67|0x0000000084300000, 0x0000000084400000, 0x0000000084400000|100%| O|  |TAMS 0x0000000084300000, 0x0000000084400000| Untracked 
|  68|0x0000000084400000, 0x0000000084500000, 0x0000000084500000|100%| O|  |TAMS 0x0000000084400000, 0x0000000084500000| Untracked 
|  69|0x0000000084500000, 0x0000000084600000, 0x0000000084600000|100%| O|  |TAMS 0x0000000084500000, 0x0000000084600000| Untracked 
|  70|0x0000000084600000, 0x0000000084700000, 0x0000000084700000|100%| O|  |TAMS 0x0000000084600000, 0x0000000084700000| Untracked 
|  71|0x0000000084700000, 0x0000000084800000, 0x0000000084800000|100%| O|  |TAMS 0x0000000084700000, 0x0000000084800000| Untracked 
|  72|0x0000000084800000, 0x0000000084900000, 0x0000000084900000|100%| O|  |TAMS 0x0000000084800000, 0x0000000084900000| Untracked 
|  73|0x0000000084900000, 0x0000000084a00000, 0x0000000084a00000|100%| O|  |TAMS 0x0000000084900000, 0x0000000084a00000| Untracked 
|  74|0x0000000084a00000, 0x0000000084b00000, 0x0000000084b00000|100%| O|  |TAMS 0x0000000084a00000, 0x0000000084b00000| Untracked 
|  75|0x0000000084b00000, 0x0000000084c00000, 0x0000000084c00000|100%| O|  |TAMS 0x0000000084b00000, 0x0000000084c00000| Untracked 
|  76|0x0000000084c00000, 0x0000000084d00000, 0x0000000084d00000|100%| O|  |TAMS 0x0000000084c00000, 0x0000000084d00000| Untracked 
|  77|0x0000000084d00000, 0x0000000084e00000, 0x0000000084e00000|100%| O|  |TAMS 0x0000000084d00000, 0x0000000084e00000| Untracked 
|  78|0x0000000084e00000, 0x0000000084f00000, 0x0000000084f00000|100%| O|  |TAMS 0x0000000084e00000, 0x0000000084f00000| Untracked 
|  79|0x0000000084f00000, 0x0000000085000000, 0x0000000085000000|100%| O|  |TAMS 0x0000000084f00000, 0x0000000085000000| Untracked 
|  80|0x0000000085000000, 0x0000000085100000, 0x0000000085100000|100%| O|  |TAMS 0x0000000085000000, 0x0000000085100000| Untracked 
|  81|0x0000000085100000, 0x0000000085200000, 0x0000000085200000|100%| O|  |TAMS 0x0000000085100000, 0x0000000085200000| Untracked 
|  82|0x0000000085200000, 0x0000000085300000, 0x0000000085300000|100%| O|  |TAMS 0x0000000085200000, 0x0000000085300000| Untracked 
|  83|0x0000000085300000, 0x0000000085400000, 0x0000000085400000|100%| O|  |TAMS 0x0000000085300000, 0x0000000085400000| Untracked 
|  84|0x0000000085400000, 0x0000000085500000, 0x0000000085500000|100%| O|  |TAMS 0x0000000085400000, 0x0000000085500000| Untracked 
|  85|0x0000000085500000, 0x0000000085600000, 0x0000000085600000|100%| O|  |TAMS 0x0000000085500000, 0x0000000085600000| Untracked 
|  86|0x0000000085600000, 0x0000000085700000, 0x0000000085700000|100%| O|  |TAMS 0x0000000085600000, 0x0000000085700000| Untracked 
|  87|0x0000000085700000, 0x0000000085800000, 0x0000000085800000|100%| O|  |TAMS 0x0000000085700000, 0x0000000085800000| Untracked 
|  88|0x0000000085800000, 0x0000000085900000, 0x0000000085900000|100%| O|  |TAMS 0x0000000085800000, 0x0000000085900000| Untracked 
|  89|0x0000000085900000, 0x0000000085a00000, 0x0000000085a00000|100%| O|  |TAMS 0x0000000085900000, 0x0000000085a00000| Untracked 
|  90|0x0000000085a00000, 0x0000000085b00000, 0x0000000085b00000|100%| O|  |TAMS 0x0000000085a00000, 0x0000000085b00000| Untracked 
|  91|0x0000000085b00000, 0x0000000085c00000, 0x0000000085c00000|100%| O|  |TAMS 0x0000000085b00000, 0x0000000085c00000| Untracked 
|  92|0x0000000085c00000, 0x0000000085d00000, 0x0000000085d00000|100%| O|  |TAMS 0x0000000085c00000, 0x0000000085d00000| Untracked 
|  93|0x0000000085d00000, 0x0000000085d80000, 0x0000000085e00000| 50%| O|  |TAMS 0x0000000085d00000, 0x0000000085d80000| Untracked 
|  94|0x0000000085e00000, 0x0000000085e00000, 0x0000000085f00000|  0%| F|  |TAMS 0x0000000085e00000, 0x0000000085e00000| Untracked 
|  95|0x0000000085f00000, 0x0000000085f00000, 0x0000000086000000|  0%| F|  |TAMS 0x0000000085f00000, 0x0000000085f00000| Untracked 
|  96|0x0000000086000000, 0x0000000086000000, 0x0000000086100000|  0%| F|  |TAMS 0x0000000086000000, 0x0000000086000000| Untracked 
|  97|0x0000000086100000, 0x0000000086100000, 0x0000000086200000|  0%| F|  |TAMS 0x0000000086100000, 0x0000000086100000| Untracked 
|  98|0x0000000086200000, 0x0000000086200000, 0x0000000086300000|  0%| F|  |TAMS 0x0000000086200000, 0x0000000086200000| Untracked 
|  99|0x0000000086300000, 0x0000000086300000, 0x0000000086400000|  0%| F|  |TAMS 0x0000000086300000, 0x0000000086300000| Untracked 
| 100|0x0000000086400000, 0x0000000086400000, 0x0000000086500000|  0%| F|  |TAMS 0x0000000086400000, 0x0000000086400000| Untracked 
| 101|0x0000000086500000, 0x0000000086500000, 0x0000000086600000|  0%| F|  |TAMS 0x0000000086500000, 0x0000000086500000| Untracked 
| 102|0x0000000086600000, 0x0000000086600000, 0x0000000086700000|  0%| F|  |TAMS 0x0000000086600000, 0x0000000086600000| Untracked 
| 103|0x0000000086700000, 0x0000000086700000, 0x0000000086800000|  0%| F|  |TAMS 0x0000000086700000, 0x0000000086700000| Untracked 
| 104|0x0000000086800000, 0x0000000086800000, 0x0000000086900000|  0%| F|  |TAMS 0x0000000086800000, 0x0000000086800000| Untracked 
| 105|0x0000000086900000, 0x0000000086900000, 0x0000000086a00000|  0%| F|  |TAMS 0x0000000086900000, 0x0000000086900000| Untracked 
| 106|0x0000000086a00000, 0x0000000086a00000, 0x0000000086b00000|  0%| F|  |TAMS 0x0000000086a00000, 0x0000000086a00000| Untracked 
| 107|0x0000000086b00000, 0x0000000086c00000, 0x0000000086c00000|100%| O|  |TAMS 0x0000000086b00000, 0x0000000086c00000| Untracked 
| 108|0x0000000086c00000, 0x0000000086d00000, 0x0000000086d00000|100%| O|  |TAMS 0x0000000086c00000, 0x0000000086d00000| Untracked 
| 109|0x0000000086d00000, 0x0000000086e00000, 0x0000000086e00000|100%| O|  |TAMS 0x0000000086d00000, 0x0000000086e00000| Untracked 
| 110|0x0000000086e00000, 0x0000000086f00000, 0x0000000086f00000|100%| O|  |TAMS 0x0000000086e00000, 0x0000000086f00000| Untracked 
| 111|0x0000000086f00000, 0x0000000087000000, 0x0000000087000000|100%| O|  |TAMS 0x0000000086f00000, 0x0000000087000000| Untracked 
| 112|0x0000000087000000, 0x0000000087100000, 0x0000000087100000|100%| O|  |TAMS 0x0000000087000000, 0x0000000087100000| Untracked 
| 113|0x0000000087100000, 0x0000000087200000, 0x0000000087200000|100%| O|  |TAMS 0x0000000087100000, 0x0000000087200000| Untracked 
| 114|0x0000000087200000, 0x0000000087300000, 0x0000000087300000|100%| O|  |TAMS 0x0000000087200000, 0x0000000087300000| Untracked 
| 115|0x0000000087300000, 0x0000000087400000, 0x0000000087400000|100%| O|  |TAMS 0x0000000087300000, 0x0000000087400000| Untracked 
| 116|0x0000000087400000, 0x0000000087500000, 0x0000000087500000|100%| O|  |TAMS 0x0000000087400000, 0x0000000087500000| Untracked 
| 117|0x0000000087500000, 0x0000000087500000, 0x0000000087600000|  0%| F|  |TAMS 0x0000000087500000, 0x0000000087500000| Untracked 
| 118|0x0000000087600000, 0x0000000087600000, 0x0000000087700000|  0%| F|  |TAMS 0x0000000087600000, 0x0000000087600000| Untracked 
| 119|0x0000000087700000, 0x0000000087700000, 0x0000000087800000|  0%| F|  |TAMS 0x0000000087700000, 0x0000000087700000| Untracked 
| 120|0x0000000087800000, 0x0000000087800000, 0x0000000087900000|  0%| F|  |TAMS 0x0000000087800000, 0x0000000087800000| Untracked 
| 121|0x0000000087900000, 0x0000000087900000, 0x0000000087a00000|  0%| F|  |TAMS 0x0000000087900000, 0x0000000087900000| Untracked 
| 122|0x0000000087a00000, 0x0000000087a00000, 0x0000000087b00000|  0%| F|  |TAMS 0x0000000087a00000, 0x0000000087a00000| Untracked 
| 123|0x0000000087b00000, 0x0000000087b00000, 0x0000000087c00000|  0%| F|  |TAMS 0x0000000087b00000, 0x0000000087b00000| Untracked 
| 124|0x0000000087c00000, 0x0000000087c00000, 0x0000000087d00000|  0%| F|  |TAMS 0x0000000087c00000, 0x0000000087c00000| Untracked 
| 125|0x0000000087d00000, 0x0000000087d00000, 0x0000000087e00000|  0%| F|  |TAMS 0x0000000087d00000, 0x0000000087d00000| Untracked 
| 126|0x0000000087e00000, 0x0000000087e00000, 0x0000000087f00000|  0%| F|  |TAMS 0x0000000087e00000, 0x0000000087e00000| Untracked 
| 127|0x0000000087f00000, 0x0000000087f00000, 0x0000000088000000|  0%| F|  |TAMS 0x0000000087f00000, 0x0000000087f00000| Untracked 
| 128|0x0000000088000000, 0x0000000088000000, 0x0000000088100000|  0%| F|  |TAMS 0x0000000088000000, 0x0000000088000000| Untracked 
| 129|0x0000000088100000, 0x0000000088100000, 0x0000000088200000|  0%| F|  |TAMS 0x0000000088100000, 0x0000000088100000| Untracked 
| 130|0x0000000088200000, 0x0000000088200000, 0x0000000088300000|  0%| F|  |TAMS 0x0000000088200000, 0x0000000088200000| Untracked 
| 131|0x0000000088300000, 0x0000000088300000, 0x0000000088400000|  0%| F|  |TAMS 0x0000000088300000, 0x0000000088300000| Untracked 
| 132|0x0000000088400000, 0x0000000088400000, 0x0000000088500000|  0%| F|  |TAMS 0x0000000088400000, 0x0000000088400000| Untracked 
| 133|0x0000000088500000, 0x0000000088500000, 0x0000000088600000|  0%| F|  |TAMS 0x0000000088500000, 0x0000000088500000| Untracked 
| 134|0x0000000088600000, 0x0000000088600000, 0x0000000088700000|  0%| F|  |TAMS 0x0000000088600000, 0x0000000088600000| Untracked 
| 135|0x0000000088700000, 0x0000000088700000, 0x0000000088800000|  0%| F|  |TAMS 0x0000000088700000, 0x0000000088700000| Untracked 
| 136|0x0000000088800000, 0x0000000088800000, 0x0000000088900000|  0%| F|  |TAMS 0x0000000088800000, 0x0000000088800000| Untracked 
| 137|0x0000000088900000, 0x0000000088900000, 0x0000000088a00000|  0%| F|  |TAMS 0x0000000088900000, 0x0000000088900000| Untracked 
| 138|0x0000000088a00000, 0x0000000088a00000, 0x0000000088b00000|  0%| F|  |TAMS 0x0000000088a00000, 0x0000000088a00000| Untracked 
| 139|0x0000000088b00000, 0x0000000088b00000, 0x0000000088c00000|  0%| F|  |TAMS 0x0000000088b00000, 0x0000000088b00000| Untracked 
| 140|0x0000000088c00000, 0x0000000088c00000, 0x0000000088d00000|  0%| F|  |TAMS 0x0000000088c00000, 0x0000000088c00000| Untracked 
| 141|0x0000000088d00000, 0x0000000088d00000, 0x0000000088e00000|  0%| F|  |TAMS 0x0000000088d00000, 0x0000000088d00000| Untracked 
| 142|0x0000000088e00000, 0x0000000088e00000, 0x0000000088f00000|  0%| F|  |TAMS 0x0000000088e00000, 0x0000000088e00000| Untracked 
| 143|0x0000000088f00000, 0x0000000088f00000, 0x0000000089000000|  0%| F|  |TAMS 0x0000000088f00000, 0x0000000088f00000| Untracked 
| 144|0x0000000089000000, 0x0000000089000000, 0x0000000089100000|  0%| F|  |TAMS 0x0000000089000000, 0x0000000089000000| Untracked 
| 145|0x0000000089100000, 0x0000000089100000, 0x0000000089200000|  0%| F|  |TAMS 0x0000000089100000, 0x0000000089100000| Untracked 
| 146|0x0000000089200000, 0x0000000089200000, 0x0000000089300000|  0%| F|  |TAMS 0x0000000089200000, 0x0000000089200000| Untracked 
| 147|0x0000000089300000, 0x0000000089300000, 0x0000000089400000|  0%| F|  |TAMS 0x0000000089300000, 0x0000000089300000| Untracked 
| 148|0x0000000089400000, 0x0000000089400000, 0x0000000089500000|  0%| F|  |TAMS 0x0000000089400000, 0x0000000089400000| Untracked 
| 149|0x0000000089500000, 0x0000000089500000, 0x0000000089600000|  0%| F|  |TAMS 0x0000000089500000, 0x0000000089500000| Untracked 
| 150|0x0000000089600000, 0x0000000089600000, 0x0000000089700000|  0%| F|  |TAMS 0x0000000089600000, 0x0000000089600000| Untracked 
| 151|0x0000000089700000, 0x0000000089700000, 0x0000000089800000|  0%| F|  |TAMS 0x0000000089700000, 0x0000000089700000| Untracked 
| 152|0x0000000089800000, 0x0000000089800000, 0x0000000089900000|  0%| F|  |TAMS 0x0000000089800000, 0x0000000089800000| Untracked 
| 153|0x0000000089900000, 0x0000000089900000, 0x0000000089a00000|  0%| F|  |TAMS 0x0000000089900000, 0x0000000089900000| Untracked 
| 154|0x0000000089a00000, 0x0000000089a00000, 0x0000000089b00000|  0%| F|  |TAMS 0x0000000089a00000, 0x0000000089a00000| Untracked 
| 155|0x0000000089b00000, 0x0000000089b00000, 0x0000000089c00000|  0%| F|  |TAMS 0x0000000089b00000, 0x0000000089b00000| Untracked 
| 156|0x0000000089c00000, 0x0000000089c00000, 0x0000000089d00000|  0%| F|  |TAMS 0x0000000089c00000, 0x0000000089c00000| Untracked 
| 157|0x0000000089d00000, 0x0000000089d00000, 0x0000000089e00000|  0%| F|  |TAMS 0x0000000089d00000, 0x0000000089d00000| Untracked 
| 158|0x0000000089e00000, 0x0000000089e00000, 0x0000000089f00000|  0%| F|  |TAMS 0x0000000089e00000, 0x0000000089e00000| Untracked 
| 159|0x0000000089f00000, 0x0000000089f00000, 0x000000008a000000|  0%| F|  |TAMS 0x0000000089f00000, 0x0000000089f00000| Untracked 
| 160|0x000000008a000000, 0x000000008a000000, 0x000000008a100000|  0%| F|  |TAMS 0x000000008a000000, 0x000000008a000000| Untracked 
| 161|0x000000008a100000, 0x000000008a100000, 0x000000008a200000|  0%| F|  |TAMS 0x000000008a100000, 0x000000008a100000| Untracked 
| 162|0x000000008a200000, 0x000000008a200000, 0x000000008a300000|  0%| F|  |TAMS 0x000000008a200000, 0x000000008a200000| Untracked 
| 163|0x000000008a300000, 0x000000008a300000, 0x000000008a400000|  0%| F|  |TAMS 0x000000008a300000, 0x000000008a300000| Untracked 
| 164|0x000000008a400000, 0x000000008a400000, 0x000000008a500000|  0%| F|  |TAMS 0x000000008a400000, 0x000000008a400000| Untracked 
| 165|0x000000008a500000, 0x000000008a500000, 0x000000008a600000|  0%| F|  |TAMS 0x000000008a500000, 0x000000008a500000| Untracked 
| 166|0x000000008a600000, 0x000000008a600000, 0x000000008a700000|  0%| F|  |TAMS 0x000000008a600000, 0x000000008a600000| Untracked 
| 167|0x000000008a700000, 0x000000008a700000, 0x000000008a800000|  0%| F|  |TAMS 0x000000008a700000, 0x000000008a700000| Untracked 
| 168|0x000000008a800000, 0x000000008a800000, 0x000000008a900000|  0%| F|  |TAMS 0x000000008a800000, 0x000000008a800000| Untracked 
| 169|0x000000008a900000, 0x000000008a900000, 0x000000008aa00000|  0%| F|  |TAMS 0x000000008a900000, 0x000000008a900000| Untracked 
| 170|0x000000008aa00000, 0x000000008aa00000, 0x000000008ab00000|  0%| F|  |TAMS 0x000000008aa00000, 0x000000008aa00000| Untracked 
| 171|0x000000008ab00000, 0x000000008ab00000, 0x000000008ac00000|  0%| F|  |TAMS 0x000000008ab00000, 0x000000008ab00000| Untracked 
| 172|0x000000008ac00000, 0x000000008ac00000, 0x000000008ad00000|  0%| F|  |TAMS 0x000000008ac00000, 0x000000008ac00000| Untracked 
| 173|0x000000008ad00000, 0x000000008ad00000, 0x000000008ae00000|  0%| F|  |TAMS 0x000000008ad00000, 0x000000008ad00000| Untracked 
| 174|0x000000008ae00000, 0x000000008af00000, 0x000000008af00000|100%| S|CS|TAMS 0x000000008ae00000, 0x000000008ae00000| Complete 
| 175|0x000000008af00000, 0x000000008b000000, 0x000000008b000000|100%| S|CS|TAMS 0x000000008af00000, 0x000000008af00000| Complete 
| 176|0x000000008b000000, 0x000000008b100000, 0x000000008b100000|100%| S|CS|TAMS 0x000000008b000000, 0x000000008b000000| Complete 
| 177|0x000000008b100000, 0x000000008b200000, 0x000000008b200000|100%| S|CS|TAMS 0x000000008b100000, 0x000000008b100000| Complete 
| 178|0x000000008b200000, 0x000000008b300000, 0x000000008b300000|100%| S|CS|TAMS 0x000000008b200000, 0x000000008b200000| Complete 
| 179|0x000000008b300000, 0x000000008b400000, 0x000000008b400000|100%| S|CS|TAMS 0x000000008b300000, 0x000000008b300000| Complete 
| 180|0x000000008b400000, 0x000000008b400000, 0x000000008b500000|  0%| F|  |TAMS 0x000000008b400000, 0x000000008b400000| Untracked 
| 181|0x000000008b500000, 0x000000008b500000, 0x000000008b600000|  0%| F|  |TAMS 0x000000008b500000, 0x000000008b500000| Untracked 
| 182|0x000000008b600000, 0x000000008b600000, 0x000000008b700000|  0%| F|  |TAMS 0x000000008b600000, 0x000000008b600000| Untracked 
| 183|0x000000008b700000, 0x000000008b700000, 0x000000008b800000|  0%| F|  |TAMS 0x000000008b700000, 0x000000008b700000| Untracked 
| 184|0x000000008b800000, 0x000000008b800000, 0x000000008b900000|  0%| F|  |TAMS 0x000000008b800000, 0x000000008b800000| Untracked 
| 185|0x000000008b900000, 0x000000008b900000, 0x000000008ba00000|  0%| F|  |TAMS 0x000000008b900000, 0x000000008b900000| Untracked 
| 186|0x000000008ba00000, 0x000000008ba00000, 0x000000008bb00000|  0%| F|  |TAMS 0x000000008ba00000, 0x000000008ba00000| Untracked 
| 187|0x000000008bb00000, 0x000000008bb00000, 0x000000008bc00000|  0%| F|  |TAMS 0x000000008bb00000, 0x000000008bb00000| Untracked 
| 188|0x000000008bc00000, 0x000000008bc00000, 0x000000008bd00000|  0%| F|  |TAMS 0x000000008bc00000, 0x000000008bc00000| Untracked 
| 189|0x000000008bd00000, 0x000000008bd00000, 0x000000008be00000|  0%| F|  |TAMS 0x000000008bd00000, 0x000000008bd00000| Untracked 
| 190|0x000000008be00000, 0x000000008be00000, 0x000000008bf00000|  0%| F|  |TAMS 0x000000008be00000, 0x000000008be00000| Untracked 
| 191|0x000000008bf00000, 0x000000008bf00000, 0x000000008c000000|  0%| F|  |TAMS 0x000000008bf00000, 0x000000008bf00000| Untracked 
| 192|0x000000008c000000, 0x000000008c000000, 0x000000008c100000|  0%| F|  |TAMS 0x000000008c000000, 0x000000008c000000| Untracked 
| 193|0x000000008c100000, 0x000000008c100000, 0x000000008c200000|  0%| F|  |TAMS 0x000000008c100000, 0x000000008c100000| Untracked 
| 194|0x000000008c200000, 0x000000008c200000, 0x000000008c300000|  0%| F|  |TAMS 0x000000008c200000, 0x000000008c200000| Untracked 
| 195|0x000000008c300000, 0x000000008c300000, 0x000000008c400000|  0%| F|  |TAMS 0x000000008c300000, 0x000000008c300000| Untracked 
| 196|0x000000008c400000, 0x000000008c400000, 0x000000008c500000|  0%| F|  |TAMS 0x000000008c400000, 0x000000008c400000| Untracked 
| 197|0x000000008c500000, 0x000000008c500000, 0x000000008c600000|  0%| F|  |TAMS 0x000000008c500000, 0x000000008c500000| Untracked 
| 198|0x000000008c600000, 0x000000008c600000, 0x000000008c700000|  0%| F|  |TAMS 0x000000008c600000, 0x000000008c600000| Untracked 
| 199|0x000000008c700000, 0x000000008c700000, 0x000000008c800000|  0%| F|  |TAMS 0x000000008c700000, 0x000000008c700000| Untracked 
| 200|0x000000008c800000, 0x000000008c800000, 0x000000008c900000|  0%| F|  |TAMS 0x000000008c800000, 0x000000008c800000| Untracked 
| 201|0x000000008c900000, 0x000000008c900000, 0x000000008ca00000|  0%| F|  |TAMS 0x000000008c900000, 0x000000008c900000| Untracked 
| 202|0x000000008ca00000, 0x000000008ca00000, 0x000000008cb00000|  0%| F|  |TAMS 0x000000008ca00000, 0x000000008ca00000| Untracked 
| 203|0x000000008cb00000, 0x000000008cb00000, 0x000000008cc00000|  0%| F|  |TAMS 0x000000008cb00000, 0x000000008cb00000| Untracked 
| 204|0x000000008cc00000, 0x000000008cc00000, 0x000000008cd00000|  0%| F|  |TAMS 0x000000008cc00000, 0x000000008cc00000| Untracked 
| 205|0x000000008cd00000, 0x000000008cd00000, 0x000000008ce00000|  0%| F|  |TAMS 0x000000008cd00000, 0x000000008cd00000| Untracked 
| 206|0x000000008ce00000, 0x000000008ce00000, 0x000000008cf00000|  0%| F|  |TAMS 0x000000008ce00000, 0x000000008ce00000| Untracked 
| 207|0x000000008cf00000, 0x000000008cf00000, 0x000000008d000000|  0%| F|  |TAMS 0x000000008cf00000, 0x000000008cf00000| Untracked 
| 208|0x000000008d000000, 0x000000008d000000, 0x000000008d100000|  0%| F|  |TAMS 0x000000008d000000, 0x000000008d000000| Untracked 
| 209|0x000000008d100000, 0x000000008d100000, 0x000000008d200000|  0%| F|  |TAMS 0x000000008d100000, 0x000000008d100000| Untracked 
| 210|0x000000008d200000, 0x000000008d200000, 0x000000008d300000|  0%| F|  |TAMS 0x000000008d200000, 0x000000008d200000| Untracked 
| 211|0x000000008d300000, 0x000000008d300000, 0x000000008d400000|  0%| F|  |TAMS 0x000000008d300000, 0x000000008d300000| Untracked 
| 212|0x000000008d400000, 0x000000008d400000, 0x000000008d500000|  0%| F|  |TAMS 0x000000008d400000, 0x000000008d400000| Untracked 
| 213|0x000000008d500000, 0x000000008d500000, 0x000000008d600000|  0%| F|  |TAMS 0x000000008d500000, 0x000000008d500000| Untracked 
| 214|0x000000008d600000, 0x000000008d600000, 0x000000008d700000|  0%| F|  |TAMS 0x000000008d600000, 0x000000008d600000| Untracked 
| 215|0x000000008d700000, 0x000000008d700000, 0x000000008d800000|  0%| F|  |TAMS 0x000000008d700000, 0x000000008d700000| Untracked 
| 216|0x000000008d800000, 0x000000008d800000, 0x000000008d900000|  0%| F|  |TAMS 0x000000008d800000, 0x000000008d800000| Untracked 
| 217|0x000000008d900000, 0x000000008d900000, 0x000000008da00000|  0%| F|  |TAMS 0x000000008d900000, 0x000000008d900000| Untracked 
| 218|0x000000008da00000, 0x000000008da00000, 0x000000008db00000|  0%| F|  |TAMS 0x000000008da00000, 0x000000008da00000| Untracked 
| 219|0x000000008db00000, 0x000000008db00000, 0x000000008dc00000|  0%| F|  |TAMS 0x000000008db00000, 0x000000008db00000| Untracked 
| 220|0x000000008dc00000, 0x000000008dc00000, 0x000000008dd00000|  0%| F|  |TAMS 0x000000008dc00000, 0x000000008dc00000| Untracked 
| 221|0x000000008dd00000, 0x000000008dd00000, 0x000000008de00000|  0%| F|  |TAMS 0x000000008dd00000, 0x000000008dd00000| Untracked 
| 222|0x000000008de00000, 0x000000008df00000, 0x000000008df00000|100%| O|  |TAMS 0x000000008de00000, 0x000000008df00000| Untracked 
| 223|0x000000008df00000, 0x000000008e000000, 0x000000008e000000|100%| O|  |TAMS 0x000000008df00000, 0x000000008e000000| Untracked 
| 224|0x000000008e000000, 0x000000008e100000, 0x000000008e100000|100%| O|  |TAMS 0x000000008e000000, 0x000000008e100000| Untracked 
| 225|0x000000008e100000, 0x000000008e200000, 0x000000008e200000|100%| O|  |TAMS 0x000000008e100000, 0x000000008e200000| Untracked 

Card table byte_map: [0x00000288c0f10000,0x00000288c1310000] _byte_map_base: 0x00000288c0b10000

Marking Bits (Prev, Next): (CMBitMap*) 0x00000288ae1cb9e8, (CMBitMap*) 0x00000288ae1cba20
 Prev Bits: [0x00000288c1710000, 0x00000288c3710000)
 Next Bits: [0x00000288c3710000, 0x00000288c5710000)

Polling page: 0x00000288ac070000

Metaspace:

Usage:
  Non-class:     76.88 MB capacity,    75.47 MB ( 98%) used,     1.17 MB (  2%) free+waste,   246.00 KB ( <1%) overhead. 
      Class:     12.19 MB capacity,    11.40 MB ( 94%) used,   691.71 KB (  6%) free+waste,   113.81 KB ( <1%) overhead. 
       Both:     89.07 MB capacity,    86.87 MB ( 98%) used,     1.85 MB (  2%) free+waste,   359.81 KB ( <1%) overhead. 

Virtual space:
  Non-class space:       78.00 MB reserved,      77.00 MB ( 99%) committed 
      Class space:        1.00 GB reserved,      12.20 MB (  1%) committed 
             Both:        1.08 GB reserved,      89.20 MB (  8%) committed 

Chunk freelists:
   Non-Class:  55.00 KB
       Class:  0 bytes
        Both:  55.00 KB

MaxMetaspaceSize: 17179869184.00 GB
CompressedClassSpaceSize: 1.00 GB

CodeHeap 'non-profiled nmethods': size=120064Kb used=5358Kb max_used=5358Kb free=114705Kb
 bounds [0x00000288b95d0000, 0x00000288b9b10000, 0x00000288c0b10000]
CodeHeap 'profiled nmethods': size=120000Kb used=21631Kb max_used=21631Kb free=98369Kb
 bounds [0x00000288b20a0000, 0x00000288b35d0000, 0x00000288b95d0000]
CodeHeap 'non-nmethods': size=5696Kb used=2274Kb max_used=2322Kb free=3421Kb
 bounds [0x00000288b1b10000, 0x00000288b1d80000, 0x00000288b20a0000]
 total_blobs=11072 nmethods=10199 adapters=782
 compilation: enabled
              stopped_count=0, restarted_count=0
 full_count=0

Compilation events (20 events):
Event: 20.898 Thread 0x00000288c7c15800 10588       2       com.android.tools.r8.code.T1::D (4 bytes)
Event: 20.898 Thread 0x00000288c7c15800 nmethod 10588 0x00000288b35c1490 code [0x00000288b35c1640, 0x00000288b35c1738]
Event: 20.900 Thread 0x00000288c7c15800 10589       2       com.android.tools.r8.code.i2::a (1 bytes)
Event: 20.900 Thread 0x00000288c7c15800 nmethod 10589 0x00000288b35c1810 code [0x00000288b35c19c0, 0x00000288b35c1ab8]
Event: 20.901 Thread 0x00000288c7c15800 10590       2       com.android.tools.r8.code.x::a (1 bytes)
Event: 20.901 Thread 0x00000288c7c15800 nmethod 10590 0x00000288b35c1b90 code [0x00000288b35c1d40, 0x00000288b35c1e38]
Event: 20.902 Thread 0x00000288c7c15800 10592       2       com.android.tools.r8.code.H2::a (16 bytes)
Event: 20.902 Thread 0x00000288c7c15800 nmethod 10592 0x00000288b35c1f10 code [0x00000288b35c2100, 0x00000288b35c2318]
Event: 20.904 Thread 0x00000288c9baa800 nmethod 10030 0x00000288b9b0a890 code [0x00000288b9b0aae0, 0x00000288b9b0baa8]
Event: 20.904 Thread 0x00000288c9baa800 10359       4       com.android.tools.r8.s.a.a.b.M0::hasNext (217 bytes)
Event: 20.904 Thread 0x00000288c7c15800 10593       2       com.android.tools.r8.code.q::a (1 bytes)
Event: 20.904 Thread 0x00000288c7c15800 nmethod 10593 0x00000288b35c2490 code [0x00000288b35c2640, 0x00000288b35c2738]
Event: 20.906 Thread 0x00000288c7c15800 10595       2       com.android.tools.r8.code.Y0::a (1 bytes)
Event: 20.906 Thread 0x00000288c7c15800 nmethod 10595 0x00000288b35c2810 code [0x00000288b35c29c0, 0x00000288b35c2ab8]
Event: 20.907 Thread 0x00000288c7c15800 10596       2       com.android.tools.r8.code.k::a (1 bytes)
Event: 20.908 Thread 0x00000288c7c15800 nmethod 10596 0x00000288b35c2b90 code [0x00000288b35c2d40, 0x00000288b35c2e38]
Event: 20.908 Thread 0x00000288c7c15800 10597       2       com.android.tools.r8.code.B1::a (1 bytes)
Event: 20.908 Thread 0x00000288c7c15800 nmethod 10597 0x00000288b35c2f10 code [0x00000288b35c30c0, 0x00000288b35c31b8]
Event: 20.908 Thread 0x00000288c7c15800 10598       2       com.android.tools.r8.code.w2::a (1 bytes)
Event: 20.908 Thread 0x00000288c7c15800 nmethod 10598 0x00000288b35c3290 code [0x00000288b35c3440, 0x00000288b35c3538]

GC Heap History (20 events):
Event: 7.325 GC heap after
{Heap after GC invocations=10 (full 0):
 garbage-first heap   total 157696K, used 24573K [0x0000000080000000, 0x0000000100000000)
  region size 1024K, 7 young (7168K), 7 survivors (7168K)
 Metaspace       used 41667K, capacity 42535K, committed 42624K, reserved 1085440K
  class space    used 5354K, capacity 5676K, committed 5760K, reserved 1048576K
}
Event: 8.448 GC heap before
{Heap before GC invocations=10 (full 0):
 garbage-first heap   total 157696K, used 99325K [0x0000000080000000, 0x0000000100000000)
  region size 1024K, 78 young (79872K), 7 survivors (7168K)
 Metaspace       used 44984K, capacity 46047K, committed 46208K, reserved 1089536K
  class space    used 5779K, capacity 6147K, committed 6272K, reserved 1048576K
}
Event: 8.467 GC heap after
{Heap after GC invocations=11 (full 0):
 garbage-first heap   total 157696K, used 35840K [0x0000000080000000, 0x0000000100000000)
  region size 1024K, 10 young (10240K), 10 survivors (10240K)
 Metaspace       used 44984K, capacity 46047K, committed 46208K, reserved 1089536K
  class space    used 5779K, capacity 6147K, committed 6272K, reserved 1048576K
}
Event: 9.849 GC heap before
{Heap before GC invocations=11 (full 0):
 garbage-first heap   total 157696K, used 106496K [0x0000000080000000, 0x0000000100000000)
  region size 1024K, 80 young (81920K), 10 survivors (10240K)
 Metaspace       used 55872K, capacity 57205K, committed 57344K, reserved 1099776K
  class space    used 7105K, capacity 7587K, committed 7680K, reserved 1048576K
}
Event: 9.868 GC heap after
{Heap after GC invocations=12 (full 0):
 garbage-first heap   total 189440K, used 39865K [0x0000000080000000, 0x0000000100000000)
  region size 1024K, 4 young (4096K), 4 survivors (4096K)
 Metaspace       used 55872K, capacity 57205K, committed 57344K, reserved 1099776K
  class space    used 7105K, capacity 7587K, committed 7680K, reserved 1048576K
}
Event: 10.520 GC heap before
{Heap before GC invocations=12 (full 0):
 garbage-first heap   total 189440K, used 73657K [0x0000000080000000, 0x0000000100000000)
  region size 1024K, 37 young (37888K), 4 survivors (4096K)
 Metaspace       used 58825K, capacity 60124K, committed 60160K, reserved 1101824K
  class space    used 7442K, capacity 7929K, committed 7936K, reserved 1048576K
}
Event: 10.534 GC heap after
{Heap after GC invocations=13 (full 0):
 garbage-first heap   total 189440K, used 42771K [0x0000000080000000, 0x0000000100000000)
  region size 1024K, 7 young (7168K), 7 survivors (7168K)
 Metaspace       used 58825K, capacity 60124K, committed 60160K, reserved 1101824K
  class space    used 7442K, capacity 7929K, committed 7936K, reserved 1048576K
}
Event: 12.220 GC heap before
{Heap before GC invocations=14 (full 0):
 garbage-first heap   total 189440K, used 127763K [0x0000000080000000, 0x0000000100000000)
  region size 1024K, 90 young (92160K), 7 survivors (7168K)
 Metaspace       used 66508K, capacity 68020K, committed 68172K, reserved 1107968K
  class space    used 8683K, capacity 9226K, committed 9292K, reserved 1048576K
}
Event: 12.252 GC heap after
{Heap after GC invocations=15 (full 0):
 garbage-first heap   total 189440K, used 47885K [0x0000000080000000, 0x0000000100000000)
  region size 1024K, 9 young (9216K), 9 survivors (9216K)
 Metaspace       used 66508K, capacity 68020K, committed 68172K, reserved 1107968K
  class space    used 8683K, capacity 9226K, committed 9292K, reserved 1048576K
}
Event: 14.359 GC heap before
{Heap before GC invocations=16 (full 0):
 garbage-first heap   total 189440K, used 136973K [0x0000000080000000, 0x0000000100000000)
  region size 1024K, 97 young (99328K), 9 survivors (9216K)
 Metaspace       used 74886K, capacity 76641K, committed 76748K, reserved 1116160K
  class space    used 9791K, capacity 10436K, committed 10444K, reserved 1048576K
}
Event: 14.385 GC heap after
{Heap after GC invocations=17 (full 0):
 garbage-first heap   total 189440K, used 53848K [0x0000000080000000, 0x0000000100000000)
  region size 1024K, 12 young (12288K), 12 survivors (12288K)
 Metaspace       used 74886K, capacity 76641K, committed 76748K, reserved 1116160K
  class space    used 9791K, capacity 10436K, committed 10444K, reserved 1048576K
}
Event: 16.469 GC heap before
{Heap before GC invocations=17 (full 0):
 garbage-first heap   total 189440K, used 141912K [0x0000000080000000, 0x0000000100000000)
  region size 1024K, 100 young (102400K), 12 survivors (12288K)
 Metaspace       used 77491K, capacity 79374K, committed 79692K, reserved 1118208K
  class space    used 10073K, capacity 10735K, committed 10828K, reserved 1048576K
}
Event: 16.505 GC heap after
{Heap after GC invocations=18 (full 0):
 garbage-first heap   total 227328K, used 59148K [0x0000000080000000, 0x0000000100000000)
  region size 1024K, 11 young (11264K), 11 survivors (11264K)
 Metaspace       used 77491K, capacity 79374K, committed 79692K, reserved 1118208K
  class space    used 10073K, capacity 10735K, committed 10828K, reserved 1048576K
}
Event: 18.038 GC heap before
{Heap before GC invocations=18 (full 0):
 garbage-first heap   total 227328K, used 161548K [0x0000000080000000, 0x0000000100000000)
  region size 1024K, 109 young (111616K), 11 survivors (11264K)
 Metaspace       used 81276K, capacity 83207K, committed 83404K, reserved 1122304K
  class space    used 10508K, capacity 11167K, committed 11212K, reserved 1048576K
}
Event: 18.069 GC heap after
{Heap after GC invocations=19 (full 0):
 garbage-first heap   total 227328K, used 69876K [0x0000000080000000, 0x0000000100000000)
  region size 1024K, 13 young (13312K), 13 survivors (13312K)
 Metaspace       used 81276K, capacity 83207K, committed 83404K, reserved 1122304K
  class space    used 10508K, capacity 11167K, committed 11212K, reserved 1048576K
}
Event: 19.614 GC heap before
{Heap before GC invocations=19 (full 0):
 garbage-first heap   total 227328K, used 184564K [0x0000000080000000, 0x0000000100000000)
  region size 1024K, 115 young (117760K), 13 survivors (13312K)
 Metaspace       used 86272K, capacity 88281K, committed 88396K, reserved 1126400K
  class space    used 11295K, capacity 12003K, committed 12108K, reserved 1048576K
}
Event: 19.740 GC heap after
{Heap after GC invocations=20 (full 0):
 garbage-first heap   total 231424K, used 107265K [0x0000000080000000, 0x0000000100000000)
  region size 1024K, 15 young (15360K), 15 survivors (15360K)
 Metaspace       used 86272K, capacity 88281K, committed 88396K, reserved 1126400K
  class space    used 11295K, capacity 12003K, committed 12108K, reserved 1048576K
}
Event: 19.779 GC heap before
{Heap before GC invocations=20 (full 0):
 garbage-first heap   total 231424K, used 108289K [0x0000000080000000, 0x0000000100000000)
  region size 1024K, 16 young (16384K), 15 survivors (15360K)
 Metaspace       used 86272K, capacity 88281K, committed 88396K, reserved 1126400K
  class space    used 11295K, capacity 12003K, committed 12108K, reserved 1048576K
}
Event: 19.832 GC heap after
{Heap after GC invocations=21 (full 0):
 garbage-first heap   total 231424K, used 109568K [0x0000000080000000, 0x0000000100000000)
  region size 1024K, 2 young (2048K), 2 survivors (2048K)
 Metaspace       used 86272K, capacity 88281K, committed 88396K, reserved 1126400K
  class space    used 11295K, capacity 12003K, committed 12108K, reserved 1048576K
}
Event: 20.914 GC heap before
{Heap before GC invocations=21 (full 0):
 garbage-first heap   total 231424K, used 149504K [0x0000000080000000, 0x0000000100000000)
  region size 1024K, 42 young (43008K), 2 survivors (2048K)
 Metaspace       used 88957K, capacity 91209K, committed 91340K, reserved 1128448K
  class space    used 11674K, capacity 12480K, committed 12492K, reserved 1048576K
}

Deoptimization events (20 events):
Event: 20.685 Thread 0x00000288ce7a9000 DEOPT PACKING pc=0x00000288b343ea8e sp=0x0000009eca8fd3f0
Event: 20.685 Thread 0x00000288ce7a9000 DEOPT UNPACKING pc=0x00000288b1b372ce sp=0x0000009eca8fc868 mode 0
Event: 20.685 Thread 0x00000288ce7a9000 DEOPT PACKING pc=0x00000288b343ea8e sp=0x0000009eca8fd3f0
Event: 20.685 Thread 0x00000288ce7a9000 DEOPT UNPACKING pc=0x00000288b1b372ce sp=0x0000009eca8fc868 mode 0
Event: 20.685 Thread 0x00000288ce7a9000 DEOPT PACKING pc=0x00000288b343ea8e sp=0x0000009eca8fd3f0
Event: 20.685 Thread 0x00000288ce7a9000 DEOPT UNPACKING pc=0x00000288b1b372ce sp=0x0000009eca8fc868 mode 0
Event: 20.686 Thread 0x00000288ce7a9000 DEOPT PACKING pc=0x00000288b343ea8e sp=0x0000009eca8fd3f0
Event: 20.686 Thread 0x00000288ce7a9000 DEOPT UNPACKING pc=0x00000288b1b372ce sp=0x0000009eca8fc868 mode 0
Event: 20.686 Thread 0x00000288ce7a9000 DEOPT PACKING pc=0x00000288b343ea8e sp=0x0000009eca8fd3f0
Event: 20.686 Thread 0x00000288ce7a9000 DEOPT UNPACKING pc=0x00000288b1b372ce sp=0x0000009eca8fc868 mode 0
Event: 20.686 Thread 0x00000288ce7a9000 DEOPT PACKING pc=0x00000288b343ea8e sp=0x0000009eca8fd3f0
Event: 20.686 Thread 0x00000288ce7a9000 DEOPT UNPACKING pc=0x00000288b1b372ce sp=0x0000009eca8fc868 mode 0
Event: 20.687 Thread 0x00000288ce7a9000 DEOPT PACKING pc=0x00000288b343ea8e sp=0x0000009eca8fd3f0
Event: 20.687 Thread 0x00000288ce7a9000 DEOPT UNPACKING pc=0x00000288b1b372ce sp=0x0000009eca8fc868 mode 0
Event: 20.687 Thread 0x00000288ce7a9000 DEOPT PACKING pc=0x00000288b343ea8e sp=0x0000009eca8fd3f0
Event: 20.687 Thread 0x00000288ce7a9000 DEOPT UNPACKING pc=0x00000288b1b372ce sp=0x0000009eca8fc868 mode 0
Event: 20.796 Thread 0x00000288ce7a9000 Uncommon trap: trap_request=0xffffffe4 fr.pc=0x00000288b9add878 relative=0x0000000000000238
Event: 20.796 Thread 0x00000288ce7a9000 Uncommon trap: reason=range_check action=make_not_entrant pc=0x00000288b9add878 method=com.android.tools.r8.graph.q0.b(Lcom/android/tools/r8/graph/q0;)I @ 9 c2
Event: 20.796 Thread 0x00000288ce7a9000 DEOPT PACKING pc=0x00000288b9add878 sp=0x0000009eca8fced0
Event: 20.796 Thread 0x00000288ce7a9000 DEOPT UNPACKING pc=0x00000288b1b374af sp=0x0000009eca8fce58 mode 2

Classes redefined (0 events):
No events

Internal exceptions (20 events):
Event: 17.687 Thread 0x00000288cce9e000 Exception <a 'java/lang/NoSuchMethodError'{0x00000000892dcbf0}: 'java.lang.Object java.lang.invoke.DirectMethodHandle$Holder.invokeStatic(java.lang.Object, java.lang.Object, long)'> (0x00000000892dcbf0) thrown at [./src/hotspot/share/interpreter/linkResolver.cpp, line 773]
Event: 17.699 Thread 0x00000288cce9e000 Exception <a 'java/lang/NoSuchMethodError'{0x00000000892e3168}: 'java.lang.Object java.lang.invoke.Invokers$Holder.linkToTargetMethod(java.lang.Object, long, java.lang.Object)'> (0x00000000892e3168) thrown at [./src/hotspot/share/interpreter/linkResolver.cpp, line 773]
Event: 18.224 Thread 0x00000288ccea0800 Exception <a 'java/lang/NoSuchMethodError'{0x000000008d706628}: 'int java.lang.invoke.DirectMethodHandle$Holder.invokeSpecial(java.lang.Object, java.lang.Object, java.lang.Object, java.lang.Object, java.lang.Object)'> (0x000000008d706628) thrown at [./src/hotspot/share/interpreter/linkResolver.cpp, line 773]
Event: 18.259 Thread 0x00000288ce7a9000 Exception <a 'sun/nio/fs/WindowsException'{0x000000008d637bf8}> (0x000000008d637bf8) thrown at [./src/hotspot/share/prims/jni.cpp, line 615]
Event: 18.369 Thread 0x00000288ce7a9000 Exception <a 'java/lang/NoSuchMethodError'{0x000000008d3a28a0}: 'int java.lang.invoke.DirectMethodHandle$Holder.invokeVirtual(java.lang.Object, java.lang.Object, java.lang.Object)'> (0x000000008d3a28a0) thrown at [./src/hotspot/share/interpreter/linkResolver.cpp, line 773]
Event: 18.385 Thread 0x00000288cce9e000 Exception <a 'java/lang/NoSuchMethodError'{0x000000008d22ecd8}: 'int java.lang.invoke.DirectMethodHandle$Holder.invokeSpecialIFC(java.lang.Object, java.lang.Object, java.lang.Object)'> (0x000000008d22ecd8) thrown at [./src/hotspot/share/interpreter/linkResolver.cpp, line 773]
Event: 18.451 Thread 0x00000288ce7a9000 Exception <a 'java/lang/NoSuchMethodError'{0x000000008d0094c8}: 'int java.lang.invoke.DirectMethodHandle$Holder.invokeVirtual(java.lang.Object, java.lang.Object)'> (0x000000008d0094c8) thrown at [./src/hotspot/share/interpreter/linkResolver.cpp, line 773]
Event: 18.453 Thread 0x00000288ce7a9000 Exception <a 'java/lang/NoSuchMethodError'{0x000000008d00ebf8}: 'java.lang.Object java.lang.invoke.DirectMethodHandle$Holder.invokeStatic(java.lang.Object, java.lang.Object, java.lang.Object, java.lang.Object, java.lang.Object, java.lang.Object, java.lang.Object, java.lang.Object, java.lang.Object, java.lang.Object, java.lang.Object, java.lang.Object, java.lang.Object, java.lang.Object, java.lang.Object, java.lang.Object, java.lang.Object, int, java.lang.Object)'> (0x000000008d00ebf8) thrown at [./src/hots
Event: 18.453 Thread 0x00000288ce7a9000 Exception <a 'java/lang/NoSuchMethodError'{0x000000008d014248}: 'java.lang.Object java.lang.invoke.DirectMethodHandle$Holder.invokeStaticInit(java.lang.Object, java.lang.Object, java.lang.Object, java.lang.Object, java.lang.Object, java.lang.Object, java.lang.Object, java.lang.Object, java.lang.Object, java.lang.Object, java.lang.Object, java.lang.Object, java.lang.Object, java.lang.Object, java.lang.Object, java.lang.Object, java.lang.Object, int, java.lang.Object)'> (0x000000008d014248) thrown at [./src/
Event: 18.514 Thread 0x00000288ccea4800 Exception <a 'java/lang/NoSuchMethodError'{0x000000008c9aeab8}: 'java.lang.Object java.lang.invoke.DirectMethodHandle$Holder.invokeVirtual(java.lang.Object, java.lang.Object, int)'> (0x000000008c9aeab8) thrown at [./src/hotspot/share/interpreter/linkResolver.cpp, line 773]
Event: 18.520 Thread 0x00000288ccea4800 Exception <a 'java/lang/NoSuchMethodError'{0x000000008c9d56a8}: 'void java.lang.invoke.DirectMethodHandle$Holder.invokeStatic(java.lang.Object, java.lang.Object, java.lang.Object, int)'> (0x000000008c9d56a8) thrown at [./src/hotspot/share/interpreter/linkResolver.cpp, line 773]
Event: 18.943 Thread 0x00000288ce7ad000 Exception <a 'java/lang/NoSuchMethodError'{0x0000000089f8cc08}: 'java.lang.Object java.lang.invoke.DirectMethodHandle$Holder.newInvokeSpecial(java.lang.Object, int)'> (0x0000000089f8cc08) thrown at [./src/hotspot/share/interpreter/linkResolver.cpp, line 773]
Event: 19.973 Thread 0x00000288ce7a9000 Exception <a 'java/lang/IncompatibleClassChangeError'{0x000000008d5e12a0}: Found class java.lang.Object, but interface was expected> (0x000000008d5e12a0) thrown at [./src/hotspot/share/interpreter/linkResolver.cpp, line 839]
Event: 20.243 Thread 0x00000288ce7a9000 Exception <a 'java/lang/NoSuchMethodError'{0x000000008cf87f30}: 'void java.lang.invoke.DirectMethodHandle$Holder.invokeStaticInit(java.lang.Object, java.lang.Object, java.lang.Object, java.lang.Object, java.lang.Object)'> (0x000000008cf87f30) thrown at [./src/hotspot/share/interpreter/linkResolver.cpp, line 773]
Event: 20.333 Thread 0x00000288ce7a9000 Exception <a 'java/lang/NoSuchMethodError'{0x000000008ced5e90}: 'java.lang.Object java.lang.invoke.DirectMethodHandle$Holder.invokeStatic(java.lang.Object, int, java.lang.Object, java.lang.Object)'> (0x000000008ced5e90) thrown at [./src/hotspot/share/interpreter/linkResolver.cpp, line 773]
Event: 20.352 Thread 0x00000288ce7a9000 Exception <a 'java/lang/NoSuchMethodError'{0x000000008cd3d0c8}: 'long java.lang.invoke.DirectMethodHandle$Holder.invokeStatic(java.lang.Object, java.lang.Object)'> (0x000000008cd3d0c8) thrown at [./src/hotspot/share/interpreter/linkResolver.cpp, line 773]
Event: 20.365 Thread 0x00000288ce7b0800 Exception <a 'java/lang/NoSuchMethodError'{0x000000008cda3870}: 'void java.lang.invoke.DirectMethodHandle$Holder.invokeSpecial(java.lang.Object, java.lang.Object, int, java.lang.Object)'> (0x000000008cda3870) thrown at [./src/hotspot/share/interpreter/linkResolver.cpp, line 773]
Event: 20.366 Thread 0x00000288ce7ad000 Exception <a 'java/lang/NoSuchMethodError'{0x000000008da832b0}: 'void java.lang.invoke.DirectMethodHandle$Holder.invokeSpecial(java.lang.Object, java.lang.Object, int, java.lang.Object)'> (0x000000008da832b0) thrown at [./src/hotspot/share/interpreter/linkResolver.cpp, line 773]
Event: 20.560 Thread 0x00000288ce7a9000 Exception <a 'java/lang/NoSuchMethodError'{0x000000008c551e20}: 'java.lang.Object java.lang.invoke.DirectMethodHandle$Holder.invokeSpecial(java.lang.Object, java.lang.Object, java.lang.Object, java.lang.Object, java.lang.Object, java.lang.Object, java.lang.Object, java.lang.Object, java.lang.Object, java.lang.Object)'> (0x000000008c551e20) thrown at [./src/hotspot/share/interpreter/linkResolver.cpp, line 773]
Event: 20.570 Thread 0x00000288ce7a9000 Exception <a 'java/lang/NoSuchMethodError'{0x000000008c555f10}: 'java.lang.Object java.lang.invoke.Invokers$Holder.linkToTargetMethod(java.lang.Object, java.lang.Object, java.lang.Object, java.lang.Object, java.lang.Object, java.lang.Object, java.lang.Object, java.lang.Object, java.lang.Object)'> (0x000000008c555f10) thrown at [./src/hotspot/share/interpreter/linkResolver.cpp, line 773]

Events (20 events):
Event: 20.730 loading class com/android/tools/r8/graph/R0$d
Event: 20.730 loading class com/android/tools/r8/graph/R0$d done
Event: 20.730 loading class com/android/tools/r8/graph/R0$f
Event: 20.730 loading class com/android/tools/r8/graph/R0$f done
Event: 20.730 loading class com/android/tools/r8/graph/R0$k
Event: 20.730 loading class com/android/tools/r8/graph/R0$k done
Event: 20.832 Thread 0x00000288c7c1f000 flushing nmethod 0x00000288b95f2910
Event: 20.832 Thread 0x00000288c7c1f000 flushing nmethod 0x00000288b9639710
Event: 20.836 Thread 0x00000288c7c1f000 flushing nmethod 0x00000288b20d0810
Event: 20.836 Thread 0x00000288c7c1f000 flushing nmethod 0x00000288b20da090
Event: 20.836 Thread 0x00000288c7c1f000 flushing nmethod 0x00000288b2100690
Event: 20.836 Thread 0x00000288c7c1f000 flushing nmethod 0x00000288b212b010
Event: 20.836 Thread 0x00000288c7c1f000 flushing nmethod 0x00000288b212c290
Event: 20.836 Thread 0x00000288c7c1f000 flushing nmethod 0x00000288b2163790
Event: 20.836 Thread 0x00000288c7c1f000 flushing nmethod 0x00000288b2163e90
Event: 20.837 Thread 0x00000288c7c1f000 flushing nmethod 0x00000288b21a2210
Event: 20.837 Thread 0x00000288c7c1f000 flushing nmethod 0x00000288b21e1010
Event: 20.837 Thread 0x00000288c7c1f000 flushing nmethod 0x00000288b21e8690
Event: 20.837 Thread 0x00000288c7c1f000 flushing nmethod 0x00000288b21e9210
Event: 20.914 Executing VM operation: G1CollectForAllocation


Dynamic libraries:
0x00007ff605020000 - 0x00007ff60502a000 	C:\Program Files\Android\Android Studio\jre\bin\java.exe
0x00007fff7f670000 - 0x00007fff7f865000 	C:\Windows\SYSTEM32\ntdll.dll
0x00007fff7ec90000 - 0x00007fff7ed4d000 	C:\Windows\System32\KERNEL32.DLL
0x00007fff7d090000 - 0x00007fff7d358000 	C:\Windows\System32\KERNELBASE.dll
0x00007fff7cf40000 - 0x00007fff7d040000 	C:\Windows\System32\ucrtbase.dll
0x00007fff69640000 - 0x00007fff69657000 	C:\Program Files\Android\Android Studio\jre\bin\VCRUNTIME140.dll
0x00007fff69fa0000 - 0x00007fff69fb9000 	C:\Program Files\Android\Android Studio\jre\bin\jli.dll
0x00007fff7ef10000 - 0x00007fff7f0b0000 	C:\Windows\System32\USER32.dll
0x00007fff6a9b0000 - 0x00007fff6ac4a000 	C:\Windows\WinSxS\amd64_microsoft.windows.common-controls_6595b64144ccf1df_6.0.19041.844_none_ca00b6081b84eb1d\COMCTL32.dll
0x00007fff7d4c0000 - 0x00007fff7d4e2000 	C:\Windows\System32\win32u.dll
0x00007fff7f590000 - 0x00007fff7f62e000 	C:\Windows\System32\msvcrt.dll
0x00007fff7d750000 - 0x00007fff7d77a000 	C:\Windows\System32\GDI32.dll
0x00007fff7d520000 - 0x00007fff7d62b000 	C:\Windows\System32\gdi32full.dll
0x00007fff7d630000 - 0x00007fff7d6cd000 	C:\Windows\System32\msvcp_win.dll
0x00007fff7f500000 - 0x00007fff7f530000 	C:\Windows\System32\IMM32.DLL
0x00007fff3b640000 - 0x00007fff3b6dd000 	C:\Program Files\Android\Android Studio\jre\bin\msvcp140.dll
0x00007fff39000000 - 0x00007fff39abc000 	C:\Program Files\Android\Android Studio\jre\bin\server\jvm.dll
0x00007fff7d830000 - 0x00007fff7d8dc000 	C:\Windows\System32\ADVAPI32.dll
0x00007fff7d790000 - 0x00007fff7d82b000 	C:\Windows\System32\sechost.dll
0x00007fff7f110000 - 0x00007fff7f23b000 	C:\Windows\System32\RPCRT4.dll
0x00007fff7ef00000 - 0x00007fff7ef08000 	C:\Windows\System32\PSAPI.DLL
0x00007fff79f30000 - 0x00007fff79f39000 	C:\Windows\SYSTEM32\WSOCK32.dll
0x00007fff7ee90000 - 0x00007fff7eefb000 	C:\Windows\System32\WS2_32.dll
0x00007fff58ed0000 - 0x00007fff58ef7000 	C:\Windows\SYSTEM32\WINMM.dll
0x00007fff6dc40000 - 0x00007fff6dc4a000 	C:\Windows\SYSTEM32\VERSION.dll
0x00007fff7b660000 - 0x00007fff7b672000 	C:\Windows\SYSTEM32\kernel.appcore.dll
0x00007fff77ee0000 - 0x00007fff77ef1000 	C:\Program Files\Android\Android Studio\jre\bin\verify.dll
0x00007fff78290000 - 0x00007fff78474000 	C:\Windows\SYSTEM32\DBGHELP.DLL
0x00007fff5da30000 - 0x00007fff5da5c000 	C:\Windows\SYSTEM32\dbgcore.DLL
0x00007fff7ce10000 - 0x00007fff7ce90000 	C:\Windows\System32\bcryptPrimitives.dll
0x00007fff764c0000 - 0x00007fff764e9000 	C:\Program Files\Android\Android Studio\jre\bin\java.dll
0x00007fff784d0000 - 0x00007fff784db000 	C:\Program Files\Android\Android Studio\jre\bin\jimage.dll
0x00007fff6e160000 - 0x00007fff6e178000 	C:\Program Files\Android\Android Studio\jre\bin\zip.dll
0x00007fff7e040000 - 0x00007fff7e782000 	C:\Windows\System32\SHELL32.dll
0x00007fff7a930000 - 0x00007fff7b0c0000 	C:\Windows\SYSTEM32\windows.storage.dll
0x00007fff7dbc0000 - 0x00007fff7df15000 	C:\Windows\System32\combase.dll
0x00007fff7c7b0000 - 0x00007fff7c7dc000 	C:\Windows\SYSTEM32\Wldp.dll
0x00007fff7ede0000 - 0x00007fff7ee8e000 	C:\Windows\System32\SHCORE.dll
0x00007fff7f310000 - 0x00007fff7f365000 	C:\Windows\System32\shlwapi.dll
0x00007fff7ccf0000 - 0x00007fff7cd0f000 	C:\Windows\SYSTEM32\profapi.dll
0x00007fff6e140000 - 0x00007fff6e15a000 	C:\Program Files\Android\Android Studio\jre\bin\net.dll
0x00007fff6af40000 - 0x00007fff6b04b000 	C:\Windows\SYSTEM32\WINHTTP.dll
0x00007fff7c520000 - 0x00007fff7c58a000 	C:\Windows\system32\mswsock.dll
0x00007fff6e120000 - 0x00007fff6e134000 	C:\Program Files\Android\Android Studio\jre\bin\nio.dll
0x00007fff76910000 - 0x00007fff76937000 	C:\Users\Admin\.gradle\native\fdc75f09e3144964f2cf3f50f0aa648679c211496f362492102eb8c894070792\windows-amd64\native-platform.dll
0x00007fff3b6e0000 - 0x00007fff3b876000 	C:\Users\Admin\.gradle\native\12488b8bf47d2d4c9fbf2f6322a914ad602e24e48041cd04a747c6da556b65c4\windows-amd64\native-platform-file-events.dll
0x00007fff77d80000 - 0x00007fff77d8a000 	C:\Program Files\Android\Android Studio\jre\bin\management.dll
0x00007fff769a0000 - 0x00007fff769ac000 	C:\Program Files\Android\Android Studio\jre\bin\management_ext.dll
0x00007fff7c700000 - 0x00007fff7c718000 	C:\Windows\SYSTEM32\CRYPTSP.dll
0x00007fff7be60000 - 0x00007fff7be94000 	C:\Windows\system32\rsaenh.dll
0x00007fff7d4f0000 - 0x00007fff7d517000 	C:\Windows\System32\bcrypt.dll
0x00007fff7ccb0000 - 0x00007fff7ccde000 	C:\Windows\SYSTEM32\USERENV.dll
0x00007fff7c6f0000 - 0x00007fff7c6fc000 	C:\Windows\SYSTEM32\CRYPTBASE.dll
0x00007fff7c210000 - 0x00007fff7c24b000 	C:\Windows\SYSTEM32\IPHLPAPI.DLL
0x00007fff7d780000 - 0x00007fff7d788000 	C:\Windows\System32\NSI.dll
0x00007fff713d0000 - 0x00007fff713e7000 	C:\Windows\SYSTEM32\dhcpcsvc6.DLL
0x00007fff713b0000 - 0x00007fff713cd000 	C:\Windows\SYSTEM32\dhcpcsvc.DLL
0x00007fff7c250000 - 0x00007fff7c31c000 	C:\Windows\SYSTEM32\DNSAPI.dll
0x00007fff732d0000 - 0x00007fff732db000 	C:\Windows\SYSTEM32\WINNSI.DLL

dbghelp: loaded successfully - version: 4.0.5 - missing functions: none
symbol engine: initialized successfully - sym options: 0x614 - pdb path: .;C:\Program Files\Android\Android Studio\jre\bin;C:\Windows\SYSTEM32;C:\Windows\WinSxS\amd64_microsoft.windows.common-controls_6595b64144ccf1df_6.0.19041.844_none_ca00b6081b84eb1d;C:\Program Files\Android\Android Studio\jre\bin\server;C:\Users\Admin\.gradle\native\fdc75f09e3144964f2cf3f50f0aa648679c211496f362492102eb8c894070792\windows-amd64;C:\Users\Admin\.gradle\native\12488b8bf47d2d4c9fbf2f6322a914ad602e24e48041cd04a747c6da556b65c4\windows-amd64

VM Arguments:
jvm_args: --add-opens=java.base/java.util=ALL-UNNAMED --add-opens=java.base/java.lang=ALL-UNNAMED --add-opens=java.base/java.lang.invoke=ALL-UNNAMED --add-opens=java.prefs/java.util.prefs=ALL-UNNAMED -Xmx2048m -Dfile.encoding=UTF-8 -Duser.country=IN -Duser.language=en -Duser.variant 
java_command: org.gradle.launcher.daemon.bootstrap.GradleDaemon 6.7.1
java_class_path (initial): C:\Users\Admin\.gradle\wrapper\dists\gradle-6.7.1-bin\bwlcbys1h7rz3272sye1xwiv6\gradle-6.7.1\lib\gradle-launcher-6.7.1.jar
Launcher Type: SUN_STANDARD

[Global flags]
     intx CICompilerCount                          = 3                                         {product} {ergonomic}
     uint ConcGCThreads                            = 1                                         {product} {ergonomic}
     uint G1ConcRefinementThreads                  = 4                                         {product} {ergonomic}
   size_t G1HeapRegionSize                         = 1048576                                   {product} {ergonomic}
    uintx GCDrainStackTargetSize                   = 64                                        {product} {ergonomic}
   size_t InitialHeapSize                          = 134217728                                 {product} {ergonomic}
   size_t MarkStackSize                            = 4194304                                   {product} {ergonomic}
   size_t MaxHeapSize                              = 2147483648                                {product} {command line}
   size_t MaxNewSize                               = 1287651328                                {product} {ergonomic}
   size_t MinHeapDeltaBytes                        = 1048576                                   {product} {ergonomic}
    uintx NonNMethodCodeHeapSize                   = 5830732                                {pd product} {ergonomic}
    uintx NonProfiledCodeHeapSize                  = 122913754                              {pd product} {ergonomic}
    uintx ProfiledCodeHeapSize                     = 122913754                              {pd product} {ergonomic}
    uintx ReservedCodeCacheSize                    = 251658240                              {pd product} {ergonomic}
     bool SegmentedCodeCache                       = true                                      {product} {ergonomic}
     bool UseCompressedClassPointers               = true                                 {lp64_product} {ergonomic}
     bool UseCompressedOops                        = true                                 {lp64_product} {ergonomic}
     bool UseG1GC                                  = true                                      {product} {ergonomic}
     bool UseLargePagesIndividualAllocation        = false                                  {pd product} {ergonomic}

Logging:
Log output configuration:
 #0: stdout all=warning uptime,level,tags
 #1: stderr all=off uptime,level,tags

Environment Variables:
PATH=C:\Program Files\Common Files\Oracle\Java\javapath;C:\Windows\system32;C:\Windows;C:\Windows\System32\Wbem;C:\Windows\System32\WindowsPowerShell\v1.0\;C:\Windows\System32\OpenSSH\;C:\Program Files (x86)\Google\Google Apps Migration\;C:\Program Files (x86)\Google\Google Apps Sync\;C:\MinGW\bin;C:\Program Files\Java\jdk-11.0.9\bin;C:\Program Files (x86)\GtkSharp\2.12\bin;C:\Program Files (x86)\Intel\Intel(R) Management Engine Components\DAL;C:\Program Files\Intel\Intel(R) Management Engine Components\DAL;C:\Program Files (x86)\Windows Live\Shared;C:\Program Files\dotnet\;C:\Program Files (x86)\Common Files\Acronis\SnapAPI\;C:\Program Files\Git\cmd;C:\MinGW\bin;C:\Users\Admin\AppData\Local\Programs\Microsoft VS Code\bin;C:\Users\Admin\.dotnet\tools
USERNAME=Admin
OS=Windows_NT
PROCESSOR_IDENTIFIER=Intel64 Family 6 Model 78 Stepping 3, GenuineIntel



---------------  S Y S T E M  ---------------

OS: Windows 10 , 64 bit Build 19041 (10.0.19041.928)
OS uptime: 0 days 10:32 hours

CPU:total 4 (initial active 4) (2 cores per cpu, 2 threads per core) family 6 model 78 stepping 3, cmov, cx8, fxsr, mmx, sse, sse2, sse3, ssse3, sse4.1, sse4.2, popcnt, avx, avx2, aes, clmul, erms, rtm, 3dnowpref, lzcnt, ht, tsc, tscinvbit, bmi1, bmi2, adx, fma

Memory: 4k page, system-wide physical 8071M (812M free)
TotalPageFile size 8071M (AvailPageFile size 17M)
current process WorkingSet (physical memory assigned to process): 490M, peak: 494M
current process commit charge ("private bytes"): 524M, peak: 605M

vm_info: OpenJDK 64-Bit Server VM (11.0.8+10-b944.6842174) for windows-amd64 JRE (11.0.8+10-b944.6842174), built on Sep 19 2020 01:11:42 by "builder" with MS VC++ 14.0 (VS2015)

END.
