#
# There is insufficient memory for the Java Runtime Environment to continue.
# Native memory allocation (malloc) failed to allocate 1116656 bytes for Chunk::new
# Possible reasons:
#   The system is out of physical RAM or swap space
#   The process is running with CompressedOops enabled, and the Java Heap may be blocking the growth of the native heap
# Possible solutions:
#   Reduce memory load on the system
#   Increase physical memory or swap space
#   Check if swap backing store is full
#   Decrease Java heap size (-Xmx/-Xms)
#   Decrease number of Java threads
#   Decrease Java thread stack sizes (-Xss)
#   Set larger code cache with -XX:ReservedCodeCacheSize=
#   JVM is running with Unscaled Compressed Oops mode in which the Java heap is
#     placed in the first 4GB address space. The Java Heap base address is the
#     maximum limit for the native heap growth. Please use -XX:HeapBaseMinAddress
#     to set the Java Heap base and to place the Java Heap above 4GB virtual address.
# This output file may be truncated or incomplete.
#
#  Out of Memory Error (./src/hotspot/share/memory/arena.cpp:197), pid=8908, tid=14464
#
# JRE version: OpenJDK Runtime Environment (11.0.8+10) (build 11.0.8+10-b944.6842174)
# Java VM: OpenJDK 64-Bit Server VM (11.0.8+10-b944.6842174, mixed mode, tiered, compressed oops, g1 gc, windows-amd64)
# No core dump will be written. Minidumps are not enabled by default on client versions of Windows
#

---------------  S U M M A R Y ------------

Command Line: --add-opens=java.base/java.util=ALL-UNNAMED --add-opens=java.base/java.lang=ALL-UNNAMED --add-opens=java.base/java.lang.invoke=ALL-UNNAMED --add-opens=java.prefs/java.util.prefs=ALL-UNNAMED -Xmx2048m -Dfile.encoding=UTF-8 -Duser.country=IN -Duser.language=en -Duser.variant org.gradle.launcher.daemon.bootstrap.GradleDaemon 6.7.1

Host: Intel(R) Core(TM) i5-6300U CPU @ 2.40GHz, 4 cores, 7G,  Windows 10 , 64 bit Build 19041 (10.0.19041.928)
Time: Thu Jun 10 02:42:02 2021 India Standard Time elapsed time: 21 seconds (0d 0h 0m 21s)

---------------  T H R E A D  ---------------

Current thread (0x0000015358025800):  JavaThread "C2 CompilerThread0" daemon [_thread_in_native, id=14464, stack(0x00000021de500000,0x00000021de600000)]


Current CompileTask:
C2:  21636 10575 %     4       com.android.tools.r8.dex.n::a @ 315 (913 bytes)

Stack: [0x00000021de500000,0x00000021de600000]
Native frames: (J=compiled Java code, j=interpreted, Vv=VM code, C=native code)
V  [jvm.dll+0x5de50a]
V  [jvm.dll+0x7122f5]
V  [jvm.dll+0x71384d]
V  [jvm.dll+0x713f03]
V  [jvm.dll+0x23e728]
V  [jvm.dll+0xb899c]
V  [jvm.dll+0xb8e9c]
V  [jvm.dll+0x2b20e4]
V  [jvm.dll+0x502098]
V  [jvm.dll+0x1ff393]
V  [jvm.dll+0x1f917c]
V  [jvm.dll+0x1f685f]
V  [jvm.dll+0x17f32c]
V  [jvm.dll+0x205047]
V  [jvm.dll+0x203891]
V  [jvm.dll+0x6dad3f]
V  [jvm.dll+0x6d3895]
V  [jvm.dll+0x5dd4a6]
C  [ucrtbase.dll+0x21bb2]
C  [KERNEL32.DLL+0x17034]
C  [ntdll.dll+0x52651]


---------------  P R O C E S S  ---------------

Threads class SMR info:
_java_thread_list=0x0000015361ad1650, length=152, elements={
0x000001533d4f9800, 0x00000153576b1800, 0x00000153576b7000, 0x000001535769c800,
0x0000015358024800, 0x0000015358025800, 0x000001535802a800, 0x000001535802d800,
0x0000015358175800, 0x0000015358196000, 0x0000015359ee9800, 0x00000153583de000,
0x0000015359142800, 0x000001535955b800, 0x0000015359e76800, 0x00000153590ad000,
0x0000015359f71800, 0x0000015359063000, 0x000001535a0ee800, 0x000001535a1e0000,
0x000001535a0d5800, 0x000001535a0d8000, 0x000001535a0d9000, 0x000001535a74c000,
0x000001535a0d9800, 0x000001535a0da800, 0x000001535a0db800, 0x000001535a0dc000,
0x000001535a0d6800, 0x000001535a0d7000, 0x000001535cd12800, 0x000001535cd16000,
0x000001535cd16800, 0x000001535cd11000, 0x000001535cd18800, 0x000001535cd13800,
0x000001535cd1d000, 0x000001535cd17800, 0x000001535cd1b800, 0x000001535cd1a800,
0x000001535cd1e000, 0x000001535cd19000, 0x000001535cd1f000, 0x000001535cd1f800,
0x000001535cd1c800, 0x000001535cd1a000, 0x000001535a959800, 0x000001535a95b000,
0x000001535a957000, 0x000001535a958000, 0x000001535a958800, 0x000001535a95c000,
0x000001535a956000, 0x000001535a95d800, 0x000001535a960000, 0x000001535a95d000,
0x000001535a95e800, 0x000001535a95f000, 0x000001535a95a800, 0x000001535a961000,
0x000001535a963800, 0x000001535a961800, 0x000001535a962800, 0x000001535a964000,
0x000001535a965000, 0x0000015359c3a000, 0x0000015359c3a800, 0x0000015359c35800,
0x0000015359c36800, 0x0000015359c3d000, 0x0000015359c3b800, 0x0000015359c38000,
0x0000015359c3c000, 0x0000015359c37800, 0x0000015359c3e000, 0x0000015359c3e800,
0x0000015359c39000, 0x0000015359c43000, 0x0000015359c43800, 0x0000015359c42000,
0x0000015359c3f800, 0x0000015359c41000, 0x0000015359c44800, 0x0000015359c40800,
0x0000015359271800, 0x000001535926f000, 0x0000015359271000, 0x0000015359270000,
0x0000015359273800, 0x0000015359272800, 0x0000015359274000, 0x000001535926e800,
0x000001535927a000, 0x000001535927a800, 0x0000015359275800, 0x0000015359276800,
0x0000015359275000, 0x000001535927c800, 0x000001535927b800, 0x000001535927d000,
0x0000015359278000, 0x0000015359277800, 0x0000015359279000, 0x000001535a96e000,
0x000001535a969800, 0x000001535a96f000, 0x000001535a96d800, 0x000001535a96a000,
0x000001535a970000, 0x000001535a970800, 0x000001535a96c000, 0x000001535a96b000,
0x000001535a971800, 0x000001535a972800, 0x000001535a96c800, 0x000001535a973000,
0x000001535a974000, 0x000001535a977000, 0x000001535a974800, 0x000001535a975800,
0x000001535a976800, 0x000001535a978000, 0x000001535acee000, 0x000001535acf0000,
0x000001535acec000, 0x000001535acef800, 0x000001535aced000, 0x000001535acf1000,
0x000001535acf4800, 0x000001535acf2000, 0x000001535acee800, 0x000001535acf8800,
0x000001535acf2800, 0x000001535acf6000, 0x000001535acf7800, 0x000001535acf3800,
0x000001535acfb000, 0x000001535acf9000, 0x000001535acfa000, 0x000001535acf7000,
0x000001535d5d6000, 0x000001535d5d4800, 0x000001535d5d5800, 0x000001535d5d8800,
0x000001535d5d8000, 0x000001535d5d9800, 0x000001535d5d3800, 0x000001535d5dd800,
0x000001535d5df000, 0x000001535d5de800, 0x000001535d5dc000, 0x000001535d5e0000
}

Java Threads: ( => current thread )
  0x000001533d4f9800 JavaThread "main" [_thread_blocked, id=11840, stack(0x00000021dda00000,0x00000021ddb00000)]
  0x00000153576b1800 JavaThread "Reference Handler" daemon [_thread_blocked, id=1916, stack(0x00000021de100000,0x00000021de200000)]
  0x00000153576b7000 JavaThread "Finalizer" daemon [_thread_blocked, id=6808, stack(0x00000021de200000,0x00000021de300000)]
  0x000001535769c800 JavaThread "Signal Dispatcher" daemon [_thread_blocked, id=13612, stack(0x00000021de300000,0x00000021de400000)]
  0x0000015358024800 JavaThread "Attach Listener" daemon [_thread_blocked, id=6892, stack(0x00000021de400000,0x00000021de500000)]
=>0x0000015358025800 JavaThread "C2 CompilerThread0" daemon [_thread_in_native, id=14464, stack(0x00000021de500000,0x00000021de600000)]
  0x000001535802a800 JavaThread "C1 CompilerThread0" daemon [_thread_blocked, id=3600, stack(0x00000021de600000,0x00000021de700000)]
  0x000001535802d800 JavaThread "Sweeper thread" daemon [_thread_blocked, id=8624, stack(0x00000021de700000,0x00000021de800000)]
  0x0000015358175800 JavaThread "Common-Cleaner" daemon [_thread_blocked, id=15172, stack(0x00000021de800000,0x00000021de900000)]
  0x0000015358196000 JavaThread "Service Thread" daemon [_thread_blocked, id=2760, stack(0x00000021de900000,0x00000021dea00000)]
  0x0000015359ee9800 JavaThread "Daemon health stats" [_thread_blocked, id=13324, stack(0x00000021dee00000,0x00000021def00000)]
  0x00000153583de000 JavaThread "Incoming local TCP Connector on port 55214" [_thread_in_native, id=14848, stack(0x00000021df000000,0x00000021df100000)]
  0x0000015359142800 JavaThread "Daemon periodic checks" [_thread_blocked, id=3688, stack(0x00000021df100000,0x00000021df200000)]
  0x000001535955b800 JavaThread "Daemon" [_thread_blocked, id=9856, stack(0x00000021df200000,0x00000021df300000)]
  0x0000015359e76800 JavaThread "Handler for socket connection from /127.0.0.1:55214 to /127.0.0.1:55215" [_thread_in_native, id=12028, stack(0x00000021df300000,0x00000021df400000)]
  0x00000153590ad000 JavaThread "Cancel handler" [_thread_blocked, id=1380, stack(0x00000021df400000,0x00000021df500000)]
  0x0000015359f71800 JavaThread "Daemon worker" [_thread_blocked, id=5700, stack(0x00000021df500000,0x00000021df600000)]
  0x0000015359063000 JavaThread "Asynchronous log dispatcher for DefaultDaemonConnection: socket connection from /127.0.0.1:55214 to /127.0.0.1:55215" [_thread_blocked, id=1640, stack(0x00000021df600000,0x00000021df700000)]
  0x000001535a0ee800 JavaThread "Stdin handler" [_thread_blocked, id=7452, stack(0x00000021df700000,0x00000021df800000)]
  0x000001535a1e0000 JavaThread "Thread-8" [_thread_blocked, id=13256, stack(0x00000021df800000,0x00000021df900000)]
  0x000001535a0d5800 JavaThread "Cache worker for file hash cache (C:\Users\Admin\.gradle\caches\6.7.1\fileHashes)" [_thread_blocked, id=9588, stack(0x00000021dfa00000,0x00000021dfb00000)]
  0x000001535a0d8000 JavaThread "File lock request listener" [_thread_in_native, id=1568, stack(0x00000021dfb00000,0x00000021dfc00000)]
  0x000001535a0d9000 JavaThread "Cache worker for journal cache (C:\Users\Admin\.gradle\caches\journal-1)" [_thread_blocked, id=7880, stack(0x00000021dfc00000,0x00000021dfd00000)]
  0x000001535a74c000 JavaThread "C2 CompilerThread1" daemon [_thread_in_native, id=13380, stack(0x00000021dfd00000,0x00000021dfe00000)]
  0x000001535a0d9800 JavaThread "Cache worker for file hash cache (C:\Users\Admin\AndroidStudioProjects\CreamixShoppingApp\.gradle\6.7.1\fileHashes)" [_thread_blocked, id=836, stack(0x00000021dfe00000,0x00000021dff00000)]
  0x000001535a0da800 JavaThread "Cache worker for checksums cache (C:\Users\Admin\AndroidStudioProjects\CreamixShoppingApp\.gradle\checksums)" [_thread_blocked, id=15212, stack(0x00000021dff00000,0x00000021e0000000)]
  0x000001535a0db800 JavaThread "Cache worker for cache directory md-supplier (C:\Users\Admin\.gradle\caches\6.7.1\md-supplier)" [_thread_blocked, id=12440, stack(0x00000021e0000000,0x00000021e0100000)]
  0x000001535a0dc000 JavaThread "Cache worker for cache directory md-rule (C:\Users\Admin\.gradle\caches\6.7.1\md-rule)" [_thread_blocked, id=7184, stack(0x00000021e0100000,0x00000021e0200000)]
  0x000001535a0d6800 JavaThread "Cache worker for execution history cache (C:\Users\Admin\.gradle\caches\6.7.1\executionHistory)" [_thread_blocked, id=14680, stack(0x00000021e0200000,0x00000021e0300000)]
  0x000001535a0d7000 JavaThread "jar transforms" [_thread_blocked, id=13728, stack(0x00000021e0300000,0x00000021e0400000)]
  0x000001535cd12800 JavaThread "Cache worker for file content cache (C:\Users\Admin\.gradle\caches\6.7.1\fileContent)" [_thread_blocked, id=11000, stack(0x00000021e0400000,0x00000021e0500000)]
  0x000001535cd16000 JavaThread "Cache worker for Build Output Cleanup Cache (C:\Users\Admin\AndroidStudioProjects\CreamixShoppingApp\.gradle\buildOutputCleanup)" [_thread_blocked, id=14696, stack(0x00000021e0500000,0x00000021e0600000)]
  0x000001535cd16800 JavaThread "Build operations" [_thread_blocked, id=11324, stack(0x00000021e0600000,0x00000021e0700000)]
  0x000001535cd11000 JavaThread "Build operations Thread 2" [_thread_blocked, id=15348, stack(0x00000021e0700000,0x00000021e0800000)]
  0x000001535cd18800 JavaThread "Build operations Thread 3" [_thread_blocked, id=12208, stack(0x00000021e0800000,0x00000021e0900000)]
  0x000001535cd13800 JavaThread "Build operations Thread 4" [_thread_blocked, id=6568, stack(0x00000021e0900000,0x00000021e0a00000)]
  0x000001535cd1d000 JavaThread "jar transforms Thread 2" [_thread_blocked, id=11844, stack(0x00000021e0a00000,0x00000021e0b00000)]
  0x000001535cd17800 JavaThread "jar transforms Thread 3" [_thread_blocked, id=12928, stack(0x00000021e0b00000,0x00000021e0c00000)]
  0x000001535cd1b800 JavaThread "jar transforms Thread 4" [_thread_blocked, id=11044, stack(0x00000021e0c00000,0x00000021e0d00000)]
  0x000001535cd1a800 JavaThread "jar transforms Thread 5" [_thread_blocked, id=12920, stack(0x00000021e0d00000,0x00000021e0e00000)]
  0x000001535cd1e000 JavaThread "jar transforms Thread 6" [_thread_blocked, id=6452, stack(0x00000021e0e00000,0x00000021e0f00000)]
  0x000001535cd19000 JavaThread "jar transforms Thread 7" [_thread_blocked, id=1588, stack(0x00000021e0f00000,0x00000021e1000000)]
  0x000001535cd1f000 JavaThread "jar transforms Thread 8" [_thread_blocked, id=1364, stack(0x00000021e1000000,0x00000021e1100000)]
  0x000001535cd1f800 JavaThread "jar transforms Thread 9" [_thread_blocked, id=14784, stack(0x00000021e1100000,0x00000021e1200000)]
  0x000001535cd1c800 JavaThread "jar transforms Thread 10" [_thread_blocked, id=13136, stack(0x00000021e1200000,0x00000021e1300000)]
  0x000001535cd1a000 JavaThread "jar transforms Thread 11" [_thread_blocked, id=5768, stack(0x00000021e1300000,0x00000021e1400000)]
  0x000001535a959800 JavaThread "jar transforms Thread 12" [_thread_blocked, id=12476, stack(0x00000021e1400000,0x00000021e1500000)]
  0x000001535a95b000 JavaThread "jar transforms Thread 13" [_thread_blocked, id=9476, stack(0x00000021e1500000,0x00000021e1600000)]
  0x000001535a957000 JavaThread "jar transforms Thread 14" [_thread_blocked, id=8172, stack(0x00000021e1600000,0x00000021e1700000)]
  0x000001535a958000 JavaThread "jar transforms Thread 15" [_thread_blocked, id=9648, stack(0x00000021e1700000,0x00000021e1800000)]
  0x000001535a958800 JavaThread "jar transforms Thread 16" [_thread_blocked, id=1832, stack(0x00000021e1800000,0x00000021e1900000)]
  0x000001535a95c000 JavaThread "jar transforms Thread 17" [_thread_blocked, id=15156, stack(0x00000021e1900000,0x00000021e1a00000)]
  0x000001535a956000 JavaThread "jar transforms Thread 18" [_thread_blocked, id=1396, stack(0x00000021e1a00000,0x00000021e1b00000)]
  0x000001535a95d800 JavaThread "jar transforms Thread 19" [_thread_blocked, id=10284, stack(0x00000021e1b00000,0x00000021e1c00000)]
  0x000001535a960000 JavaThread "jar transforms Thread 20" [_thread_blocked, id=12584, stack(0x00000021e1c00000,0x00000021e1d00000)]
  0x000001535a95d000 JavaThread "jar transforms Thread 21" [_thread_blocked, id=14900, stack(0x00000021e1d00000,0x00000021e1e00000)]
  0x000001535a95e800 JavaThread "jar transforms Thread 22" [_thread_blocked, id=13304, stack(0x00000021e1e00000,0x00000021e1f00000)]
  0x000001535a95f000 JavaThread "jar transforms Thread 23" [_thread_blocked, id=14996, stack(0x00000021e1f00000,0x00000021e2000000)]
  0x000001535a95a800 JavaThread "jar transforms Thread 24" [_thread_blocked, id=12648, stack(0x00000021e2000000,0x00000021e2100000)]
  0x000001535a961000 JavaThread "jar transforms Thread 25" [_thread_blocked, id=11584, stack(0x00000021e2100000,0x00000021e2200000)]
  0x000001535a963800 JavaThread "jar transforms Thread 26" [_thread_blocked, id=212, stack(0x00000021e2200000,0x00000021e2300000)]
  0x000001535a961800 JavaThread "jar transforms Thread 27" [_thread_blocked, id=13972, stack(0x00000021e2300000,0x00000021e2400000)]
  0x000001535a962800 JavaThread "jar transforms Thread 28" [_thread_blocked, id=10616, stack(0x00000021e2400000,0x00000021e2500000)]
  0x000001535a964000 JavaThread "jar transforms Thread 29" [_thread_blocked, id=4952, stack(0x00000021e2500000,0x00000021e2600000)]
  0x000001535a965000 JavaThread "jar transforms Thread 30" [_thread_blocked, id=10792, stack(0x00000021e2600000,0x00000021e2700000)]
  0x0000015359c3a000 JavaThread "jar transforms Thread 31" [_thread_blocked, id=12796, stack(0x00000021e2700000,0x00000021e2800000)]
  0x0000015359c3a800 JavaThread "jar transforms Thread 32" [_thread_blocked, id=15204, stack(0x00000021e2800000,0x00000021e2900000)]
  0x0000015359c35800 JavaThread "jar transforms Thread 33" [_thread_blocked, id=10696, stack(0x00000021e2900000,0x00000021e2a00000)]
  0x0000015359c36800 JavaThread "jar transforms Thread 34" [_thread_blocked, id=9592, stack(0x00000021e2a00000,0x00000021e2b00000)]
  0x0000015359c3d000 JavaThread "jar transforms Thread 35" [_thread_blocked, id=13604, stack(0x00000021e2b00000,0x00000021e2c00000)]
  0x0000015359c3b800 JavaThread "jar transforms Thread 36" [_thread_blocked, id=12212, stack(0x00000021e2c00000,0x00000021e2d00000)]
  0x0000015359c38000 JavaThread "jar transforms Thread 37" [_thread_blocked, id=5256, stack(0x00000021e2d00000,0x00000021e2e00000)]
  0x0000015359c3c000 JavaThread "jar transforms Thread 38" [_thread_blocked, id=7988, stack(0x00000021e2e00000,0x00000021e2f00000)]
  0x0000015359c37800 JavaThread "jar transforms Thread 39" [_thread_blocked, id=14020, stack(0x00000021e2f00000,0x00000021e3000000)]
  0x0000015359c3e000 JavaThread "jar transforms Thread 40" [_thread_blocked, id=2088, stack(0x00000021e3000000,0x00000021e3100000)]
  0x0000015359c3e800 JavaThread "jar transforms Thread 41" [_thread_blocked, id=7828, stack(0x00000021e3100000,0x00000021e3200000)]
  0x0000015359c39000 JavaThread "jar transforms Thread 42" [_thread_blocked, id=5496, stack(0x00000021e3200000,0x00000021e3300000)]
  0x0000015359c43000 JavaThread "jar transforms Thread 43" [_thread_blocked, id=11808, stack(0x00000021e3300000,0x00000021e3400000)]
  0x0000015359c43800 JavaThread "jar transforms Thread 44" [_thread_blocked, id=14536, stack(0x00000021e3400000,0x00000021e3500000)]
  0x0000015359c42000 JavaThread "jar transforms Thread 45" [_thread_blocked, id=11436, stack(0x00000021e3500000,0x00000021e3600000)]
  0x0000015359c3f800 JavaThread "jar transforms Thread 46" [_thread_blocked, id=10288, stack(0x00000021e3600000,0x00000021e3700000)]
  0x0000015359c41000 JavaThread "jar transforms Thread 47" [_thread_blocked, id=8796, stack(0x00000021e3700000,0x00000021e3800000)]
  0x0000015359c44800 JavaThread "jar transforms Thread 48" [_thread_blocked, id=11836, stack(0x00000021e3800000,0x00000021e3900000)]
  0x0000015359c40800 JavaThread "jar transforms Thread 49" [_thread_blocked, id=7112, stack(0x00000021e3900000,0x00000021e3a00000)]
  0x0000015359271800 JavaThread "jar transforms Thread 50" [_thread_blocked, id=15280, stack(0x00000021e3a00000,0x00000021e3b00000)]
  0x000001535926f000 JavaThread "jar transforms Thread 51" [_thread_blocked, id=13056, stack(0x00000021e3b00000,0x00000021e3c00000)]
  0x0000015359271000 JavaThread "jar transforms Thread 52" [_thread_blocked, id=5016, stack(0x00000021e3c00000,0x00000021e3d00000)]
  0x0000015359270000 JavaThread "jar transforms Thread 53" [_thread_blocked, id=15288, stack(0x00000021e3d00000,0x00000021e3e00000)]
  0x0000015359273800 JavaThread "jar transforms Thread 54" [_thread_blocked, id=1360, stack(0x00000021e3e00000,0x00000021e3f00000)]
  0x0000015359272800 JavaThread "jar transforms Thread 55" [_thread_blocked, id=3204, stack(0x00000021e3f00000,0x00000021e4000000)]
  0x0000015359274000 JavaThread "jar transforms Thread 56" [_thread_blocked, id=4988, stack(0x00000021e4000000,0x00000021e4100000)]
  0x000001535926e800 JavaThread "jar transforms Thread 57" [_thread_blocked, id=10852, stack(0x00000021e4100000,0x00000021e4200000)]
  0x000001535927a000 JavaThread "jar transforms Thread 58" [_thread_blocked, id=6404, stack(0x00000021e4200000,0x00000021e4300000)]
  0x000001535927a800 JavaThread "jar transforms Thread 59" [_thread_blocked, id=15316, stack(0x00000021e4300000,0x00000021e4400000)]
  0x0000015359275800 JavaThread "jar transforms Thread 60" [_thread_blocked, id=7924, stack(0x00000021e4400000,0x00000021e4500000)]
  0x0000015359276800 JavaThread "jar transforms Thread 61" [_thread_blocked, id=12144, stack(0x00000021e4500000,0x00000021e4600000)]
  0x0000015359275000 JavaThread "jar transforms Thread 62" [_thread_blocked, id=11568, stack(0x00000021e4600000,0x00000021e4700000)]
  0x000001535927c800 JavaThread "jar transforms Thread 63" [_thread_blocked, id=13876, stack(0x00000021e4700000,0x00000021e4800000)]
  0x000001535927b800 JavaThread "jar transforms Thread 64" [_thread_blocked, id=1592, stack(0x00000021e4800000,0x00000021e4900000)]
  0x000001535927d000 JavaThread "jar transforms Thread 65" [_thread_blocked, id=8588, stack(0x00000021e4900000,0x00000021e4a00000)]
  0x0000015359278000 JavaThread "jar transforms Thread 66" [_thread_blocked, id=15192, stack(0x00000021e4a00000,0x00000021e4b00000)]
  0x0000015359277800 JavaThread "jar transforms Thread 67" [_thread_blocked, id=13144, stack(0x00000021e4b00000,0x00000021e4c00000)]
  0x0000015359279000 JavaThread "jar transforms Thread 68" [_thread_blocked, id=5108, stack(0x00000021e4c00000,0x00000021e4d00000)]
  0x000001535a96e000 JavaThread "jar transforms Thread 69" [_thread_blocked, id=3276, stack(0x00000021e4d00000,0x00000021e4e00000)]
  0x000001535a969800 JavaThread "jar transforms Thread 70" [_thread_blocked, id=9180, stack(0x00000021e4e00000,0x00000021e4f00000)]
  0x000001535a96f000 JavaThread "jar transforms Thread 71" [_thread_blocked, id=5804, stack(0x00000021e4f00000,0x00000021e5000000)]
  0x000001535a96d800 JavaThread "jar transforms Thread 72" [_thread_blocked, id=11356, stack(0x00000021e5000000,0x00000021e5100000)]
  0x000001535a96a000 JavaThread "jar transforms Thread 73" [_thread_blocked, id=13912, stack(0x00000021e5100000,0x00000021e5200000)]
  0x000001535a970000 JavaThread "jar transforms Thread 74" [_thread_blocked, id=5452, stack(0x00000021e5200000,0x00000021e5300000)]
  0x000001535a970800 JavaThread "jar transforms Thread 75" [_thread_blocked, id=14288, stack(0x00000021e5300000,0x00000021e5400000)]
  0x000001535a96c000 JavaThread "jar transforms Thread 76" [_thread_blocked, id=11232, stack(0x00000021e5400000,0x00000021e5500000)]
  0x000001535a96b000 JavaThread "jar transforms Thread 77" [_thread_blocked, id=2772, stack(0x00000021e5500000,0x00000021e5600000)]
  0x000001535a971800 JavaThread "jar transforms Thread 78" [_thread_blocked, id=14652, stack(0x00000021e5600000,0x00000021e5700000)]
  0x000001535a972800 JavaThread "jar transforms Thread 79" [_thread_blocked, id=2552, stack(0x00000021e5700000,0x00000021e5800000)]
  0x000001535a96c800 JavaThread "jar transforms Thread 80" [_thread_blocked, id=10576, stack(0x00000021e5800000,0x00000021e5900000)]
  0x000001535a973000 JavaThread "jar transforms Thread 81" [_thread_blocked, id=15232, stack(0x00000021e5900000,0x00000021e5a00000)]
  0x000001535a974000 JavaThread "jar transforms Thread 82" [_thread_blocked, id=8652, stack(0x00000021e5a00000,0x00000021e5b00000)]
  0x000001535a977000 JavaThread "jar transforms Thread 83" [_thread_blocked, id=10752, stack(0x00000021e5b00000,0x00000021e5c00000)]
  0x000001535a974800 JavaThread "jar transforms Thread 84" [_thread_blocked, id=2504, stack(0x00000021e5c00000,0x00000021e5d00000)]
  0x000001535a975800 JavaThread "jar transforms Thread 85" [_thread_blocked, id=9324, stack(0x00000021e5d00000,0x00000021e5e00000)]
  0x000001535a976800 JavaThread "jar transforms Thread 86" [_thread_blocked, id=4748, stack(0x00000021e5e00000,0x00000021e5f00000)]
  0x000001535a978000 JavaThread "jar transforms Thread 87" [_thread_blocked, id=6672, stack(0x00000021e5f00000,0x00000021e6000000)]
  0x000001535acee000 JavaThread "jar transforms Thread 88" [_thread_blocked, id=8076, stack(0x00000021e6000000,0x00000021e6100000)]
  0x000001535acf0000 JavaThread "jar transforms Thread 89" [_thread_blocked, id=10808, stack(0x00000021e6100000,0x00000021e6200000)]
  0x000001535acec000 JavaThread "jar transforms Thread 90" [_thread_blocked, id=14068, stack(0x00000021e6200000,0x00000021e6300000)]
  0x000001535acef800 JavaThread "jar transforms Thread 91" [_thread_blocked, id=8024, stack(0x00000021e6300000,0x00000021e6400000)]
  0x000001535aced000 JavaThread "jar transforms Thread 92" [_thread_blocked, id=5824, stack(0x00000021e6400000,0x00000021e6500000)]
  0x000001535acf1000 JavaThread "jar transforms Thread 93" [_thread_blocked, id=3096, stack(0x00000021e6500000,0x00000021e6600000)]
  0x000001535acf4800 JavaThread "jar transforms Thread 94" [_thread_blocked, id=372, stack(0x00000021e6600000,0x00000021e6700000)]
  0x000001535acf2000 JavaThread "jar transforms Thread 95" [_thread_blocked, id=12892, stack(0x00000021e6700000,0x00000021e6800000)]
  0x000001535acee800 JavaThread "jar transforms Thread 96" [_thread_blocked, id=2528, stack(0x00000021e6800000,0x00000021e6900000)]
  0x000001535acf8800 JavaThread "jar transforms Thread 97" [_thread_blocked, id=8256, stack(0x00000021e6900000,0x00000021e6a00000)]
  0x000001535acf2800 JavaThread "Memory manager" [_thread_blocked, id=13224, stack(0x00000021e6a00000,0x00000021e6b00000)]
  0x000001535acf6000 JavaThread "build event listener" [_thread_blocked, id=11312, stack(0x00000021e6b00000,0x00000021e6c00000)]
  0x000001535acf7800 JavaThread "pool-3-thread-1" [_thread_blocked, id=12820, stack(0x00000021e6c00000,0x00000021e6d00000)]
  0x000001535acf3800 JavaThread "build event listener" [_thread_blocked, id=4076, stack(0x00000021e6d00000,0x00000021e6e00000)]
  0x000001535acfb000 JavaThread "Execution worker for ':'" [_thread_blocked, id=14856, stack(0x00000021e6e00000,0x00000021e6f00000)]
  0x000001535acf9000 JavaThread "Execution worker for ':' Thread 2" [_thread_blocked, id=15248, stack(0x00000021e6f00000,0x00000021e7000000)]
  0x000001535acfa000 JavaThread "Execution worker for ':' Thread 3" [_thread_blocked, id=4840, stack(0x00000021e7000000,0x00000021e7100000)]
  0x000001535acf7000 JavaThread "Cache worker for execution history cache (C:\Users\Admin\AndroidStudioProjects\CreamixShoppingApp\.gradle\6.7.1\executionHistory)" [_thread_blocked, id=5888, stack(0x00000021e7100000,0x00000021e7200000)]
  0x000001535d5d6000 JavaThread "WorkerExecutor Queue" [_thread_in_native, id=5756, stack(0x00000021e7200000,0x00000021e7300000)]
  0x000001535d5d4800 JavaThread "WorkerExecutor Queue Thread 2" [_thread_blocked, id=12244, stack(0x00000021e7300000,0x00000021e7400000)]
  0x000001535d5d5800 JavaThread "WorkerExecutor Queue Thread 3" [_thread_blocked, id=11432, stack(0x00000021e7400000,0x00000021e7500000)]
  0x000001535d5d8800 JavaThread "WorkerExecutor Queue Thread 4" [_thread_blocked, id=8716, stack(0x00000021e7500000,0x00000021e7600000)]
  0x000001535d5d8000 JavaThread "pool-4-thread-1" [_thread_blocked, id=9000, stack(0x00000021e7600000,0x00000021e7700000)]
  0x000001535d5d9800 JavaThread "stderr" [_thread_in_native, id=13196, stack(0x00000021e7700000,0x00000021e7800000)]
  0x000001535d5d3800 JavaThread "stdout" [_thread_in_native, id=3116, stack(0x00000021e7800000,0x00000021e7900000)]
  0x000001535d5dd800 JavaThread "WorkerExecutor Queue Thread 5" [_thread_blocked, id=9580, stack(0x00000021e7900000,0x00000021e7a00000)]
  0x000001535d5df000 JavaThread "ForkJoinPool-1-worker-3" daemon [_thread_blocked, id=13444, stack(0x00000021e7a00000,0x00000021e7b00000)]
  0x000001535d5de800 JavaThread "ForkJoinPool-1-worker-5" daemon [_thread_blocked, id=9384, stack(0x00000021e7b00000,0x00000021e7c00000)]
  0x000001535d5dc000 JavaThread "ForkJoinPool-1-worker-7" daemon [_thread_blocked, id=13900, stack(0x00000021e7c00000,0x00000021e7d00000)]
  0x000001535d5e0000 JavaThread "ForkJoinPool-1-worker-1" daemon [_thread_blocked, id=13404, stack(0x00000021e7d00000,0x00000021e7e00000)]

Other Threads:
  0x0000015357689800 VMThread "VM Thread" [stack: 0x00000021de000000,0x00000021de100000] [id=14516]
  0x00000153581a7000 WatcherThread [stack: 0x00000021dea00000,0x00000021deb00000] [id=3572]
  0x000001533d513000 GCTaskThread "GC Thread#0" [stack: 0x00000021ddb00000,0x00000021ddc00000] [id=13720]
  0x000001535852b000 GCTaskThread "GC Thread#1" [stack: 0x00000021dec00000,0x00000021ded00000] [id=8620]
  0x000001535899b000 GCTaskThread "GC Thread#2" [stack: 0x00000021ded00000,0x00000021dee00000] [id=14548]
  0x0000015359492800 GCTaskThread "GC Thread#3" [stack: 0x00000021df900000,0x00000021dfa00000] [id=14108]
  0x000001533d545800 ConcurrentGCThread "G1 Main Marker" [stack: 0x00000021ddc00000,0x00000021ddd00000] [id=14932]
  0x000001533d547800 ConcurrentGCThread "G1 Conc#0" [stack: 0x00000021ddd00000,0x00000021dde00000] [id=13556]
  0x000001533d5d6800 ConcurrentGCThread "G1 Refine#0" [stack: 0x00000021dde00000,0x00000021ddf00000] [id=3556]
  0x000001535c7dd000 ConcurrentGCThread "G1 Refine#1" [stack: 0x00000021e7e00000,0x00000021e7f00000] [id=8964]
  0x0000015361f73800 ConcurrentGCThread "G1 Refine#2" [stack: 0x00000021e7f00000,0x00000021e8000000] [id=12460]
  0x0000015358a40800 ConcurrentGCThread "G1 Refine#3" [stack: 0x00000021e8000000,0x00000021e8100000] [id=2176]
  0x000001533d5d7800 ConcurrentGCThread "G1 Young RemSet Sampling" [stack: 0x00000021ddf00000,0x00000021de000000] [id=10244]

Threads with active compile tasks:
C2 CompilerThread0  21692 10575 %     4       com.android.tools.r8.dex.n::a @ 315 (913 bytes)
C2 CompilerThread1  21692 10660       4       com.android.tools.r8.dex.n::e (654 bytes)

VM state:at safepoint (normal execution)

VM Mutex/Monitor currently owned by a thread:  ([mutex/lock_event])
[0x000001533d4f5ec0] Threads_lock - owner thread: 0x0000015357689800
[0x000001533d4f6fa0] Heap_lock - owner thread: 0x000001535d5dc000

Heap address: 0x0000000080000000, size: 2048 MB, Compressed Oops mode: 32-bit
Narrow klass base: 0x0000000000000000, Narrow klass shift: 3
Compressed class space size: 1073741824 Address: 0x0000000100000000

Heap:
 garbage-first heap   total 235520K, used 111616K [0x0000000080000000, 0x0000000100000000)
  region size 1024K, 6 young (6144K), 3 survivors (3072K)
 Metaspace       used 89002K, capacity 91127K, committed 91212K, reserved 1128448K
  class space    used 11576K, capacity 12304K, committed 12364K, reserved 1048576K
Heap Regions: E=young(eden), S=young(survivor), O=old, HS=humongous(starts), HC=humongous(continues), CS=collection set, F=free, A=archive, TAMS=top-at-mark-start (previous, next)
|   0|0x0000000080000000, 0x0000000080100000, 0x0000000080100000|100%| O|  |TAMS 0x0000000080100000, 0x0000000080000000| Untracked 
|   1|0x0000000080100000, 0x0000000080200000, 0x0000000080200000|100%| O|  |TAMS 0x0000000080200000, 0x0000000080100000| Untracked 
|   2|0x0000000080200000, 0x0000000080300000, 0x0000000080300000|100%| O|  |TAMS 0x0000000080300000, 0x0000000080200000| Untracked 
|   3|0x0000000080300000, 0x0000000080400000, 0x0000000080400000|100%|HS|  |TAMS 0x0000000080400000, 0x0000000080300000| Complete 
|   4|0x0000000080400000, 0x0000000080500000, 0x0000000080500000|100%|HC|  |TAMS 0x0000000080500000, 0x0000000080400000| Complete 
|   5|0x0000000080500000, 0x0000000080600000, 0x0000000080600000|100%|HC|  |TAMS 0x0000000080600000, 0x0000000080500000| Complete 
|   6|0x0000000080600000, 0x0000000080700000, 0x0000000080700000|100%| O|  |TAMS 0x0000000080700000, 0x0000000080600000| Untracked 
|   7|0x0000000080700000, 0x0000000080800000, 0x0000000080800000|100%| O|  |TAMS 0x0000000080800000, 0x0000000080700000| Untracked 
|   8|0x0000000080800000, 0x0000000080900000, 0x0000000080900000|100%| O|  |TAMS 0x0000000080900000, 0x0000000080800000| Untracked 
|   9|0x0000000080900000, 0x0000000080a00000, 0x0000000080a00000|100%| O|  |TAMS 0x0000000080a00000, 0x0000000080900000| Untracked 
|  10|0x0000000080a00000, 0x0000000080b00000, 0x0000000080b00000|100%| O|  |TAMS 0x0000000080b00000, 0x0000000080a00000| Untracked 
|  11|0x0000000080b00000, 0x0000000080c00000, 0x0000000080c00000|100%| O|  |TAMS 0x0000000080c00000, 0x0000000080b00000| Untracked 
|  12|0x0000000080c00000, 0x0000000080d00000, 0x0000000080d00000|100%| O|  |TAMS 0x0000000080d00000, 0x0000000080c00000| Untracked 
|  13|0x0000000080d00000, 0x0000000080e00000, 0x0000000080e00000|100%| O|  |TAMS 0x0000000080e00000, 0x0000000080d00000| Untracked 
|  14|0x0000000080e00000, 0x0000000080f00000, 0x0000000080f00000|100%| O|  |TAMS 0x0000000080f00000, 0x0000000080e00000| Untracked 
|  15|0x0000000080f00000, 0x0000000081000000, 0x0000000081000000|100%| O|  |TAMS 0x0000000081000000, 0x0000000080f00000| Untracked 
|  16|0x0000000081000000, 0x0000000081100000, 0x0000000081100000|100%|HS|  |TAMS 0x0000000081100000, 0x0000000081000000| Complete 
|  17|0x0000000081100000, 0x0000000081200000, 0x0000000081200000|100%|HS|  |TAMS 0x0000000081200000, 0x0000000081100000| Complete 
|  18|0x0000000081200000, 0x0000000081300000, 0x0000000081300000|100%|HC|  |TAMS 0x0000000081300000, 0x0000000081200000| Complete 
|  19|0x0000000081300000, 0x0000000081400000, 0x0000000081400000|100%| O|  |TAMS 0x0000000081400000, 0x0000000081300000| Untracked 
|  20|0x0000000081400000, 0x0000000081500000, 0x0000000081500000|100%| O|  |TAMS 0x0000000081500000, 0x0000000081400000| Untracked 
|  21|0x0000000081500000, 0x0000000081600000, 0x0000000081600000|100%| O|  |TAMS 0x0000000081600000, 0x0000000081500000| Untracked 
|  22|0x0000000081600000, 0x0000000081700000, 0x0000000081700000|100%| O|  |TAMS 0x0000000081700000, 0x0000000081600000| Untracked 
|  23|0x0000000081700000, 0x0000000081800000, 0x0000000081800000|100%| O|  |TAMS 0x0000000081800000, 0x0000000081700000| Untracked 
|  24|0x0000000081800000, 0x0000000081900000, 0x0000000081900000|100%| O|  |TAMS 0x0000000081900000, 0x0000000081800000| Untracked 
|  25|0x0000000081900000, 0x0000000081a00000, 0x0000000081a00000|100%| O|  |TAMS 0x0000000081a00000, 0x0000000081900000| Untracked 
|  26|0x0000000081a00000, 0x0000000081b00000, 0x0000000081b00000|100%| O|  |TAMS 0x0000000081b00000, 0x0000000081a00000| Untracked 
|  27|0x0000000081b00000, 0x0000000081c00000, 0x0000000081c00000|100%| O|  |TAMS 0x0000000081c00000, 0x0000000081b00000| Untracked 
|  28|0x0000000081c00000, 0x0000000081d00000, 0x0000000081d00000|100%| O|  |TAMS 0x0000000081d00000, 0x0000000081c00000| Untracked 
|  29|0x0000000081d00000, 0x0000000081e00000, 0x0000000081e00000|100%| O|  |TAMS 0x0000000081e00000, 0x0000000081d00000| Untracked 
|  30|0x0000000081e00000, 0x0000000081f00000, 0x0000000081f00000|100%| O|  |TAMS 0x0000000081f00000, 0x0000000081e00000| Untracked 
|  31|0x0000000081f00000, 0x0000000082000000, 0x0000000082000000|100%| O|  |TAMS 0x0000000082000000, 0x0000000081f00000| Untracked 
|  32|0x0000000082000000, 0x0000000082100000, 0x0000000082100000|100%| O|  |TAMS 0x0000000082100000, 0x0000000082000000| Untracked 
|  33|0x0000000082100000, 0x0000000082200000, 0x0000000082200000|100%| O|  |TAMS 0x0000000082200000, 0x0000000082100000| Untracked 
|  34|0x0000000082200000, 0x0000000082300000, 0x0000000082300000|100%| O|  |TAMS 0x0000000082300000, 0x0000000082200000| Untracked 
|  35|0x0000000082300000, 0x0000000082400000, 0x0000000082400000|100%| O|  |TAMS 0x0000000082400000, 0x0000000082300000| Untracked 
|  36|0x0000000082400000, 0x0000000082500000, 0x0000000082500000|100%| O|  |TAMS 0x000000008242dc00, 0x0000000082400000| Untracked 
|  37|0x0000000082500000, 0x0000000082600000, 0x0000000082600000|100%| O|  |TAMS 0x0000000082500000, 0x0000000082500000| Untracked 
|  38|0x0000000082600000, 0x0000000082700000, 0x0000000082700000|100%| O|  |TAMS 0x0000000082600000, 0x0000000082600000| Untracked 
|  39|0x0000000082700000, 0x0000000082800000, 0x0000000082800000|100%| O|  |TAMS 0x0000000082700000, 0x0000000082700000| Untracked 
|  40|0x0000000082800000, 0x0000000082900000, 0x0000000082900000|100%| O|  |TAMS 0x0000000082800000, 0x0000000082800000| Untracked 
|  41|0x0000000082900000, 0x0000000082a00000, 0x0000000082a00000|100%| O|  |TAMS 0x0000000082900000, 0x0000000082900000| Untracked 
|  42|0x0000000082a00000, 0x0000000082b00000, 0x0000000082b00000|100%|HS|  |TAMS 0x0000000082a00000, 0x0000000082a00000| Complete 
|  43|0x0000000082b00000, 0x0000000082c00000, 0x0000000082c00000|100%|HC|  |TAMS 0x0000000082b00000, 0x0000000082b00000| Complete 
|  44|0x0000000082c00000, 0x0000000082d00000, 0x0000000082d00000|100%|HS|  |TAMS 0x0000000082c00000, 0x0000000082c00000| Complete 
|  45|0x0000000082d00000, 0x0000000082e00000, 0x0000000082e00000|100%|HS|  |TAMS 0x0000000082d00000, 0x0000000082d00000| Complete 
|  46|0x0000000082e00000, 0x0000000082f00000, 0x0000000082f00000|100%| O|  |TAMS 0x0000000082e00000, 0x0000000082e00000| Untracked 
|  47|0x0000000082f00000, 0x0000000083000000, 0x0000000083000000|100%| O|  |TAMS 0x0000000082f00000, 0x0000000082f00000| Untracked 
|  48|0x0000000083000000, 0x0000000083100000, 0x0000000083100000|100%| O|  |TAMS 0x0000000083000000, 0x0000000083000000| Untracked 
|  49|0x0000000083100000, 0x0000000083200000, 0x0000000083200000|100%| O|  |TAMS 0x0000000083100000, 0x0000000083100000| Untracked 
|  50|0x0000000083200000, 0x0000000083300000, 0x0000000083300000|100%| O|  |TAMS 0x0000000083200000, 0x0000000083200000| Untracked 
|  51|0x0000000083300000, 0x0000000083400000, 0x0000000083400000|100%| O|  |TAMS 0x0000000083300000, 0x0000000083300000| Untracked 
|  52|0x0000000083400000, 0x0000000083500000, 0x0000000083500000|100%| O|  |TAMS 0x0000000083400000, 0x0000000083400000| Untracked 
|  53|0x0000000083500000, 0x0000000083600000, 0x0000000083600000|100%| O|  |TAMS 0x0000000083500000, 0x0000000083500000| Untracked 
|  54|0x0000000083600000, 0x0000000083700000, 0x0000000083700000|100%|HS|  |TAMS 0x0000000083600000, 0x0000000083600000| Complete 
|  55|0x0000000083700000, 0x0000000083800000, 0x0000000083800000|100%|HC|  |TAMS 0x0000000083700000, 0x0000000083700000| Complete 
|  56|0x0000000083800000, 0x0000000083900000, 0x0000000083900000|100%| O|  |TAMS 0x0000000083800000, 0x0000000083800000| Untracked 
|  57|0x0000000083900000, 0x0000000083a00000, 0x0000000083a00000|100%|HS|  |TAMS 0x0000000083900000, 0x0000000083900000| Complete 
|  58|0x0000000083a00000, 0x0000000083b00000, 0x0000000083b00000|100%| O|  |TAMS 0x0000000083a00000, 0x0000000083a00000| Untracked 
|  59|0x0000000083b00000, 0x0000000083c00000, 0x0000000083c00000|100%| O|  |TAMS 0x0000000083b00000, 0x0000000083b00000| Untracked 
|  60|0x0000000083c00000, 0x0000000083d00000, 0x0000000083d00000|100%| O|  |TAMS 0x0000000083c00000, 0x0000000083c00000| Untracked 
|  61|0x0000000083d00000, 0x0000000083e00000, 0x0000000083e00000|100%| O|  |TAMS 0x0000000083d00000, 0x0000000083d00000| Untracked 
|  62|0x0000000083e00000, 0x0000000083f00000, 0x0000000083f00000|100%| O|  |TAMS 0x0000000083e00000, 0x0000000083e00000| Untracked 
|  63|0x0000000083f00000, 0x0000000084000000, 0x0000000084000000|100%| O|  |TAMS 0x0000000083f00000, 0x0000000083f00000| Untracked 
|  64|0x0000000084000000, 0x0000000084100000, 0x0000000084100000|100%| O|  |TAMS 0x0000000084000000, 0x0000000084000000| Untracked 
|  65|0x0000000084100000, 0x0000000084200000, 0x0000000084200000|100%|HS|  |TAMS 0x0000000084100000, 0x0000000084100000| Complete 
|  66|0x0000000084200000, 0x0000000084300000, 0x0000000084300000|100%| O|  |TAMS 0x0000000084200000, 0x0000000084200000| Untracked 
|  67|0x0000000084300000, 0x0000000084400000, 0x0000000084400000|100%| O|  |TAMS 0x0000000084300000, 0x0000000084300000| Untracked 
|  68|0x0000000084400000, 0x0000000084500000, 0x0000000084500000|100%| O|  |TAMS 0x0000000084400000, 0x0000000084400000| Untracked 
|  69|0x0000000084500000, 0x0000000084600000, 0x0000000084600000|100%| O|  |TAMS 0x0000000084500000, 0x0000000084500000| Untracked 
|  70|0x0000000084600000, 0x0000000084700000, 0x0000000084700000|100%| O|  |TAMS 0x0000000084600000, 0x0000000084600000| Untracked 
|  71|0x0000000084700000, 0x0000000084800000, 0x0000000084800000|100%| O|  |TAMS 0x0000000084700000, 0x0000000084700000| Untracked 
|  72|0x0000000084800000, 0x0000000084900000, 0x0000000084900000|100%| O|  |TAMS 0x0000000084800000, 0x0000000084800000| Untracked 
|  73|0x0000000084900000, 0x0000000084a00000, 0x0000000084a00000|100%| O|  |TAMS 0x0000000084900000, 0x0000000084900000| Untracked 
|  74|0x0000000084a00000, 0x0000000084b00000, 0x0000000084b00000|100%| O|  |TAMS 0x0000000084a00000, 0x0000000084a00000| Untracked 
|  75|0x0000000084b00000, 0x0000000084c00000, 0x0000000084c00000|100%| O|  |TAMS 0x0000000084b00000, 0x0000000084b00000| Untracked 
|  76|0x0000000084c00000, 0x0000000084d00000, 0x0000000084d00000|100%| O|  |TAMS 0x0000000084c00000, 0x0000000084c00000| Untracked 
|  77|0x0000000084d00000, 0x0000000084e00000, 0x0000000084e00000|100%| O|  |TAMS 0x0000000084d00000, 0x0000000084d00000| Untracked 
|  78|0x0000000084e00000, 0x0000000084f00000, 0x0000000084f00000|100%| O|  |TAMS 0x0000000084e00000, 0x0000000084e00000| Untracked 
|  79|0x0000000084f00000, 0x0000000085000000, 0x0000000085000000|100%| O|  |TAMS 0x0000000084f00000, 0x0000000084f00000| Untracked 
|  80|0x0000000085000000, 0x0000000085100000, 0x0000000085100000|100%| O|  |TAMS 0x0000000085000000, 0x0000000085000000| Untracked 
|  81|0x0000000085100000, 0x0000000085200000, 0x0000000085200000|100%| O|  |TAMS 0x0000000085100000, 0x0000000085100000| Untracked 
|  82|0x0000000085200000, 0x0000000085300000, 0x0000000085300000|100%| O|  |TAMS 0x0000000085200000, 0x0000000085200000| Untracked 
|  83|0x0000000085300000, 0x0000000085400000, 0x0000000085400000|100%| O|  |TAMS 0x0000000085300000, 0x0000000085300000| Untracked 
|  84|0x0000000085400000, 0x0000000085500000, 0x0000000085500000|100%| O|  |TAMS 0x0000000085400000, 0x0000000085400000| Untracked 
|  85|0x0000000085500000, 0x0000000085600000, 0x0000000085600000|100%| O|  |TAMS 0x0000000085500000, 0x0000000085500000| Untracked 
|  86|0x0000000085600000, 0x0000000085600000, 0x0000000085700000|  0%| F|  |TAMS 0x0000000085600000, 0x0000000085600000| Untracked 
|  87|0x0000000085700000, 0x0000000085700000, 0x0000000085800000|  0%| F|  |TAMS 0x0000000085700000, 0x0000000085700000| Untracked 
|  88|0x0000000085800000, 0x0000000085800000, 0x0000000085900000|  0%| F|  |TAMS 0x0000000085800000, 0x0000000085800000| Untracked 
|  89|0x0000000085900000, 0x0000000085900000, 0x0000000085a00000|  0%| F|  |TAMS 0x0000000085900000, 0x0000000085900000| Untracked 
|  90|0x0000000085a00000, 0x0000000085a00000, 0x0000000085b00000|  0%| F|  |TAMS 0x0000000085a00000, 0x0000000085a00000| Untracked 
|  91|0x0000000085b00000, 0x0000000085b00000, 0x0000000085c00000|  0%| F|  |TAMS 0x0000000085b00000, 0x0000000085b00000| Untracked 
|  92|0x0000000085c00000, 0x0000000085d00000, 0x0000000085d00000|100%| O|  |TAMS 0x0000000085c00000, 0x0000000085c00000| Untracked 
|  93|0x0000000085d00000, 0x0000000085e00000, 0x0000000085e00000|100%| O|  |TAMS 0x0000000085d00000, 0x0000000085d00000| Untracked 
|  94|0x0000000085e00000, 0x0000000085f00000, 0x0000000085f00000|100%| O|  |TAMS 0x0000000085e00000, 0x0000000085e00000| Untracked 
|  95|0x0000000085f00000, 0x0000000086000000, 0x0000000086000000|100%| O|  |TAMS 0x0000000085f00000, 0x0000000085f00000| Untracked 
|  96|0x0000000086000000, 0x0000000086100000, 0x0000000086100000|100%| O|  |TAMS 0x0000000086000000, 0x0000000086000000| Untracked 
|  97|0x0000000086100000, 0x0000000086200000, 0x0000000086200000|100%| O|  |TAMS 0x0000000086100000, 0x0000000086100000| Untracked 
|  98|0x0000000086200000, 0x0000000086300000, 0x0000000086300000|100%| O|  |TAMS 0x0000000086200000, 0x0000000086200000| Untracked 
|  99|0x0000000086300000, 0x0000000086400000, 0x0000000086400000|100%| O|  |TAMS 0x0000000086300000, 0x0000000086300000| Untracked 
| 100|0x0000000086400000, 0x0000000086500000, 0x0000000086500000|100%| O|  |TAMS 0x0000000086400000, 0x0000000086400000| Untracked 
| 101|0x0000000086500000, 0x0000000086600000, 0x0000000086600000|100%| O|  |TAMS 0x0000000086500000, 0x0000000086500000| Untracked 
| 102|0x0000000086600000, 0x0000000086700000, 0x0000000086700000|100%| O|  |TAMS 0x0000000086600000, 0x0000000086600000| Untracked 
| 103|0x0000000086700000, 0x0000000086800000, 0x0000000086800000|100%| E|CS|TAMS 0x0000000086700000, 0x0000000086700000| Complete 
| 104|0x0000000086800000, 0x0000000086900000, 0x0000000086900000|100%| E|CS|TAMS 0x0000000086800000, 0x0000000086800000| Complete 
| 105|0x0000000086900000, 0x0000000086a00000, 0x0000000086a00000|100%| E|CS|TAMS 0x0000000086900000, 0x0000000086900000| Complete 
| 106|0x0000000086a00000, 0x0000000086b00000, 0x0000000086b00000|100%| E|CS|TAMS 0x0000000086a00000, 0x0000000086a00000| Complete 
| 107|0x0000000086b00000, 0x0000000086c00000, 0x0000000086c00000|100%| E|CS|TAMS 0x0000000086b00000, 0x0000000086b00000| Complete 
| 108|0x0000000086c00000, 0x0000000086d00000, 0x0000000086d00000|100%| E|CS|TAMS 0x0000000086c00000, 0x0000000086c00000| Complete 
| 109|0x0000000086d00000, 0x0000000086e00000, 0x0000000086e00000|100%| E|CS|TAMS 0x0000000086d00000, 0x0000000086d00000| Complete 
| 110|0x0000000086e00000, 0x0000000086f00000, 0x0000000086f00000|100%| E|CS|TAMS 0x0000000086e00000, 0x0000000086e00000| Complete 
| 111|0x0000000086f00000, 0x0000000087000000, 0x0000000087000000|100%| E|CS|TAMS 0x0000000086f00000, 0x0000000086f00000| Complete 
| 112|0x0000000087000000, 0x0000000087100000, 0x0000000087100000|100%| E|CS|TAMS 0x0000000087000000, 0x0000000087000000| Complete 
| 113|0x0000000087100000, 0x0000000087200000, 0x0000000087200000|100%| E|CS|TAMS 0x0000000087100000, 0x0000000087100000| Complete 
| 114|0x0000000087200000, 0x0000000087300000, 0x0000000087300000|100%| E|CS|TAMS 0x0000000087200000, 0x0000000087200000| Complete 
| 115|0x0000000087300000, 0x0000000087400000, 0x0000000087400000|100%| E|CS|TAMS 0x0000000087300000, 0x0000000087300000| Complete 
| 116|0x0000000087400000, 0x0000000087500000, 0x0000000087500000|100%| E|CS|TAMS 0x0000000087400000, 0x0000000087400000| Complete 
| 117|0x0000000087500000, 0x0000000087600000, 0x0000000087600000|100%| E|CS|TAMS 0x0000000087500000, 0x0000000087500000| Complete 
| 118|0x0000000087600000, 0x0000000087600000, 0x0000000087700000|  0%| F|  |TAMS 0x0000000087600000, 0x0000000087600000| Untracked 
| 119|0x0000000087700000, 0x0000000087700000, 0x0000000087800000|  0%| F|  |TAMS 0x0000000087700000, 0x0000000087700000| Untracked 
| 120|0x0000000087800000, 0x0000000087800000, 0x0000000087900000|  0%| F|  |TAMS 0x0000000087800000, 0x0000000087800000| Untracked 
| 121|0x0000000087900000, 0x0000000087900000, 0x0000000087a00000|  0%| F|  |TAMS 0x0000000087900000, 0x0000000087900000| Untracked 
| 122|0x0000000087a00000, 0x0000000087a00000, 0x0000000087b00000|  0%| F|  |TAMS 0x0000000087a00000, 0x0000000087a00000| Untracked 
| 123|0x0000000087b00000, 0x0000000087b00000, 0x0000000087c00000|  0%| F|  |TAMS 0x0000000087b00000, 0x0000000087b00000| Untracked 
| 124|0x0000000087c00000, 0x0000000087c00000, 0x0000000087d00000|  0%| F|  |TAMS 0x0000000087c00000, 0x0000000087c00000| Untracked 
| 125|0x0000000087d00000, 0x0000000087d00000, 0x0000000087e00000|  0%| F|  |TAMS 0x0000000087d00000, 0x0000000087d00000| Untracked 
| 126|0x0000000087e00000, 0x0000000087e00000, 0x0000000087f00000|  0%| F|  |TAMS 0x0000000087e00000, 0x0000000087e00000| Untracked 
| 127|0x0000000087f00000, 0x0000000087f00000, 0x0000000088000000|  0%| F|  |TAMS 0x0000000087f00000, 0x0000000087f00000| Untracked 
| 128|0x0000000088000000, 0x0000000088000000, 0x0000000088100000|  0%| F|  |TAMS 0x0000000088000000, 0x0000000088000000| Untracked 
| 129|0x0000000088100000, 0x0000000088100000, 0x0000000088200000|  0%| F|  |TAMS 0x0000000088100000, 0x0000000088100000| Untracked 
| 130|0x0000000088200000, 0x0000000088200000, 0x0000000088300000|  0%| F|  |TAMS 0x0000000088200000, 0x0000000088200000| Untracked 
| 131|0x0000000088300000, 0x0000000088300000, 0x0000000088400000|  0%| F|  |TAMS 0x0000000088300000, 0x0000000088300000| Untracked 
| 132|0x0000000088400000, 0x0000000088400000, 0x0000000088500000|  0%| F|  |TAMS 0x0000000088400000, 0x0000000088400000| Untracked 
| 133|0x0000000088500000, 0x0000000088500000, 0x0000000088600000|  0%| F|  |TAMS 0x0000000088500000, 0x0000000088500000| Untracked 
| 134|0x0000000088600000, 0x0000000088600000, 0x0000000088700000|  0%| F|  |TAMS 0x0000000088600000, 0x0000000088600000| Untracked 
| 135|0x0000000088700000, 0x0000000088700000, 0x0000000088800000|  0%| F|  |TAMS 0x0000000088700000, 0x0000000088700000| Untracked 
| 136|0x0000000088800000, 0x0000000088800000, 0x0000000088900000|  0%| F|  |TAMS 0x0000000088800000, 0x0000000088800000| Untracked 
| 137|0x0000000088900000, 0x0000000088900000, 0x0000000088a00000|  0%| F|  |TAMS 0x0000000088900000, 0x0000000088900000| Untracked 
| 138|0x0000000088a00000, 0x0000000088a00000, 0x0000000088b00000|  0%| F|  |TAMS 0x0000000088a00000, 0x0000000088a00000| Untracked 
| 139|0x0000000088b00000, 0x0000000088b00000, 0x0000000088c00000|  0%| F|  |TAMS 0x0000000088b00000, 0x0000000088b00000| Untracked 
| 140|0x0000000088c00000, 0x0000000088c00000, 0x0000000088d00000|  0%| F|  |TAMS 0x0000000088c00000, 0x0000000088c00000| Untracked 
| 141|0x0000000088d00000, 0x0000000088d00000, 0x0000000088e00000|  0%| F|  |TAMS 0x0000000088d00000, 0x0000000088d00000| Untracked 
| 142|0x0000000088e00000, 0x0000000088e00000, 0x0000000088f00000|  0%| F|  |TAMS 0x0000000088e00000, 0x0000000088e00000| Untracked 
| 143|0x0000000088f00000, 0x0000000088f00000, 0x0000000089000000|  0%| F|  |TAMS 0x0000000088f00000, 0x0000000088f00000| Untracked 
| 144|0x0000000089000000, 0x0000000089000000, 0x0000000089100000|  0%| F|  |TAMS 0x0000000089000000, 0x0000000089000000| Untracked 
| 145|0x0000000089100000, 0x0000000089100000, 0x0000000089200000|  0%| F|  |TAMS 0x0000000089100000, 0x0000000089100000| Untracked 
| 146|0x0000000089200000, 0x0000000089200000, 0x0000000089300000|  0%| F|  |TAMS 0x0000000089200000, 0x0000000089200000| Untracked 
| 147|0x0000000089300000, 0x0000000089300000, 0x0000000089400000|  0%| F|  |TAMS 0x0000000089300000, 0x0000000089300000| Untracked 
| 148|0x0000000089400000, 0x0000000089400000, 0x0000000089500000|  0%| F|  |TAMS 0x0000000089400000, 0x0000000089400000| Untracked 
| 149|0x0000000089500000, 0x0000000089500000, 0x0000000089600000|  0%| F|  |TAMS 0x0000000089500000, 0x0000000089500000| Untracked 
| 150|0x0000000089600000, 0x0000000089600000, 0x0000000089700000|  0%| F|  |TAMS 0x0000000089600000, 0x0000000089600000| Untracked 
| 151|0x0000000089700000, 0x0000000089700000, 0x0000000089800000|  0%| F|  |TAMS 0x0000000089700000, 0x0000000089700000| Untracked 
| 152|0x0000000089800000, 0x0000000089800000, 0x0000000089900000|  0%| F|  |TAMS 0x0000000089800000, 0x0000000089800000| Untracked 
| 153|0x0000000089900000, 0x0000000089900000, 0x0000000089a00000|  0%| F|  |TAMS 0x0000000089900000, 0x0000000089900000| Untracked 
| 154|0x0000000089a00000, 0x0000000089a00000, 0x0000000089b00000|  0%| F|  |TAMS 0x0000000089a00000, 0x0000000089a00000| Untracked 
| 155|0x0000000089b00000, 0x0000000089b00000, 0x0000000089c00000|  0%| F|  |TAMS 0x0000000089b00000, 0x0000000089b00000| Untracked 
| 156|0x0000000089c00000, 0x0000000089c00000, 0x0000000089d00000|  0%| F|  |TAMS 0x0000000089c00000, 0x0000000089c00000| Untracked 
| 157|0x0000000089d00000, 0x0000000089d00000, 0x0000000089e00000|  0%| F|  |TAMS 0x0000000089d00000, 0x0000000089d00000| Untracked 
| 158|0x0000000089e00000, 0x0000000089e00000, 0x0000000089f00000|  0%| F|  |TAMS 0x0000000089e00000, 0x0000000089e00000| Untracked 
| 159|0x0000000089f00000, 0x0000000089f00000, 0x000000008a000000|  0%| F|  |TAMS 0x0000000089f00000, 0x0000000089f00000| Untracked 
| 160|0x000000008a000000, 0x000000008a000000, 0x000000008a100000|  0%| F|  |TAMS 0x000000008a000000, 0x000000008a000000| Untracked 
| 161|0x000000008a100000, 0x000000008a100000, 0x000000008a200000|  0%| F|  |TAMS 0x000000008a100000, 0x000000008a100000| Untracked 
| 162|0x000000008a200000, 0x000000008a200000, 0x000000008a300000|  0%| F|  |TAMS 0x000000008a200000, 0x000000008a200000| Untracked 
| 163|0x000000008a300000, 0x000000008a300000, 0x000000008a400000|  0%| F|  |TAMS 0x000000008a300000, 0x000000008a300000| Untracked 
| 164|0x000000008a400000, 0x000000008a400000, 0x000000008a500000|  0%| F|  |TAMS 0x000000008a400000, 0x000000008a400000| Untracked 
| 165|0x000000008a500000, 0x000000008a500000, 0x000000008a600000|  0%| F|  |TAMS 0x000000008a500000, 0x000000008a500000| Untracked 
| 166|0x000000008a600000, 0x000000008a600000, 0x000000008a700000|  0%| F|  |TAMS 0x000000008a600000, 0x000000008a600000| Untracked 
| 167|0x000000008a700000, 0x000000008a700000, 0x000000008a800000|  0%| F|  |TAMS 0x000000008a700000, 0x000000008a700000| Untracked 
| 168|0x000000008a800000, 0x000000008a800000, 0x000000008a900000|  0%| F|  |TAMS 0x000000008a800000, 0x000000008a800000| Untracked 
| 169|0x000000008a900000, 0x000000008a900000, 0x000000008aa00000|  0%| F|  |TAMS 0x000000008a900000, 0x000000008a900000| Untracked 
| 170|0x000000008aa00000, 0x000000008aa00000, 0x000000008ab00000|  0%| F|  |TAMS 0x000000008aa00000, 0x000000008aa00000| Untracked 
| 171|0x000000008ab00000, 0x000000008ab00000, 0x000000008ac00000|  0%| F|  |TAMS 0x000000008ab00000, 0x000000008ab00000| Untracked 
| 172|0x000000008ac00000, 0x000000008ac00000, 0x000000008ad00000|  0%| F|  |TAMS 0x000000008ac00000, 0x000000008ac00000| Untracked 
| 173|0x000000008ad00000, 0x000000008ad00000, 0x000000008ae00000|  0%| F|  |TAMS 0x000000008ad00000, 0x000000008ad00000| Untracked 
| 174|0x000000008ae00000, 0x000000008ae00000, 0x000000008af00000|  0%| F|  |TAMS 0x000000008ae00000, 0x000000008ae00000| Untracked 
| 175|0x000000008af00000, 0x000000008af00000, 0x000000008b000000|  0%| F|  |TAMS 0x000000008af00000, 0x000000008af00000| Untracked 
| 176|0x000000008b000000, 0x000000008b000000, 0x000000008b100000|  0%| F|  |TAMS 0x000000008b000000, 0x000000008b000000| Untracked 
| 177|0x000000008b100000, 0x000000008b100000, 0x000000008b200000|  0%| F|  |TAMS 0x000000008b100000, 0x000000008b100000| Untracked 
| 178|0x000000008b200000, 0x000000008b200000, 0x000000008b300000|  0%| F|  |TAMS 0x000000008b200000, 0x000000008b200000| Untracked 
| 179|0x000000008b300000, 0x000000008b300000, 0x000000008b400000|  0%| F|  |TAMS 0x000000008b300000, 0x000000008b300000| Untracked 
| 180|0x000000008b400000, 0x000000008b400000, 0x000000008b500000|  0%| F|  |TAMS 0x000000008b400000, 0x000000008b400000| Untracked 
| 181|0x000000008b500000, 0x000000008b500000, 0x000000008b600000|  0%| F|  |TAMS 0x000000008b500000, 0x000000008b500000| Untracked 
| 182|0x000000008b600000, 0x000000008b600000, 0x000000008b700000|  0%| F|  |TAMS 0x000000008b600000, 0x000000008b600000| Untracked 
| 183|0x000000008b700000, 0x000000008b700000, 0x000000008b800000|  0%| F|  |TAMS 0x000000008b700000, 0x000000008b700000| Untracked 
| 184|0x000000008b800000, 0x000000008b800000, 0x000000008b900000|  0%| F|  |TAMS 0x000000008b800000, 0x000000008b800000| Untracked 
| 185|0x000000008b900000, 0x000000008b900000, 0x000000008ba00000|  0%| F|  |TAMS 0x000000008b900000, 0x000000008b900000| Untracked 
| 186|0x000000008ba00000, 0x000000008ba00000, 0x000000008bb00000|  0%| F|  |TAMS 0x000000008ba00000, 0x000000008ba00000| Untracked 
| 187|0x000000008bb00000, 0x000000008bb00000, 0x000000008bc00000|  0%| F|  |TAMS 0x000000008bb00000, 0x000000008bb00000| Untracked 
| 188|0x000000008bc00000, 0x000000008bc00000, 0x000000008bd00000|  0%| F|  |TAMS 0x000000008bc00000, 0x000000008bc00000| Untracked 
| 189|0x000000008bd00000, 0x000000008bd00000, 0x000000008be00000|  0%| F|  |TAMS 0x000000008bd00000, 0x000000008bd00000| Untracked 
| 190|0x000000008be00000, 0x000000008be00000, 0x000000008bf00000|  0%| F|  |TAMS 0x000000008be00000, 0x000000008be00000| Untracked 
| 191|0x000000008bf00000, 0x000000008bf00000, 0x000000008c000000|  0%| F|  |TAMS 0x000000008bf00000, 0x000000008bf00000| Untracked 
| 192|0x000000008c000000, 0x000000008c000000, 0x000000008c100000|  0%| F|  |TAMS 0x000000008c000000, 0x000000008c000000| Untracked 
| 193|0x000000008c100000, 0x000000008c100000, 0x000000008c200000|  0%| F|  |TAMS 0x000000008c100000, 0x000000008c100000| Untracked 
| 194|0x000000008c200000, 0x000000008c200000, 0x000000008c300000|  0%| F|  |TAMS 0x000000008c200000, 0x000000008c200000| Untracked 
| 195|0x000000008c300000, 0x000000008c300000, 0x000000008c400000|  0%| F|  |TAMS 0x000000008c300000, 0x000000008c300000| Untracked 
| 196|0x000000008c400000, 0x000000008c400000, 0x000000008c500000|  0%| F|  |TAMS 0x000000008c400000, 0x000000008c400000| Untracked 
| 197|0x000000008c500000, 0x000000008c500000, 0x000000008c600000|  0%| F|  |TAMS 0x000000008c500000, 0x000000008c500000| Untracked 
| 198|0x000000008c600000, 0x000000008c600000, 0x000000008c700000|  0%| F|  |TAMS 0x000000008c600000, 0x000000008c600000| Untracked 
| 199|0x000000008c700000, 0x000000008c700000, 0x000000008c800000|  0%| F|  |TAMS 0x000000008c700000, 0x000000008c700000| Untracked 
| 200|0x000000008c800000, 0x000000008c800000, 0x000000008c900000|  0%| F|  |TAMS 0x000000008c800000, 0x000000008c800000| Untracked 
| 201|0x000000008c900000, 0x000000008c900000, 0x000000008ca00000|  0%| F|  |TAMS 0x000000008c900000, 0x000000008c900000| Untracked 
| 202|0x000000008ca00000, 0x000000008ca00000, 0x000000008cb00000|  0%| F|  |TAMS 0x000000008ca00000, 0x000000008ca00000| Untracked 
| 203|0x000000008cb00000, 0x000000008cb00000, 0x000000008cc00000|  0%| F|  |TAMS 0x000000008cb00000, 0x000000008cb00000| Untracked 
| 204|0x000000008cc00000, 0x000000008cc00000, 0x000000008cd00000|  0%| F|  |TAMS 0x000000008cc00000, 0x000000008cc00000| Untracked 
| 205|0x000000008cd00000, 0x000000008cd00000, 0x000000008ce00000|  0%| F|  |TAMS 0x000000008cd00000, 0x000000008cd00000| Untracked 
| 206|0x000000008ce00000, 0x000000008ce00000, 0x000000008cf00000|  0%| F|  |TAMS 0x000000008ce00000, 0x000000008ce00000| Untracked 
| 207|0x000000008cf00000, 0x000000008cf00000, 0x000000008d000000|  0%| F|  |TAMS 0x000000008cf00000, 0x000000008cf00000| Untracked 
| 208|0x000000008d000000, 0x000000008d000000, 0x000000008d100000|  0%| F|  |TAMS 0x000000008d000000, 0x000000008d000000| Untracked 
| 209|0x000000008d100000, 0x000000008d100000, 0x000000008d200000|  0%| F|  |TAMS 0x000000008d100000, 0x000000008d100000| Untracked 
| 210|0x000000008d200000, 0x000000008d200000, 0x000000008d300000|  0%| F|  |TAMS 0x000000008d200000, 0x000000008d200000| Untracked 
| 211|0x000000008d300000, 0x000000008d300000, 0x000000008d400000|  0%| F|  |TAMS 0x000000008d300000, 0x000000008d300000| Untracked 
| 212|0x000000008d400000, 0x000000008d400000, 0x000000008d500000|  0%| F|  |TAMS 0x000000008d400000, 0x000000008d400000| Untracked 
| 213|0x000000008d500000, 0x000000008d500000, 0x000000008d600000|  0%| F|  |TAMS 0x000000008d500000, 0x000000008d500000| Untracked 
| 214|0x000000008d600000, 0x000000008d600000, 0x000000008d700000|  0%| F|  |TAMS 0x000000008d600000, 0x000000008d600000| Untracked 
| 215|0x000000008d700000, 0x000000008d700000, 0x000000008d800000|  0%| F|  |TAMS 0x000000008d700000, 0x000000008d700000| Untracked 
| 216|0x000000008d800000, 0x000000008d900000, 0x000000008d900000|100%| S|  |TAMS 0x000000008d800000, 0x000000008d800000| Complete 
| 217|0x000000008d900000, 0x000000008da00000, 0x000000008da00000|100%| S|  |TAMS 0x000000008d900000, 0x000000008d900000| Complete 
| 218|0x000000008da00000, 0x000000008db00000, 0x000000008db00000|100%| S|  |TAMS 0x000000008da00000, 0x000000008da00000| Complete 
| 219|0x000000008db00000, 0x000000008dc00000, 0x000000008dc00000|100%| E|CS|TAMS 0x000000008db00000, 0x000000008db00000| Complete 
| 220|0x000000008dc00000, 0x000000008dd00000, 0x000000008dd00000|100%| E|CS|TAMS 0x000000008dc00000, 0x000000008dc00000| Complete 
| 221|0x000000008dd00000, 0x000000008de00000, 0x000000008de00000|100%| E|CS|TAMS 0x000000008dd00000, 0x000000008dd00000| Complete 
| 222|0x000000008de00000, 0x000000008df00000, 0x000000008df00000|100%| O|  |TAMS 0x000000008de00000, 0x000000008de00000| Untracked 
| 223|0x000000008df00000, 0x000000008e000000, 0x000000008e000000|100%| O|  |TAMS 0x000000008df00000, 0x000000008df00000| Untracked 
| 224|0x000000008e000000, 0x000000008e100000, 0x000000008e100000|100%| O|  |TAMS 0x000000008e000000, 0x000000008e000000| Untracked 
| 225|0x000000008e100000, 0x000000008e200000, 0x000000008e200000|100%| O|  |TAMS 0x000000008e100000, 0x000000008e100000| Untracked 
| 226|0x000000008e200000, 0x000000008e300000, 0x000000008e300000|100%| O|  |TAMS 0x000000008e200000, 0x000000008e200000| Untracked 
| 227|0x000000008e300000, 0x000000008e400000, 0x000000008e400000|100%| O|  |TAMS 0x000000008e300000, 0x000000008e300000| Untracked 
| 228|0x000000008e400000, 0x000000008e500000, 0x000000008e500000|100%| O|  |TAMS 0x000000008e400000, 0x000000008e400000| Untracked 
| 229|0x000000008e500000, 0x000000008e600000, 0x000000008e600000|100%| O|  |TAMS 0x000000008e500000, 0x000000008e500000| Untracked 

Card table byte_map: [0x00000153508a0000,0x0000015350ca0000] _byte_map_base: 0x00000153504a0000

Marking Bits (Prev, Next): (CMBitMap*) 0x000001533d53c870, (CMBitMap*) 0x000001533d53c838
 Prev Bits: [0x00000153530a0000, 0x00000153550a0000)
 Next Bits: [0x00000153510a0000, 0x00000153530a0000)

Polling page: 0x000001533bc90000

Metaspace:

Usage:
  Non-class:     76.98 MB capacity,    75.61 MB ( 98%) used,     1.14 MB (  1%) free+waste,   228.06 KB ( <1%) overhead. 
      Class:     12.02 MB capacity,    11.31 MB ( 94%) used,   624.63 KB (  5%) free+waste,   102.81 KB ( <1%) overhead. 
       Both:     88.99 MB capacity,    86.92 MB ( 98%) used,     1.75 MB (  2%) free+waste,   330.88 KB ( <1%) overhead. 

Virtual space:
  Non-class space:       78.00 MB reserved,      77.00 MB ( 99%) committed 
      Class space:        1.00 GB reserved,      12.07 MB (  1%) committed 
             Both:        1.08 GB reserved,      89.07 MB (  8%) committed 

Chunk freelists:
   Non-Class:  25.00 KB
       Class:  16.00 KB
        Both:  41.00 KB

MaxMetaspaceSize: 17179869184.00 GB
CompressedClassSpaceSize: 1.00 GB

CodeHeap 'non-profiled nmethods': size=120064Kb used=5933Kb max_used=5946Kb free=114130Kb
 bounds [0x0000015348940000, 0x0000015348f10000, 0x000001534fe80000]
CodeHeap 'profiled nmethods': size=120000Kb used=22918Kb max_used=22926Kb free=97081Kb
 bounds [0x0000015341410000, 0x0000015342a80000, 0x0000015348940000]
CodeHeap 'non-nmethods': size=5696Kb used=2278Kb max_used=2318Kb free=3418Kb
 bounds [0x0000015340e80000, 0x00000153410f0000, 0x0000015341410000]
 total_blobs=11255 nmethods=10378 adapters=788
 compilation: enabled
              stopped_count=0, restarted_count=0
 full_count=0

Compilation events (20 events):
Event: 21.460 Thread 0x000001535802a800 10748       2       com.android.tools.r8.code.k3::<init> (13 bytes)
Event: 21.460 Thread 0x000001535802a800 nmethod 10748 0x0000015342a6f610 code [0x0000015342a6f7e0, 0x0000015342a6fa48]
Event: 21.460 Thread 0x000001535802a800 10757       2       com.android.tools.r8.code.b1::<init> (7 bytes)
Event: 21.461 Thread 0x000001535802a800 nmethod 10757 0x0000015342a6fc90 code [0x0000015342a6fe60, 0x0000015342a70028]
Event: 21.461 Thread 0x000001535802a800 10741       2       com.android.tools.r8.code.d1::<init> (7 bytes)
Event: 21.461 Thread 0x000001535802a800 nmethod 10741 0x0000015342a70190 code [0x0000015342a70360, 0x0000015342a70528]
Event: 21.461 Thread 0x000001535802a800 10738       2       com.android.tools.r8.code.B1::<init> (7 bytes)
Event: 21.461 Thread 0x000001535802a800 nmethod 10738 0x0000015342a70690 code [0x0000015342a70840, 0x0000015342a70998]
Event: 21.461 Thread 0x000001535802a800 10734       2       com.android.tools.r8.code.I0::<init> (20 bytes)
Event: 21.462 Thread 0x000001535802a800 nmethod 10734 0x0000015342a70a90 code [0x0000015342a70c60, 0x0000015342a70e28]
Event: 21.462 Thread 0x000001535802a800 10728       2       com.android.tools.r8.code.U3::<init> (7 bytes)
Event: 21.462 Thread 0x000001535802a800 nmethod 10728 0x0000015342a70f90 code [0x0000015342a71140, 0x0000015342a71298]
Event: 21.470 Thread 0x000001535802a800 10759       2       com.android.tools.r8.graph.t0$d::l (2 bytes)
Event: 21.470 Thread 0x000001535802a800 nmethod 10759 0x0000015342a71390 code [0x0000015342a71540, 0x0000015342a71638]
Event: 21.473 Thread 0x000001535802a800 10760       2       com.android.tools.r8.dex.n::a (71 bytes)
Event: 21.475 Thread 0x000001535802a800 nmethod 10760 0x0000015342a71710 code [0x0000015342a719c0, 0x0000015342a722d8]
Event: 21.481 Thread 0x000001535802a800 10762       2       com.android.tools.r8.code.e::<init> (7 bytes)
Event: 21.481 Thread 0x000001535802a800 nmethod 10762 0x0000015342a72910 code [0x0000015342a72ac0, 0x0000015342a72c18]
Event: 21.482 Thread 0x000001535802a800 10763       2       com.android.tools.r8.s.a.a.a.A::b (4 bytes)
Event: 21.482 Thread 0x000001535802a800 nmethod 10763 0x00000153414fb490 code [0x00000153414fb640, 0x00000153414fb718]

GC Heap History (20 events):
Event: 5.778 GC heap before
{Heap before GC invocations=7 (full 0):
 garbage-first heap   total 157696K, used 59358K [0x0000000080000000, 0x0000000100000000)
  region size 1024K, 47 young (48128K), 6 survivors (6144K)
 Metaspace       used 35096K, capacity 35737K, committed 35840K, reserved 1081344K
  class space    used 4564K, capacity 4824K, committed 4864K, reserved 1048576K
}
Event: 5.794 GC heap after
{Heap after GC invocations=8 (full 0):
 garbage-first heap   total 157696K, used 21477K [0x0000000080000000, 0x0000000100000000)
  region size 1024K, 6 young (6144K), 6 survivors (6144K)
 Metaspace       used 35096K, capacity 35737K, committed 35840K, reserved 1081344K
  class space    used 4564K, capacity 4824K, committed 4864K, reserved 1048576K
}
Event: 6.936 GC heap before
{Heap before GC invocations=9 (full 0):
 garbage-first heap   total 157696K, used 92133K [0x0000000080000000, 0x0000000100000000)
  region size 1024K, 72 young (73728K), 6 survivors (6144K)
 Metaspace       used 41480K, capacity 42301K, committed 42624K, reserved 1085440K
  class space    used 5327K, capacity 5642K, committed 5760K, reserved 1048576K
}
Event: 6.951 GC heap after
{Heap after GC invocations=10 (full 0):
 garbage-first heap   total 157696K, used 24822K [0x0000000080000000, 0x0000000100000000)
  region size 1024K, 7 young (7168K), 7 survivors (7168K)
 Metaspace       used 41480K, capacity 42301K, committed 42624K, reserved 1085440K
  class space    used 5327K, capacity 5642K, committed 5760K, reserved 1048576K
}
Event: 8.177 GC heap before
{Heap before GC invocations=10 (full 0):
 garbage-first heap   total 157696K, used 100598K [0x0000000080000000, 0x0000000100000000)
  region size 1024K, 79 young (80896K), 7 survivors (7168K)
 Metaspace       used 44938K, capacity 46090K, committed 46336K, reserved 1089536K
  class space    used 5766K, capacity 6143K, committed 6144K, reserved 1048576K
}
Event: 8.197 GC heap after
{Heap after GC invocations=11 (full 0):
 garbage-first heap   total 189440K, used 35660K [0x0000000080000000, 0x0000000100000000)
  region size 1024K, 10 young (10240K), 10 survivors (10240K)
 Metaspace       used 44938K, capacity 46090K, committed 46336K, reserved 1089536K
  class space    used 5766K, capacity 6143K, committed 6144K, reserved 1048576K
}
Event: 9.901 GC heap before
{Heap before GC invocations=11 (full 0):
 garbage-first heap   total 189440K, used 123724K [0x0000000080000000, 0x0000000100000000)
  region size 1024K, 97 young (99328K), 10 survivors (10240K)
 Metaspace       used 57126K, capacity 58563K, committed 58752K, reserved 1099776K
  class space    used 7268K, capacity 7758K, committed 7808K, reserved 1048576K
}
Event: 9.921 GC heap after
{Heap after GC invocations=12 (full 0):
 garbage-first heap   total 189440K, used 42550K [0x0000000080000000, 0x0000000100000000)
  region size 1024K, 6 young (6144K), 6 survivors (6144K)
 Metaspace       used 57126K, capacity 58563K, committed 58752K, reserved 1099776K
  class space    used 7268K, capacity 7758K, committed 7808K, reserved 1048576K
}
Event: 10.261 GC heap before
{Heap before GC invocations=12 (full 0):
 garbage-first heap   total 189440K, used 58934K [0x0000000080000000, 0x0000000100000000)
  region size 1024K, 22 young (22528K), 6 survivors (6144K)
 Metaspace       used 58731K, capacity 60140K, committed 60160K, reserved 1101824K
  class space    used 7425K, capacity 7934K, committed 7936K, reserved 1048576K
}
Event: 10.277 GC heap after
{Heap after GC invocations=13 (full 0):
 garbage-first heap   total 189440K, used 43723K [0x0000000080000000, 0x0000000100000000)
  region size 1024K, 7 young (7168K), 7 survivors (7168K)
 Metaspace       used 58731K, capacity 60140K, committed 60160K, reserved 1101824K
  class space    used 7425K, capacity 7934K, committed 7936K, reserved 1048576K
}
Event: 11.957 GC heap before
{Heap before GC invocations=14 (full 0):
 garbage-first heap   total 189440K, used 136907K [0x0000000080000000, 0x0000000100000000)
  region size 1024K, 98 young (100352K), 7 survivors (7168K)
 Metaspace       used 66560K, capacity 68181K, committed 68428K, reserved 1107968K
  class space    used 8708K, capacity 9273K, committed 9292K, reserved 1048576K
}
Event: 11.978 GC heap after
{Heap after GC invocations=15 (full 0):
 garbage-first heap   total 189440K, used 49335K [0x0000000080000000, 0x0000000100000000)
  region size 1024K, 12 young (12288K), 12 survivors (12288K)
 Metaspace       used 66560K, capacity 68181K, committed 68428K, reserved 1107968K
  class space    used 8708K, capacity 9273K, committed 9292K, reserved 1048576K
}
Event: 14.199 GC heap before
{Heap before GC invocations=15 (full 0):
 garbage-first heap   total 189440K, used 141495K [0x0000000080000000, 0x0000000100000000)
  region size 1024K, 103 young (105472K), 12 survivors (12288K)
 Metaspace       used 74967K, capacity 76757K, committed 77004K, reserved 1116160K
  class space    used 9788K, capacity 10434K, committed 10444K, reserved 1048576K
}
Event: 14.231 GC heap after
{Heap after GC invocations=16 (full 0):
 garbage-first heap   total 227328K, used 55205K [0x0000000080000000, 0x0000000100000000)
  region size 1024K, 13 young (13312K), 13 survivors (13312K)
 Metaspace       used 74967K, capacity 76757K, committed 77004K, reserved 1116160K
  class space    used 9788K, capacity 10434K, committed 10444K, reserved 1048576K
}
Event: 17.295 GC heap before
{Heap before GC invocations=16 (full 0):
 garbage-first heap   total 227328K, used 173989K [0x0000000080000000, 0x0000000100000000)
  region size 1024K, 113 young (115712K), 13 survivors (13312K)
 Metaspace       used 79397K, capacity 81360K, committed 81612K, reserved 1120256K
  class space    used 10267K, capacity 10934K, committed 10956K, reserved 1048576K
}
Event: 17.331 GC heap after
{Heap after GC invocations=17 (full 0):
 garbage-first heap   total 227328K, used 59364K [0x0000000080000000, 0x0000000100000000)
  region size 1024K, 10 young (10240K), 10 survivors (10240K)
 Metaspace       used 79397K, capacity 81360K, committed 81612K, reserved 1120256K
  class space    used 10267K, capacity 10934K, committed 10956K, reserved 1048576K
}
Event: 19.521 GC heap before
{Heap before GC invocations=17 (full 0):
 garbage-first heap   total 227328K, used 185316K [0x0000000080000000, 0x0000000100000000)
  region size 1024K, 130 young (133120K), 10 survivors (10240K)
 Metaspace       used 84021K, capacity 86016K, committed 86220K, reserved 1124352K
  class space    used 10794K, capacity 11464K, committed 11468K, reserved 1048576K
}
Event: 19.550 GC heap after
{Heap after GC invocations=18 (full 0):
 garbage-first heap   total 227328K, used 73019K [0x0000000080000000, 0x0000000100000000)
  region size 1024K, 14 young (14336K), 14 survivors (14336K)
 Metaspace       used 84021K, capacity 86016K, committed 86220K, reserved 1124352K
  class space    used 10794K, capacity 11464K, committed 11468K, reserved 1048576K
}
Event: 21.504 GC heap before
{Heap before GC invocations=18 (full 0):
 garbage-first heap   total 227328K, used 188731K [0x0000000080000000, 0x0000000100000000)
  region size 1024K, 118 young (120832K), 14 survivors (14336K)
 Metaspace       used 88997K, capacity 91125K, committed 91212K, reserved 1128448K
  class space    used 11576K, capacity 12304K, committed 12364K, reserved 1048576K
}
Event: 21.605 GC heap after
{Heap after GC invocations=19 (full 0):
 garbage-first heap   total 235520K, used 108544K [0x0000000080000000, 0x0000000100000000)
  region size 1024K, 15 young (15360K), 15 survivors (15360K)
 Metaspace       used 88997K, capacity 91125K, committed 91212K, reserved 1128448K
  class space    used 11576K, capacity 12304K, committed 12364K, reserved 1048576K
}

Deoptimization events (20 events):
Event: 20.712 Thread 0x000001535d5dc000 DEOPT PACKING pc=0x0000015342957d8e sp=0x00000021e7cfec90
Event: 20.712 Thread 0x000001535d5dc000 DEOPT UNPACKING pc=0x0000015340ea72ce sp=0x00000021e7cfe108 mode 0
Event: 20.966 Thread 0x000001535d5df000 Uncommon trap: trap_request=0xffffff4d fr.pc=0x0000015348ecba24 relative=0x0000000000000084
Event: 20.966 Thread 0x000001535d5df000 Uncommon trap: reason=unstable_if action=reinterpret pc=0x0000015348ecba24 method=com.android.tools.r8.utils.a0.d(I)Z @ 45 c2
Event: 20.966 Thread 0x000001535d5df000 DEOPT PACKING pc=0x0000015348ecba24 sp=0x00000021e7afe5c0
Event: 20.966 Thread 0x000001535d5df000 DEOPT UNPACKING pc=0x0000015340ea74af sp=0x00000021e7afe550 mode 2
Event: 20.979 Thread 0x000001535d5d9800 Uncommon trap: trap_request=0xffffff4d fr.pc=0x0000015348df96dc relative=0x0000000000001f9c
Event: 20.985 Thread 0x000001535d5d9800 Uncommon trap: reason=unstable_if action=reinterpret pc=0x0000015348df96dc method=java.io.BufferedReader.readLine(Z)Ljava/lang/String; @ 265 c2
Event: 20.986 Thread 0x000001535d5d9800 DEOPT PACKING pc=0x0000015348df96dc sp=0x00000021e77feef0
Event: 20.986 Thread 0x000001535d5d9800 DEOPT UNPACKING pc=0x0000015340ea74af sp=0x00000021e77feec8 mode 2
Event: 21.344 Thread 0x000001535d5e0000 Uncommon trap: trap_request=0xffffff4d fr.pc=0x0000015348f09208 relative=0x0000000000007b68
Event: 21.344 Thread 0x000001535d5e0000 Uncommon trap: reason=unstable_if action=reinterpret pc=0x0000015348f09208 method=com.android.tools.r8.code.x1.a(Ljava/nio/ShortBuffer;IILcom/android/tools/r8/graph/D1;)[Lcom/android/tools/r8/code/w1; @ 541 c2
Event: 21.344 Thread 0x000001535d5e0000 DEOPT PACKING pc=0x0000015348f09208 sp=0x00000021e7dfe730
Event: 21.344 Thread 0x000001535d5e0000 DEOPT UNPACKING pc=0x0000015340ea74af sp=0x00000021e7dfe718 mode 2
Event: 21.478 Thread 0x000001535d5de800 DEOPT PACKING pc=0x0000015342a633cc sp=0x00000021e7bfe090
Event: 21.478 Thread 0x000001535d5de800 DEOPT UNPACKING pc=0x0000015340ea72ce sp=0x00000021e7bfdcd0 mode 0
Event: 21.490 Thread 0x000001535d5dc000 DEOPT PACKING pc=0x0000015342a633cc sp=0x00000021e7cfe3f0
Event: 21.490 Thread 0x000001535d5dc000 DEOPT UNPACKING pc=0x0000015340ea72ce sp=0x00000021e7cfe030 mode 0
Event: 21.629 Thread 0x000001535d5e0000 DEOPT PACKING pc=0x0000015342a633cc sp=0x00000021e7dfdff0
Event: 21.629 Thread 0x000001535d5e0000 DEOPT UNPACKING pc=0x0000015340ea72ce sp=0x00000021e7dfdc30 mode 0

Classes redefined (0 events):
No events

Internal exceptions (20 events):
Event: 17.811 Thread 0x000001535acfb000 Exception <a 'sun/nio/fs/WindowsException'{0x000000008cd360e8}> (0x000000008cd360e8) thrown at [./src/hotspot/share/prims/jni.cpp, line 615]
Event: 17.811 Thread 0x000001535acfb000 Exception <a 'sun/nio/fs/WindowsException'{0x000000008cd36cd8}> (0x000000008cd36cd8) thrown at [./src/hotspot/share/prims/jni.cpp, line 615]
Event: 17.828 Thread 0x000001535acfb000 Exception <a 'java/lang/NoSuchMethodError'{0x000000008cb05210}: <clinit>> (0x000000008cb05210) thrown at [./src/hotspot/share/prims/jni.cpp, line 1362]
Event: 17.834 Thread 0x000001535acfb000 Exception <a 'java/lang/NoSuchMethodError'{0x000000008cb34630}: <clinit>> (0x000000008cb34630) thrown at [./src/hotspot/share/prims/jni.cpp, line 1362]
Event: 18.001 Thread 0x000001535cd13800 Implicit null exception at 0x0000015348e1ad4e to 0x0000015348e1b528
Event: 19.411 Thread 0x000001535d5d4800 Exception <a 'java/lang/NoSuchMethodError'{0x00000000862d54f0}: 'void java.lang.invoke.DirectMethodHandle$Holder.invokeStatic(java.lang.Object, long)'> (0x00000000862d54f0) thrown at [./src/hotspot/share/interpreter/linkResolver.cpp, line 773]
Event: 19.412 Thread 0x000001535d5d4800 Exception <a 'java/lang/NoSuchMethodError'{0x00000000862da708}: 'java.lang.Object java.lang.invoke.DirectMethodHandle$Holder.invokeStatic(java.lang.Object, long)'> (0x00000000862da708) thrown at [./src/hotspot/share/interpreter/linkResolver.cpp, line 773]
Event: 19.417 Thread 0x000001535d5d4800 Exception <a 'java/lang/NoSuchMethodError'{0x0000000086131a08}: 'java.lang.Object java.lang.invoke.DirectMethodHandle$Holder.invokeStaticInit(java.lang.Object, java.lang.Object, long, java.lang.Object)'> (0x0000000086131a08) thrown at [./src/hotspot/share/interpreter/linkResolver.cpp, line 773]
Event: 19.418 Thread 0x000001535d5d4800 Exception <a 'java/lang/NoSuchMethodError'{0x0000000086137ba0}: 'java.lang.Object java.lang.invoke.DirectMethodHandle$Holder.invokeStatic(java.lang.Object, java.lang.Object, long)'> (0x0000000086137ba0) thrown at [./src/hotspot/share/interpreter/linkResolver.cpp, line 773]
Event: 19.460 Thread 0x000001535d5d4800 Exception <a 'java/lang/NoSuchMethodError'{0x000000008613e360}: 'java.lang.Object java.lang.invoke.Invokers$Holder.linkToTargetMethod(java.lang.Object, long, java.lang.Object)'> (0x000000008613e360) thrown at [./src/hotspot/share/interpreter/linkResolver.cpp, line 773]
Event: 19.504 Thread 0x000001535d5d6000 Exception <a 'java/lang/NoSuchMethodError'{0x0000000085f5ba88}: 'java.lang.Object java.lang.invoke.DirectMethodHandle$Holder.invokeVirtual(java.lang.Object, java.lang.Object, int)'> (0x0000000085f5ba88) thrown at [./src/hotspot/share/interpreter/linkResolver.cpp, line 773]
Event: 19.512 Thread 0x000001535d5d6000 Exception <a 'java/lang/NoSuchMethodError'{0x0000000085deddc8}: 'void java.lang.invoke.DirectMethodHandle$Holder.invokeStatic(java.lang.Object, java.lang.Object, java.lang.Object, int)'> (0x0000000085deddc8) thrown at [./src/hotspot/share/interpreter/linkResolver.cpp, line 773]
Event: 19.656 Thread 0x000001535d5d8800 Exception <a 'sun/nio/fs/WindowsException'{0x000000008d8474a0}> (0x000000008d8474a0) thrown at [./src/hotspot/share/prims/jni.cpp, line 615]
Event: 19.900 Thread 0x000001535d5d8800 Exception <a 'java/lang/NoSuchMethodError'{0x000000008c9718c0}: 'int java.lang.invoke.DirectMethodHandle$Holder.invokeVirtual(java.lang.Object, java.lang.Object, java.lang.Object)'> (0x000000008c9718c0) thrown at [./src/hotspot/share/interpreter/linkResolver.cpp, line 773]
Event: 19.971 Thread 0x000001535acfa000 Exception <a 'java/lang/NoSuchMethodError'{0x000000008c3bb5a0}: 'int java.lang.invoke.DirectMethodHandle$Holder.invokeSpecial(java.lang.Object, java.lang.Object, java.lang.Object, java.lang.Object, java.lang.Object)'> (0x000000008c3bb5a0) thrown at [./src/hotspot/share/interpreter/linkResolver.cpp, line 773]
Event: 20.016 Thread 0x000001535d5d8800 Exception <a 'java/lang/NoSuchMethodError'{0x000000008c110138}: 'int java.lang.invoke.DirectMethodHandle$Holder.invokeVirtual(java.lang.Object, java.lang.Object)'> (0x000000008c110138) thrown at [./src/hotspot/share/interpreter/linkResolver.cpp, line 773]
Event: 20.016 Thread 0x000001535d5d8800 Exception <a 'java/lang/NoSuchMethodError'{0x000000008c115868}: 'java.lang.Object java.lang.invoke.DirectMethodHandle$Holder.invokeStatic(java.lang.Object, java.lang.Object, java.lang.Object, java.lang.Object, java.lang.Object, java.lang.Object, java.lang.Object, java.lang.Object, java.lang.Object, java.lang.Object, java.lang.Object, java.lang.Object, java.lang.Object, java.lang.Object, java.lang.Object, java.lang.Object, java.lang.Object, int, java.lang.Object)'> (0x000000008c115868) thrown at [./src/hots
Event: 20.017 Thread 0x000001535d5d8800 Exception <a 'java/lang/NoSuchMethodError'{0x000000008c11b108}: 'java.lang.Object java.lang.invoke.DirectMethodHandle$Holder.invokeStaticInit(java.lang.Object, java.lang.Object, java.lang.Object, java.lang.Object, java.lang.Object, java.lang.Object, java.lang.Object, java.lang.Object, java.lang.Object, java.lang.Object, java.lang.Object, java.lang.Object, java.lang.Object, java.lang.Object, java.lang.Object, java.lang.Object, java.lang.Object, int, java.lang.Object)'> (0x000000008c11b108) thrown at [./src/
Event: 20.129 Thread 0x000001535d5d4800 Exception <a 'java/lang/NoSuchMethodError'{0x000000008b723180}: 'int java.lang.invoke.DirectMethodHandle$Holder.invokeSpecialIFC(java.lang.Object, java.lang.Object, java.lang.Object)'> (0x000000008b723180) thrown at [./src/hotspot/share/interpreter/linkResolver.cpp, line 773]
Event: 20.549 Thread 0x000001535d5de800 Exception <a 'java/lang/NoSuchMethodError'{0x0000000089d90388}: 'java.lang.Object java.lang.invoke.DirectMethodHandle$Holder.newInvokeSpecial(java.lang.Object, int)'> (0x0000000089d90388) thrown at [./src/hotspot/share/interpreter/linkResolver.cpp, line 773]

Events (20 events):
Event: 21.631 Executing VM operation: RevokeBias done
Event: 21.631 Executing VM operation: RevokeBias
Event: 21.631 Executing VM operation: RevokeBias done
Event: 21.631 Executing VM operation: RevokeBias
Event: 21.632 Executing VM operation: RevokeBias done
Event: 21.632 Executing VM operation: RevokeBias
Event: 21.632 Executing VM operation: RevokeBias done
Event: 21.632 Executing VM operation: RevokeBias
Event: 21.632 Executing VM operation: RevokeBias done
Event: 21.632 Executing VM operation: RevokeBias
Event: 21.632 Executing VM operation: RevokeBias done
Event: 21.632 Executing VM operation: RevokeBias
Event: 21.633 Executing VM operation: RevokeBias done
Event: 21.633 Executing VM operation: RevokeBias
Event: 21.633 Executing VM operation: RevokeBias done
Event: 21.633 Executing VM operation: RevokeBias
Event: 21.633 Executing VM operation: RevokeBias done
Event: 21.633 Executing VM operation: RevokeBias
Event: 21.634 Executing VM operation: RevokeBias done
Event: 21.634 Executing VM operation: RevokeBias


Dynamic libraries:
0x00007ff605020000 - 0x00007ff60502a000 	C:\Program Files\Android\Android Studio\jre\bin\java.exe
0x00007fff7f670000 - 0x00007fff7f865000 	C:\Windows\SYSTEM32\ntdll.dll
0x00007fff7ec90000 - 0x00007fff7ed4d000 	C:\Windows\System32\KERNEL32.DLL
0x00007fff7d090000 - 0x00007fff7d358000 	C:\Windows\System32\KERNELBASE.dll
0x00007fff7cf40000 - 0x00007fff7d040000 	C:\Windows\System32\ucrtbase.dll
0x00007fff69fa0000 - 0x00007fff69fb7000 	C:\Program Files\Android\Android Studio\jre\bin\VCRUNTIME140.dll
0x00007fff69640000 - 0x00007fff69659000 	C:\Program Files\Android\Android Studio\jre\bin\jli.dll
0x00007fff7ef10000 - 0x00007fff7f0b0000 	C:\Windows\System32\USER32.dll
0x00007fff7d4c0000 - 0x00007fff7d4e2000 	C:\Windows\System32\win32u.dll
0x00007fff7d750000 - 0x00007fff7d77a000 	C:\Windows\System32\GDI32.dll
0x00007fff6a9b0000 - 0x00007fff6ac4a000 	C:\Windows\WinSxS\amd64_microsoft.windows.common-controls_6595b64144ccf1df_6.0.19041.844_none_ca00b6081b84eb1d\COMCTL32.dll
0x00007fff7d520000 - 0x00007fff7d62b000 	C:\Windows\System32\gdi32full.dll
0x00007fff7f590000 - 0x00007fff7f62e000 	C:\Windows\System32\msvcrt.dll
0x00007fff7d630000 - 0x00007fff7d6cd000 	C:\Windows\System32\msvcp_win.dll
0x00007fff7f500000 - 0x00007fff7f530000 	C:\Windows\System32\IMM32.DLL
0x00007fff3b640000 - 0x00007fff3b6dd000 	C:\Program Files\Android\Android Studio\jre\bin\msvcp140.dll
0x00007fff39000000 - 0x00007fff39abc000 	C:\Program Files\Android\Android Studio\jre\bin\server\jvm.dll
0x00007fff7d830000 - 0x00007fff7d8dc000 	C:\Windows\System32\ADVAPI32.dll
0x00007fff7d790000 - 0x00007fff7d82b000 	C:\Windows\System32\sechost.dll
0x00007fff7f110000 - 0x00007fff7f23b000 	C:\Windows\System32\RPCRT4.dll
0x00007fff7ef00000 - 0x00007fff7ef08000 	C:\Windows\System32\PSAPI.DLL
0x00007fff79f30000 - 0x00007fff79f39000 	C:\Windows\SYSTEM32\WSOCK32.dll
0x00007fff7ee90000 - 0x00007fff7eefb000 	C:\Windows\System32\WS2_32.dll
0x00007fff58ed0000 - 0x00007fff58ef7000 	C:\Windows\SYSTEM32\WINMM.dll
0x00007fff6dc40000 - 0x00007fff6dc4a000 	C:\Windows\SYSTEM32\VERSION.dll
0x00007fff7b660000 - 0x00007fff7b672000 	C:\Windows\SYSTEM32\kernel.appcore.dll
0x00007fff77ee0000 - 0x00007fff77ef1000 	C:\Program Files\Android\Android Studio\jre\bin\verify.dll
0x00007fff78290000 - 0x00007fff78474000 	C:\Windows\SYSTEM32\DBGHELP.DLL
0x00007fff5da30000 - 0x00007fff5da5c000 	C:\Windows\SYSTEM32\dbgcore.DLL
0x00007fff7ce10000 - 0x00007fff7ce90000 	C:\Windows\System32\bcryptPrimitives.dll
0x00007fff764c0000 - 0x00007fff764e9000 	C:\Program Files\Android\Android Studio\jre\bin\java.dll
0x00007fff784d0000 - 0x00007fff784db000 	C:\Program Files\Android\Android Studio\jre\bin\jimage.dll
0x00007fff6e160000 - 0x00007fff6e178000 	C:\Program Files\Android\Android Studio\jre\bin\zip.dll
0x00007fff7e040000 - 0x00007fff7e782000 	C:\Windows\System32\SHELL32.dll
0x00007fff7a930000 - 0x00007fff7b0c0000 	C:\Windows\SYSTEM32\windows.storage.dll
0x00007fff7dbc0000 - 0x00007fff7df15000 	C:\Windows\System32\combase.dll
0x00007fff7c7b0000 - 0x00007fff7c7dc000 	C:\Windows\SYSTEM32\Wldp.dll
0x00007fff7ede0000 - 0x00007fff7ee8e000 	C:\Windows\System32\SHCORE.dll
0x00007fff7f310000 - 0x00007fff7f365000 	C:\Windows\System32\shlwapi.dll
0x00007fff7ccf0000 - 0x00007fff7cd0f000 	C:\Windows\SYSTEM32\profapi.dll
0x00007fff6e140000 - 0x00007fff6e15a000 	C:\Program Files\Android\Android Studio\jre\bin\net.dll
0x00007fff6af40000 - 0x00007fff6b04b000 	C:\Windows\SYSTEM32\WINHTTP.dll
0x00007fff7c520000 - 0x00007fff7c58a000 	C:\Windows\system32\mswsock.dll
0x00007fff6e120000 - 0x00007fff6e134000 	C:\Program Files\Android\Android Studio\jre\bin\nio.dll
0x00007fff76910000 - 0x00007fff76937000 	C:\Users\Admin\.gradle\native\fdc75f09e3144964f2cf3f50f0aa648679c211496f362492102eb8c894070792\windows-amd64\native-platform.dll
0x00007fff3b6e0000 - 0x00007fff3b876000 	C:\Users\Admin\.gradle\native\12488b8bf47d2d4c9fbf2f6322a914ad602e24e48041cd04a747c6da556b65c4\windows-amd64\native-platform-file-events.dll
0x00007fff77d80000 - 0x00007fff77d8a000 	C:\Program Files\Android\Android Studio\jre\bin\management.dll
0x00007fff769a0000 - 0x00007fff769ac000 	C:\Program Files\Android\Android Studio\jre\bin\management_ext.dll
0x00007fff7c700000 - 0x00007fff7c718000 	C:\Windows\SYSTEM32\CRYPTSP.dll
0x00007fff7be60000 - 0x00007fff7be94000 	C:\Windows\system32\rsaenh.dll
0x00007fff7d4f0000 - 0x00007fff7d517000 	C:\Windows\System32\bcrypt.dll
0x00007fff7ccb0000 - 0x00007fff7ccde000 	C:\Windows\SYSTEM32\USERENV.dll
0x00007fff7c6f0000 - 0x00007fff7c6fc000 	C:\Windows\SYSTEM32\CRYPTBASE.dll
0x00007fff7c210000 - 0x00007fff7c24b000 	C:\Windows\SYSTEM32\IPHLPAPI.DLL
0x00007fff7d780000 - 0x00007fff7d788000 	C:\Windows\System32\NSI.dll
0x00007fff713d0000 - 0x00007fff713e7000 	C:\Windows\SYSTEM32\dhcpcsvc6.DLL
0x00007fff713b0000 - 0x00007fff713cd000 	C:\Windows\SYSTEM32\dhcpcsvc.DLL
0x00007fff7c250000 - 0x00007fff7c31c000 	C:\Windows\SYSTEM32\DNSAPI.dll
0x00007fff732d0000 - 0x00007fff732db000 	C:\Windows\SYSTEM32\WINNSI.DLL

dbghelp: loaded successfully - version: 4.0.5 - missing functions: none
symbol engine: initialized successfully - sym options: 0x614 - pdb path: .;C:\Program Files\Android\Android Studio\jre\bin;C:\Windows\SYSTEM32;C:\Windows\WinSxS\amd64_microsoft.windows.common-controls_6595b64144ccf1df_6.0.19041.844_none_ca00b6081b84eb1d;C:\Program Files\Android\Android Studio\jre\bin\server;C:\Users\Admin\.gradle\native\fdc75f09e3144964f2cf3f50f0aa648679c211496f362492102eb8c894070792\windows-amd64;C:\Users\Admin\.gradle\native\12488b8bf47d2d4c9fbf2f6322a914ad602e24e48041cd04a747c6da556b65c4\windows-amd64

VM Arguments:
jvm_args: --add-opens=java.base/java.util=ALL-UNNAMED --add-opens=java.base/java.lang=ALL-UNNAMED --add-opens=java.base/java.lang.invoke=ALL-UNNAMED --add-opens=java.prefs/java.util.prefs=ALL-UNNAMED -Xmx2048m -Dfile.encoding=UTF-8 -Duser.country=IN -Duser.language=en -Duser.variant 
java_command: org.gradle.launcher.daemon.bootstrap.GradleDaemon 6.7.1
java_class_path (initial): C:\Users\Admin\.gradle\wrapper\dists\gradle-6.7.1-bin\bwlcbys1h7rz3272sye1xwiv6\gradle-6.7.1\lib\gradle-launcher-6.7.1.jar
Launcher Type: SUN_STANDARD

[Global flags]
     intx CICompilerCount                          = 3                                         {product} {ergonomic}
     uint ConcGCThreads                            = 1                                         {product} {ergonomic}
     uint G1ConcRefinementThreads                  = 4                                         {product} {ergonomic}
   size_t G1HeapRegionSize                         = 1048576                                   {product} {ergonomic}
    uintx GCDrainStackTargetSize                   = 64                                        {product} {ergonomic}
   size_t InitialHeapSize                          = 134217728                                 {product} {ergonomic}
   size_t MarkStackSize                            = 4194304                                   {product} {ergonomic}
   size_t MaxHeapSize                              = 2147483648                                {product} {command line}
   size_t MaxNewSize                               = 1287651328                                {product} {ergonomic}
   size_t MinHeapDeltaBytes                        = 1048576                                   {product} {ergonomic}
    uintx NonNMethodCodeHeapSize                   = 5830732                                {pd product} {ergonomic}
    uintx NonProfiledCodeHeapSize                  = 122913754                              {pd product} {ergonomic}
    uintx ProfiledCodeHeapSize                     = 122913754                              {pd product} {ergonomic}
    uintx ReservedCodeCacheSize                    = 251658240                              {pd product} {ergonomic}
     bool SegmentedCodeCache                       = true                                      {product} {ergonomic}
     bool UseCompressedClassPointers               = true                                 {lp64_product} {ergonomic}
     bool UseCompressedOops                        = true                                 {lp64_product} {ergonomic}
     bool UseG1GC                                  = true                                      {product} {ergonomic}
     bool UseLargePagesIndividualAllocation        = false                                  {pd product} {ergonomic}

Logging:
Log output configuration:
 #0: stdout all=warning uptime,level,tags
 #1: stderr all=off uptime,level,tags

Environment Variables:
PATH=C:\Program Files\Common Files\Oracle\Java\javapath;C:\Windows\system32;C:\Windows;C:\Windows\System32\Wbem;C:\Windows\System32\WindowsPowerShell\v1.0\;C:\Windows\System32\OpenSSH\;C:\Program Files (x86)\Google\Google Apps Migration\;C:\Program Files (x86)\Google\Google Apps Sync\;C:\MinGW\bin;C:\Program Files\Java\jdk-11.0.9\bin;C:\Program Files (x86)\GtkSharp\2.12\bin;C:\Program Files (x86)\Intel\Intel(R) Management Engine Components\DAL;C:\Program Files\Intel\Intel(R) Management Engine Components\DAL;C:\Program Files (x86)\Windows Live\Shared;C:\Program Files\dotnet\;C:\Program Files (x86)\Common Files\Acronis\SnapAPI\;C:\Program Files\Git\cmd;C:\MinGW\bin;C:\Users\Admin\AppData\Local\Programs\Microsoft VS Code\bin;C:\Users\Admin\.dotnet\tools
USERNAME=Admin
OS=Windows_NT
PROCESSOR_IDENTIFIER=Intel64 Family 6 Model 78 Stepping 3, GenuineIntel



---------------  S Y S T E M  ---------------

OS: Windows 10 , 64 bit Build 19041 (10.0.19041.928)
OS uptime: 0 days 10:34 hours

CPU:total 4 (initial active 4) (2 cores per cpu, 2 threads per core) family 6 model 78 stepping 3, cmov, cx8, fxsr, mmx, sse, sse2, sse3, ssse3, sse4.1, sse4.2, popcnt, avx, avx2, aes, clmul, erms, rtm, 3dnowpref, lzcnt, ht, tsc, tscinvbit, bmi1, bmi2, adx, fma

Memory: 4k page, system-wide physical 8071M (771M free)
TotalPageFile size 8071M (AvailPageFile size 14M)
current process WorkingSet (physical memory assigned to process): 490M, peak: 499M
current process commit charge ("private bytes"): 523M, peak: 534M

vm_info: OpenJDK 64-Bit Server VM (11.0.8+10-b944.6842174) for windows-amd64 JRE (11.0.8+10-b944.6842174), built on Sep 19 2020 01:11:42 by "builder" with MS VC++ 14.0 (VS2015)

END.
